[ 2018-05-18T12:13:03+08:00 ] ::1 /api/user/myorder/reviewOrder/uid/696443691?page=1&token=1ec949a15fb709370f
INFO: [ app_init ] --START--
INFO: Run Behavior\BuildLiteBehavior [ RunTime:0.000077s ]
INFO: [ app_init ] --END-- [ RunTime:0.000539s ]
INFO: [ app_begin ] --START--
INFO: Run Behavior\ReadHtmlCacheBehavior [ RunTime:0.000383s ]
INFO: [ app_begin ] --END-- [ RunTime:0.000402s ]
NOTIC: [8] A session had already been started - ignoring session_start() /Library/WebServer/Documents/vueshopserver/ThinkPHP/Common/functions.php 第 1264 行.
SQL: SHOW COLUMNS FROM `app_token` [ RunTime:0.0142s ]
SQL: SELECT `token` FROM `app_token` LIMIT 1   [ RunTime:0.0096s ]
SQL: SHOW COLUMNS FROM `app_order` [ RunTime:0.0112s ]
NOTIC: [8192] Non-static method Think\MyModel::parseSql() should not be called statically /Library/WebServer/Documents/vueshopserver/Application/User/Model/OrderModel.class.php 第 141 行.
NOTIC: [8192] Non-static method Think\MyModel::getTableName() should not be called statically /Library/WebServer/Documents/vueshopserver/ThinkPHP/Library/Think/MyModel.class.php 第 35 行.
NOTIC: [8192] Non-static method Think\MyModel::parse_name() should not be called statically /Library/WebServer/Documents/vueshopserver/ThinkPHP/Library/Think/MyModel.class.php 第 47 行.
NOTIC: [8192] Non-static method Think\MyModel::parseSql() should not be called statically /Library/WebServer/Documents/vueshopserver/Application/User/Model/OrderModel.class.php 第 150 行.
NOTIC: [8192] Non-static method Think\MyModel::getTableName() should not be called statically /Library/WebServer/Documents/vueshopserver/ThinkPHP/Library/Think/MyModel.class.php 第 35 行.
NOTIC: [8192] Non-static method Think\MyModel::parseSql() should not be called statically /Library/WebServer/Documents/vueshopserver/Application/User/Model/OrderModel.class.php 第 154 行.
NOTIC: [8192] Non-static method Think\MyModel::getTableName() should not be called statically /Library/WebServer/Documents/vueshopserver/ThinkPHP/Library/Think/MyModel.class.php 第 35 行.
NOTIC: [8192] Non-static method Think\MyModel::parseSql() should not be called statically /Library/WebServer/Documents/vueshopserver/Application/User/Model/OrderModel.class.php 第 157 行.
NOTIC: [8192] Non-static method Think\MyModel::getTableName() should not be called statically /Library/WebServer/Documents/vueshopserver/ThinkPHP/Library/Think/MyModel.class.php 第 35 行.
NOTIC: [8] Undefined offset: 0 /Library/WebServer/Documents/vueshopserver/Common/function.php 第 10 行.
NOTIC: [8] Undefined variable: rurlpath /Library/WebServer/Documents/vueshopserver/Common/function.php 第 13 行.
NOTIC: [8] Undefined offset: 0 /Library/WebServer/Documents/vueshopserver/Common/function.php 第 10 行.
NOTIC: [8] Undefined variable: rurlpath /Library/WebServer/Documents/vueshopserver/Common/function.php 第 13 行.
NOTIC: [8] Undefined offset: 0 /Library/WebServer/Documents/vueshopserver/Common/function.php 第 10 行.
NOTIC: [8] Undefined variable: rurlpath /Library/WebServer/Documents/vueshopserver/Common/function.php 第 13 行.
NOTIC: [8] Undefined offset: 0 /Library/WebServer/Documents/vueshopserver/Common/function.php 第 10 行.
NOTIC: [8] Undefined variable: rurlpath /Library/WebServer/Documents/vueshopserver/Common/function.php 第 13 行.
NOTIC: [8] Undefined offset: 0 /Library/WebServer/Documents/vueshopserver/Common/function.php 第 10 行.
NOTIC: [8] Undefined variable: rurlpath /Library/WebServer/Documents/vueshopserver/Common/function.php 第 13 行.
NOTIC: [8] Undefined offset: 0 /Library/WebServer/Documents/vueshopserver/Common/function.php 第 10 行.
NOTIC: [8] Undefined variable: rurlpath /Library/WebServer/Documents/vueshopserver/Common/function.php 第 13 行.
NOTIC: [8] Undefined offset: 0 /Library/WebServer/Documents/vueshopserver/Common/function.php 第 10 行.
NOTIC: [8] Undefined variable: rurlpath /Library/WebServer/Documents/vueshopserver/Common/function.php 第 13 行.
NOTIC: [8] Undefined offset: 0 /Library/WebServer/Documents/vueshopserver/Common/function.php 第 10 行.
NOTIC: [8] Undefined variable: rurlpath /Library/WebServer/Documents/vueshopserver/Common/function.php 第 13 行.

[ 2018-05-18T12:13:16+08:00 ] ::1 /api/user/myorder/reviewOrder/uid/696443691?page=1&token=1ec949a15fb709370f
INFO: [ app_init ] --START--
INFO: Run Behavior\BuildLiteBehavior [ RunTime:0.000015s ]
INFO: [ app_init ] --END-- [ RunTime:0.000250s ]
INFO: [ app_begin ] --START--
INFO: Run Behavior\ReadHtmlCacheBehavior [ RunTime:0.000303s ]
INFO: [ app_begin ] --END-- [ RunTime:0.000321s ]
NOTIC: [8] A session had already been started - ignoring session_start() /Library/WebServer/Documents/vueshopserver/ThinkPHP/Common/functions.php 第 1264 行.
SQL: SHOW COLUMNS FROM `app_token` [ RunTime:0.0117s ]
SQL: SELECT `token` FROM `app_token` LIMIT 1   [ RunTime:0.0097s ]
SQL: SHOW COLUMNS FROM `app_order` [ RunTime:0.0160s ]
NOTIC: [8192] Non-static method Think\MyModel::parseSql() should not be called statically /Library/WebServer/Documents/vueshopserver/Application/User/Model/OrderModel.class.php 第 141 行.
NOTIC: [8192] Non-static method Think\MyModel::getTableName() should not be called statically /Library/WebServer/Documents/vueshopserver/ThinkPHP/Library/Think/MyModel.class.php 第 35 行.
NOTIC: [8192] Non-static method Think\MyModel::parse_name() should not be called statically /Library/WebServer/Documents/vueshopserver/ThinkPHP/Library/Think/MyModel.class.php 第 47 行.
NOTIC: [8192] Non-static method Think\MyModel::parseSql() should not be called statically /Library/WebServer/Documents/vueshopserver/Application/User/Model/OrderModel.class.php 第 150 行.
NOTIC: [8192] Non-static method Think\MyModel::getTableName() should not be called statically /Library/WebServer/Documents/vueshopserver/ThinkPHP/Library/Think/MyModel.class.php 第 35 行.
NOTIC: [8192] Non-static method Think\MyModel::parseSql() should not be called statically /Library/WebServer/Documents/vueshopserver/Application/User/Model/OrderModel.class.php 第 154 行.
NOTIC: [8192] Non-static method Think\MyModel::getTableName() should not be called statically /Library/WebServer/Documents/vueshopserver/ThinkPHP/Library/Think/MyModel.class.php 第 35 行.
NOTIC: [8192] Non-static method Think\MyModel::parseSql() should not be called statically /Library/WebServer/Documents/vueshopserver/Application/User/Model/OrderModel.class.php 第 157 行.
NOTIC: [8192] Non-static method Think\MyModel::getTableName() should not be called statically /Library/WebServer/Documents/vueshopserver/ThinkPHP/Library/Think/MyModel.class.php 第 35 行.
NOTIC: [8] Undefined offset: 0 /Library/WebServer/Documents/vueshopserver/Common/function.php 第 10 行.
NOTIC: [8] Undefined variable: rurlpath /Library/WebServer/Documents/vueshopserver/Common/function.php 第 13 行.
NOTIC: [8] Undefined offset: 0 /Library/WebServer/Documents/vueshopserver/Common/function.php 第 10 行.
NOTIC: [8] Undefined variable: rurlpath /Library/WebServer/Documents/vueshopserver/Common/function.php 第 13 行.

[ 2018-05-18T12:13:28+08:00 ] ::1 /api/user/myorder/reviewOrder/uid/696443691?page=1&token=1ec949a15fb709370f
INFO: [ app_init ] --START--
INFO: Run Behavior\BuildLiteBehavior [ RunTime:0.000012s ]
INFO: [ app_init ] --END-- [ RunTime:0.000222s ]
INFO: [ app_begin ] --START--
INFO: Run Behavior\ReadHtmlCacheBehavior [ RunTime:0.000207s ]
INFO: [ app_begin ] --END-- [ RunTime:0.000221s ]
NOTIC: [8] A session had already been started - ignoring session_start() /Library/WebServer/Documents/vueshopserver/ThinkPHP/Common/functions.php 第 1264 行.
SQL: SHOW COLUMNS FROM `app_token` [ RunTime:0.0102s ]
SQL: SELECT `token` FROM `app_token` LIMIT 1   [ RunTime:0.0096s ]
SQL: SHOW COLUMNS FROM `app_order` [ RunTime:0.0146s ]
NOTIC: [8192] Non-static method Think\MyModel::parseSql() should not be called statically /Library/WebServer/Documents/vueshopserver/Application/User/Model/OrderModel.class.php 第 141 行.
NOTIC: [8192] Non-static method Think\MyModel::getTableName() should not be called statically /Library/WebServer/Documents/vueshopserver/ThinkPHP/Library/Think/MyModel.class.php 第 35 行.
NOTIC: [8192] Non-static method Think\MyModel::parse_name() should not be called statically /Library/WebServer/Documents/vueshopserver/ThinkPHP/Library/Think/MyModel.class.php 第 47 行.
NOTIC: [8192] Non-static method Think\MyModel::parseSql() should not be called statically /Library/WebServer/Documents/vueshopserver/Application/User/Model/OrderModel.class.php 第 150 行.
NOTIC: [8192] Non-static method Think\MyModel::getTableName() should not be called statically /Library/WebServer/Documents/vueshopserver/ThinkPHP/Library/Think/MyModel.class.php 第 35 行.
NOTIC: [8192] Non-static method Think\MyModel::parseSql() should not be called statically /Library/WebServer/Documents/vueshopserver/Application/User/Model/OrderModel.class.php 第 154 行.
NOTIC: [8192] Non-static method Think\MyModel::getTableName() should not be called statically /Library/WebServer/Documents/vueshopserver/ThinkPHP/Library/Think/MyModel.class.php 第 35 行.
NOTIC: [8192] Non-static method Think\MyModel::parseSql() should not be called statically /Library/WebServer/Documents/vueshopserver/Application/User/Model/OrderModel.class.php 第 157 行.
NOTIC: [8192] Non-static method Think\MyModel::getTableName() should not be called statically /Library/WebServer/Documents/vueshopserver/ThinkPHP/Library/Think/MyModel.class.php 第 35 行.
NOTIC: [8] Undefined offset: 0 /Library/WebServer/Documents/vueshopserver/Common/function.php 第 10 行.
NOTIC: [8] Undefined variable: rurlpath /Library/WebServer/Documents/vueshopserver/Common/function.php 第 13 行.
NOTIC: [8] Undefined offset: 0 /Library/WebServer/Documents/vueshopserver/Common/function.php 第 10 行.
NOTIC: [8] Undefined variable: rurlpath /Library/WebServer/Documents/vueshopserver/Common/function.php 第 13 行.
NOTIC: [8] Undefined offset: 0 /Library/WebServer/Documents/vueshopserver/Common/function.php 第 10 行.
NOTIC: [8] Undefined variable: rurlpath /Library/WebServer/Documents/vueshopserver/Common/function.php 第 13 行.
NOTIC: [8] Undefined offset: 0 /Library/WebServer/Documents/vueshopserver/Common/function.php 第 10 行.
NOTIC: [8] Undefined variable: rurlpath /Library/WebServer/Documents/vueshopserver/Common/function.php 第 13 行.
NOTIC: [8] Undefined offset: 0 /Library/WebServer/Documents/vueshopserver/Common/function.php 第 10 行.
NOTIC: [8] Undefined variable: rurlpath /Library/WebServer/Documents/vueshopserver/Common/function.php 第 13 行.
NOTIC: [8] Undefined offset: 0 /Library/WebServer/Documents/vueshopserver/Common/function.php 第 10 行.
NOTIC: [8] Undefined variable: rurlpath /Library/WebServer/Documents/vueshopserver/Common/function.php 第 13 行.
NOTIC: [8] Undefined offset: 0 /Library/WebServer/Documents/vueshopserver/Common/function.php 第 10 行.
NOTIC: [8] Undefined variable: rurlpath /Library/WebServer/Documents/vueshopserver/Common/function.php 第 13 行.
NOTIC: [8] Undefined offset: 0 /Library/WebServer/Documents/vueshopserver/Common/function.php 第 10 行.
NOTIC: [8] Undefined variable: rurlpath /Library/WebServer/Documents/vueshopserver/Common/function.php 第 13 行.

[ 2018-05-18T12:13:44+08:00 ] ::1 /api/user/myorder/reviewOrder/uid/696443691?page=1&token=1ec949a15fb709370f
INFO: [ app_init ] --START--
INFO: Run Behavior\BuildLiteBehavior [ RunTime:0.000010s ]
INFO: [ app_init ] --END-- [ RunTime:0.000202s ]
INFO: [ app_begin ] --START--
INFO: Run Behavior\ReadHtmlCacheBehavior [ RunTime:0.000210s ]
INFO: [ app_begin ] --END-- [ RunTime:0.000224s ]
NOTIC: [8] A session had already been started - ignoring session_start() /Library/WebServer/Documents/vueshopserver/ThinkPHP/Common/functions.php 第 1264 行.
SQL: SHOW COLUMNS FROM `app_token` [ RunTime:0.0089s ]
SQL: SELECT `token` FROM `app_token` LIMIT 1   [ RunTime:0.0080s ]
SQL: SHOW COLUMNS FROM `app_order` [ RunTime:0.0089s ]
NOTIC: [8192] Non-static method Think\MyModel::parseSql() should not be called statically /Library/WebServer/Documents/vueshopserver/Application/User/Model/OrderModel.class.php 第 141 行.
NOTIC: [8192] Non-static method Think\MyModel::getTableName() should not be called statically /Library/WebServer/Documents/vueshopserver/ThinkPHP/Library/Think/MyModel.class.php 第 35 行.
NOTIC: [8192] Non-static method Think\MyModel::parse_name() should not be called statically /Library/WebServer/Documents/vueshopserver/ThinkPHP/Library/Think/MyModel.class.php 第 47 行.
NOTIC: [8192] Non-static method Think\MyModel::parseSql() should not be called statically /Library/WebServer/Documents/vueshopserver/Application/User/Model/OrderModel.class.php 第 150 行.
NOTIC: [8192] Non-static method Think\MyModel::getTableName() should not be called statically /Library/WebServer/Documents/vueshopserver/ThinkPHP/Library/Think/MyModel.class.php 第 35 行.
NOTIC: [8192] Non-static method Think\MyModel::parseSql() should not be called statically /Library/WebServer/Documents/vueshopserver/Application/User/Model/OrderModel.class.php 第 154 行.
NOTIC: [8192] Non-static method Think\MyModel::getTableName() should not be called statically /Library/WebServer/Documents/vueshopserver/ThinkPHP/Library/Think/MyModel.class.php 第 35 行.
NOTIC: [8192] Non-static method Think\MyModel::parseSql() should not be called statically /Library/WebServer/Documents/vueshopserver/Application/User/Model/OrderModel.class.php 第 157 行.
NOTIC: [8192] Non-static method Think\MyModel::getTableName() should not be called statically /Library/WebServer/Documents/vueshopserver/ThinkPHP/Library/Think/MyModel.class.php 第 35 行.
NOTIC: [8] Undefined offset: 0 /Library/WebServer/Documents/vueshopserver/Common/function.php 第 10 行.
NOTIC: [8] Undefined variable: rurlpath /Library/WebServer/Documents/vueshopserver/Common/function.php 第 13 行.
NOTIC: [8] Undefined offset: 0 /Library/WebServer/Documents/vueshopserver/Common/function.php 第 10 行.
NOTIC: [8] Undefined variable: rurlpath /Library/WebServer/Documents/vueshopserver/Common/function.php 第 13 行.
NOTIC: [8] Undefined offset: 0 /Library/WebServer/Documents/vueshopserver/Common/function.php 第 10 行.
NOTIC: [8] Undefined variable: rurlpath /Library/WebServer/Documents/vueshopserver/Common/function.php 第 13 行.
NOTIC: [8] Undefined offset: 0 /Library/WebServer/Documents/vueshopserver/Common/function.php 第 10 行.
NOTIC: [8] Undefined variable: rurlpath /Library/WebServer/Documents/vueshopserver/Common/function.php 第 13 行.
NOTIC: [8] Undefined offset: 0 /Library/WebServer/Documents/vueshopserver/Common/function.php 第 10 行.
NOTIC: [8] Undefined variable: rurlpath /Library/WebServer/Documents/vueshopserver/Common/function.php 第 13 行.
NOTIC: [8] Undefined offset: 0 /Library/WebServer/Documents/vueshopserver/Common/function.php 第 10 行.
NOTIC: [8] Undefined variable: rurlpath /Library/WebServer/Documents/vueshopserver/Common/function.php 第 13 行.
NOTIC: [8] Undefined offset: 0 /Library/WebServer/Documents/vueshopserver/Common/function.php 第 10 行.
NOTIC: [8] Undefined variable: rurlpath /Library/WebServer/Documents/vueshopserver/Common/function.php 第 13 行.
NOTIC: [8] Undefined offset: 0 /Library/WebServer/Documents/vueshopserver/Common/function.php 第 10 行.
NOTIC: [8] Undefined variable: rurlpath /Library/WebServer/Documents/vueshopserver/Common/function.php 第 13 行.

[ 2018-05-18T12:13:58+08:00 ] ::1 /api/user/myorder/reviewOrder?uid=696443691&page=1&token=1ec949a15fb709370f
INFO: [ app_init ] --START--
INFO: Run Behavior\BuildLiteBehavior [ RunTime:0.000004s ]
INFO: [ app_init ] --END-- [ RunTime:0.000136s ]
INFO: [ app_begin ] --START--
INFO: Run Behavior\ReadHtmlCacheBehavior [ RunTime:0.000186s ]
INFO: [ app_begin ] --END-- [ RunTime:0.000199s ]
NOTIC: [8] A session had already been started - ignoring session_start() /Library/WebServer/Documents/vueshopserver/ThinkPHP/Common/functions.php 第 1264 行.
SQL: SHOW COLUMNS FROM `app_token` [ RunTime:0.0096s ]
SQL: SELECT `token` FROM `app_token` LIMIT 1   [ RunTime:0.0117s ]
SQL: SHOW COLUMNS FROM `app_order` [ RunTime:0.0094s ]
NOTIC: [8192] Non-static method Think\MyModel::parseSql() should not be called statically /Library/WebServer/Documents/vueshopserver/Application/User/Model/OrderModel.class.php 第 141 行.
NOTIC: [8192] Non-static method Think\MyModel::getTableName() should not be called statically /Library/WebServer/Documents/vueshopserver/ThinkPHP/Library/Think/MyModel.class.php 第 35 行.
NOTIC: [8192] Non-static method Think\MyModel::parse_name() should not be called statically /Library/WebServer/Documents/vueshopserver/ThinkPHP/Library/Think/MyModel.class.php 第 47 行.
NOTIC: [8192] Non-static method Think\MyModel::parseSql() should not be called statically /Library/WebServer/Documents/vueshopserver/Application/User/Model/OrderModel.class.php 第 150 行.
NOTIC: [8192] Non-static method Think\MyModel::getTableName() should not be called statically /Library/WebServer/Documents/vueshopserver/ThinkPHP/Library/Think/MyModel.class.php 第 35 行.
NOTIC: [8192] Non-static method Think\MyModel::parseSql() should not be called statically /Library/WebServer/Documents/vueshopserver/Application/User/Model/OrderModel.class.php 第 154 行.
NOTIC: [8192] Non-static method Think\MyModel::getTableName() should not be called statically /Library/WebServer/Documents/vueshopserver/ThinkPHP/Library/Think/MyModel.class.php 第 35 行.
NOTIC: [8192] Non-static method Think\MyModel::parseSql() should not be called statically /Library/WebServer/Documents/vueshopserver/Application/User/Model/OrderModel.class.php 第 157 行.
NOTIC: [8192] Non-static method Think\MyModel::getTableName() should not be called statically /Library/WebServer/Documents/vueshopserver/ThinkPHP/Library/Think/MyModel.class.php 第 35 行.
NOTIC: [8] Undefined offset: 0 /Library/WebServer/Documents/vueshopserver/Common/function.php 第 10 行.
NOTIC: [8] Undefined variable: rurlpath /Library/WebServer/Documents/vueshopserver/Common/function.php 第 13 行.
NOTIC: [8] Undefined offset: 0 /Library/WebServer/Documents/vueshopserver/Common/function.php 第 10 行.
NOTIC: [8] Undefined variable: rurlpath /Library/WebServer/Documents/vueshopserver/Common/function.php 第 13 行.
NOTIC: [8] Undefined offset: 0 /Library/WebServer/Documents/vueshopserver/Common/function.php 第 10 行.
NOTIC: [8] Undefined variable: rurlpath /Library/WebServer/Documents/vueshopserver/Common/function.php 第 13 行.
NOTIC: [8] Undefined offset: 0 /Library/WebServer/Documents/vueshopserver/Common/function.php 第 10 行.
NOTIC: [8] Undefined variable: rurlpath /Library/WebServer/Documents/vueshopserver/Common/function.php 第 13 行.
NOTIC: [8] Undefined offset: 0 /Library/WebServer/Documents/vueshopserver/Common/function.php 第 10 行.
NOTIC: [8] Undefined variable: rurlpath /Library/WebServer/Documents/vueshopserver/Common/function.php 第 13 行.
NOTIC: [8] Undefined offset: 0 /Library/WebServer/Documents/vueshopserver/Common/function.php 第 10 行.
NOTIC: [8] Undefined variable: rurlpath /Library/WebServer/Documents/vueshopserver/Common/function.php 第 13 行.
NOTIC: [8] Undefined offset: 0 /Library/WebServer/Documents/vueshopserver/Common/function.php 第 10 行.
NOTIC: [8] Undefined variable: rurlpath /Library/WebServer/Documents/vueshopserver/Common/function.php 第 13 行.
NOTIC: [8] Undefined offset: 0 /Library/WebServer/Documents/vueshopserver/Common/function.php 第 10 行.
NOTIC: [8] Undefined variable: rurlpath /Library/WebServer/Documents/vueshopserver/Common/function.php 第 13 行.

[ 2018-05-18T12:14:02+08:00 ] ::1 /api/user/myorder/reviewOrder?uid=696443691&page=1&token=1ec949a15fb709370f
INFO: [ app_init ] --START--
INFO: Run Behavior\BuildLiteBehavior [ RunTime:0.000004s ]
INFO: [ app_init ] --END-- [ RunTime:0.000136s ]
INFO: [ app_begin ] --START--
INFO: Run Behavior\ReadHtmlCacheBehavior [ RunTime:0.000186s ]
INFO: [ app_begin ] --END-- [ RunTime:0.000198s ]
NOTIC: [8] A session had already been started - ignoring session_start() /Library/WebServer/Documents/vueshopserver/ThinkPHP/Common/functions.php 第 1264 行.
SQL: SHOW COLUMNS FROM `app_token` [ RunTime:0.0111s ]
SQL: SELECT `token` FROM `app_token` LIMIT 1   [ RunTime:0.0095s ]
SQL: SHOW COLUMNS FROM `app_order` [ RunTime:0.0237s ]
NOTIC: [8192] Non-static method Think\MyModel::parseSql() should not be called statically /Library/WebServer/Documents/vueshopserver/Application/User/Model/OrderModel.class.php 第 141 行.
NOTIC: [8192] Non-static method Think\MyModel::getTableName() should not be called statically /Library/WebServer/Documents/vueshopserver/ThinkPHP/Library/Think/MyModel.class.php 第 35 行.
NOTIC: [8192] Non-static method Think\MyModel::parse_name() should not be called statically /Library/WebServer/Documents/vueshopserver/ThinkPHP/Library/Think/MyModel.class.php 第 47 行.
NOTIC: [8192] Non-static method Think\MyModel::parseSql() should not be called statically /Library/WebServer/Documents/vueshopserver/Application/User/Model/OrderModel.class.php 第 150 行.
NOTIC: [8192] Non-static method Think\MyModel::getTableName() should not be called statically /Library/WebServer/Documents/vueshopserver/ThinkPHP/Library/Think/MyModel.class.php 第 35 行.
NOTIC: [8192] Non-static method Think\MyModel::parseSql() should not be called statically /Library/WebServer/Documents/vueshopserver/Application/User/Model/OrderModel.class.php 第 154 行.
NOTIC: [8192] Non-static method Think\MyModel::getTableName() should not be called statically /Library/WebServer/Documents/vueshopserver/ThinkPHP/Library/Think/MyModel.class.php 第 35 行.
NOTIC: [8192] Non-static method Think\MyModel::parseSql() should not be called statically /Library/WebServer/Documents/vueshopserver/Application/User/Model/OrderModel.class.php 第 157 行.
NOTIC: [8192] Non-static method Think\MyModel::getTableName() should not be called statically /Library/WebServer/Documents/vueshopserver/ThinkPHP/Library/Think/MyModel.class.php 第 35 行.
NOTIC: [8] Undefined offset: 0 /Library/WebServer/Documents/vueshopserver/Common/function.php 第 10 行.
NOTIC: [8] Undefined variable: rurlpath /Library/WebServer/Documents/vueshopserver/Common/function.php 第 13 行.
NOTIC: [8] Undefined offset: 0 /Library/WebServer/Documents/vueshopserver/Common/function.php 第 10 行.
NOTIC: [8] Undefined variable: rurlpath /Library/WebServer/Documents/vueshopserver/Common/function.php 第 13 行.
NOTIC: [8] Undefined offset: 0 /Library/WebServer/Documents/vueshopserver/Common/function.php 第 10 行.
NOTIC: [8] Undefined variable: rurlpath /Library/WebServer/Documents/vueshopserver/Common/function.php 第 13 行.
NOTIC: [8] Undefined offset: 0 /Library/WebServer/Documents/vueshopserver/Common/function.php 第 10 行.
NOTIC: [8] Undefined variable: rurlpath /Library/WebServer/Documents/vueshopserver/Common/function.php 第 13 行.
NOTIC: [8] Undefined offset: 0 /Library/WebServer/Documents/vueshopserver/Common/function.php 第 10 行.
NOTIC: [8] Undefined variable: rurlpath /Library/WebServer/Documents/vueshopserver/Common/function.php 第 13 行.
NOTIC: [8] Undefined offset: 0 /Library/WebServer/Documents/vueshopserver/Common/function.php 第 10 行.
NOTIC: [8] Undefined variable: rurlpath /Library/WebServer/Documents/vueshopserver/Common/function.php 第 13 行.
NOTIC: [8] Undefined offset: 0 /Library/WebServer/Documents/vueshopserver/Common/function.php 第 10 行.
NOTIC: [8] Undefined variable: rurlpath /Library/WebServer/Documents/vueshopserver/Common/function.php 第 13 行.
NOTIC: [8] Undefined offset: 0 /Library/WebServer/Documents/vueshopserver/Common/function.php 第 10 行.
NOTIC: [8] Undefined variable: rurlpath /Library/WebServer/Documents/vueshopserver/Common/function.php 第 13 行.

[ 2018-05-18T12:14:06+08:00 ] ::1 /api/user/myorder/reviewOrder?uid=696443691&page=2&token=1ec949a15fb709370f
INFO: [ app_init ] --START--
INFO: Run Behavior\BuildLiteBehavior [ RunTime:0.000005s ]
INFO: [ app_init ] --END-- [ RunTime:0.000144s ]
INFO: [ app_begin ] --START--
INFO: Run Behavior\ReadHtmlCacheBehavior [ RunTime:0.000189s ]
INFO: [ app_begin ] --END-- [ RunTime:0.000202s ]
NOTIC: [8] A session had already been started - ignoring session_start() /Library/WebServer/Documents/vueshopserver/ThinkPHP/Common/functions.php 第 1264 行.
SQL: SHOW COLUMNS FROM `app_token` [ RunTime:0.0108s ]
SQL: SELECT `token` FROM `app_token` LIMIT 1   [ RunTime:0.0100s ]
SQL: SHOW COLUMNS FROM `app_order` [ RunTime:0.0112s ]
NOTIC: [8192] Non-static method Think\MyModel::parseSql() should not be called statically /Library/WebServer/Documents/vueshopserver/Application/User/Model/OrderModel.class.php 第 141 行.
NOTIC: [8192] Non-static method Think\MyModel::getTableName() should not be called statically /Library/WebServer/Documents/vueshopserver/ThinkPHP/Library/Think/MyModel.class.php 第 35 行.
NOTIC: [8192] Non-static method Think\MyModel::parse_name() should not be called statically /Library/WebServer/Documents/vueshopserver/ThinkPHP/Library/Think/MyModel.class.php 第 47 行.
NOTIC: [8192] Non-static method Think\MyModel::parseSql() should not be called statically /Library/WebServer/Documents/vueshopserver/Application/User/Model/OrderModel.class.php 第 150 行.
NOTIC: [8192] Non-static method Think\MyModel::getTableName() should not be called statically /Library/WebServer/Documents/vueshopserver/ThinkPHP/Library/Think/MyModel.class.php 第 35 行.
NOTIC: [8192] Non-static method Think\MyModel::parseSql() should not be called statically /Library/WebServer/Documents/vueshopserver/Application/User/Model/OrderModel.class.php 第 154 行.
NOTIC: [8192] Non-static method Think\MyModel::getTableName() should not be called statically /Library/WebServer/Documents/vueshopserver/ThinkPHP/Library/Think/MyModel.class.php 第 35 行.
NOTIC: [8192] Non-static method Think\MyModel::parseSql() should not be called statically /Library/WebServer/Documents/vueshopserver/Application/User/Model/OrderModel.class.php 第 157 行.
NOTIC: [8192] Non-static method Think\MyModel::getTableName() should not be called statically /Library/WebServer/Documents/vueshopserver/ThinkPHP/Library/Think/MyModel.class.php 第 35 行.
NOTIC: [8] Undefined offset: 0 /Library/WebServer/Documents/vueshopserver/Common/function.php 第 10 行.
NOTIC: [8] Undefined variable: rurlpath /Library/WebServer/Documents/vueshopserver/Common/function.php 第 13 行.
NOTIC: [8] Undefined offset: 0 /Library/WebServer/Documents/vueshopserver/Common/function.php 第 10 行.
NOTIC: [8] Undefined variable: rurlpath /Library/WebServer/Documents/vueshopserver/Common/function.php 第 13 行.
NOTIC: [8] Undefined offset: 0 /Library/WebServer/Documents/vueshopserver/Common/function.php 第 10 行.
NOTIC: [8] Undefined variable: rurlpath /Library/WebServer/Documents/vueshopserver/Common/function.php 第 13 行.

[ 2018-05-18T12:14:10+08:00 ] ::1 /api/user/myorder/reviewOrder?uid=696443691&page=1&token=1ec949a15fb709370f
INFO: [ app_init ] --START--
INFO: Run Behavior\BuildLiteBehavior [ RunTime:0.000004s ]
INFO: [ app_init ] --END-- [ RunTime:0.000135s ]
INFO: [ app_begin ] --START--
INFO: Run Behavior\ReadHtmlCacheBehavior [ RunTime:0.000187s ]
INFO: [ app_begin ] --END-- [ RunTime:0.000199s ]
NOTIC: [8] A session had already been started - ignoring session_start() /Library/WebServer/Documents/vueshopserver/ThinkPHP/Common/functions.php 第 1264 行.
SQL: SHOW COLUMNS FROM `app_token` [ RunTime:0.0094s ]
SQL: SELECT `token` FROM `app_token` LIMIT 1   [ RunTime:0.0083s ]
SQL: SHOW COLUMNS FROM `app_order` [ RunTime:0.0114s ]
NOTIC: [8192] Non-static method Think\MyModel::parseSql() should not be called statically /Library/WebServer/Documents/vueshopserver/Application/User/Model/OrderModel.class.php 第 141 行.
NOTIC: [8192] Non-static method Think\MyModel::getTableName() should not be called statically /Library/WebServer/Documents/vueshopserver/ThinkPHP/Library/Think/MyModel.class.php 第 35 行.
NOTIC: [8192] Non-static method Think\MyModel::parse_name() should not be called statically /Library/WebServer/Documents/vueshopserver/ThinkPHP/Library/Think/MyModel.class.php 第 47 行.
NOTIC: [8192] Non-static method Think\MyModel::parseSql() should not be called statically /Library/WebServer/Documents/vueshopserver/Application/User/Model/OrderModel.class.php 第 150 行.
NOTIC: [8192] Non-static method Think\MyModel::getTableName() should not be called statically /Library/WebServer/Documents/vueshopserver/ThinkPHP/Library/Think/MyModel.class.php 第 35 行.
NOTIC: [8192] Non-static method Think\MyModel::parseSql() should not be called statically /Library/WebServer/Documents/vueshopserver/Application/User/Model/OrderModel.class.php 第 154 行.
NOTIC: [8192] Non-static method Think\MyModel::getTableName() should not be called statically /Library/WebServer/Documents/vueshopserver/ThinkPHP/Library/Think/MyModel.class.php 第 35 行.
NOTIC: [8192] Non-static method Think\MyModel::parseSql() should not be called statically /Library/WebServer/Documents/vueshopserver/Application/User/Model/OrderModel.class.php 第 157 行.
NOTIC: [8192] Non-static method Think\MyModel::getTableName() should not be called statically /Library/WebServer/Documents/vueshopserver/ThinkPHP/Library/Think/MyModel.class.php 第 35 行.
NOTIC: [8] Undefined offset: 0 /Library/WebServer/Documents/vueshopserver/Common/function.php 第 10 行.
NOTIC: [8] Undefined variable: rurlpath /Library/WebServer/Documents/vueshopserver/Common/function.php 第 13 行.
NOTIC: [8] Undefined offset: 0 /Library/WebServer/Documents/vueshopserver/Common/function.php 第 10 行.
NOTIC: [8] Undefined variable: rurlpath /Library/WebServer/Documents/vueshopserver/Common/function.php 第 13 行.
NOTIC: [8] Undefined offset: 0 /Library/WebServer/Documents/vueshopserver/Common/function.php 第 10 行.
NOTIC: [8] Undefined variable: rurlpath /Library/WebServer/Documents/vueshopserver/Common/function.php 第 13 行.
NOTIC: [8] Undefined offset: 0 /Library/WebServer/Documents/vueshopserver/Common/function.php 第 10 行.
NOTIC: [8] Undefined variable: rurlpath /Library/WebServer/Documents/vueshopserver/Common/function.php 第 13 行.
NOTIC: [8] Undefined offset: 0 /Library/WebServer/Documents/vueshopserver/Common/function.php 第 10 行.
NOTIC: [8] Undefined variable: rurlpath /Library/WebServer/Documents/vueshopserver/Common/function.php 第 13 行.
NOTIC: [8] Undefined offset: 0 /Library/WebServer/Documents/vueshopserver/Common/function.php 第 10 行.
NOTIC: [8] Undefined variable: rurlpath /Library/WebServer/Documents/vueshopserver/Common/function.php 第 13 行.
NOTIC: [8] Undefined offset: 0 /Library/WebServer/Documents/vueshopserver/Common/function.php 第 10 行.
NOTIC: [8] Undefined variable: rurlpath /Library/WebServer/Documents/vueshopserver/Common/function.php 第 13 行.
NOTIC: [8] Undefined offset: 0 /Library/WebServer/Documents/vueshopserver/Common/function.php 第 10 行.
NOTIC: [8] Undefined variable: rurlpath /Library/WebServer/Documents/vueshopserver/Common/function.php 第 13 行.

[ 2018-05-18T12:14:39+08:00 ] ::1 /api/user/myorder/reviewOrder?uid=696443691&page=1&token=1ec949a15fb709370f
INFO: [ app_init ] --START--
INFO: Run Behavior\BuildLiteBehavior [ RunTime:0.000009s ]
INFO: [ app_init ] --END-- [ RunTime:0.000186s ]
INFO: [ app_begin ] --START--
INFO: Run Behavior\ReadHtmlCacheBehavior [ RunTime:0.000221s ]
INFO: [ app_begin ] --END-- [ RunTime:0.000236s ]
NOTIC: [8] A session had already been started - ignoring session_start() /Library/WebServer/Documents/vueshopserver/ThinkPHP/Common/functions.php 第 1264 行.
SQL: SHOW COLUMNS FROM `app_token` [ RunTime:0.0099s ]
SQL: SELECT `token` FROM `app_token` LIMIT 1   [ RunTime:0.0097s ]
SQL: SHOW COLUMNS FROM `app_order` [ RunTime:0.0120s ]
NOTIC: [8192] Non-static method Think\MyModel::parseSql() should not be called statically /Library/WebServer/Documents/vueshopserver/Application/User/Model/OrderModel.class.php 第 141 行.
NOTIC: [8192] Non-static method Think\MyModel::getTableName() should not be called statically /Library/WebServer/Documents/vueshopserver/ThinkPHP/Library/Think/MyModel.class.php 第 35 行.
NOTIC: [8192] Non-static method Think\MyModel::parse_name() should not be called statically /Library/WebServer/Documents/vueshopserver/ThinkPHP/Library/Think/MyModel.class.php 第 47 行.
NOTIC: [8192] Non-static method Think\MyModel::parseSql() should not be called statically /Library/WebServer/Documents/vueshopserver/Application/User/Model/OrderModel.class.php 第 150 行.
NOTIC: [8192] Non-static method Think\MyModel::getTableName() should not be called statically /Library/WebServer/Documents/vueshopserver/ThinkPHP/Library/Think/MyModel.class.php 第 35 行.
NOTIC: [8192] Non-static method Think\MyModel::parseSql() should not be called statically /Library/WebServer/Documents/vueshopserver/Application/User/Model/OrderModel.class.php 第 154 行.
NOTIC: [8192] Non-static method Think\MyModel::getTableName() should not be called statically /Library/WebServer/Documents/vueshopserver/ThinkPHP/Library/Think/MyModel.class.php 第 35 行.
NOTIC: [8192] Non-static method Think\MyModel::parseSql() should not be called statically /Library/WebServer/Documents/vueshopserver/Application/User/Model/OrderModel.class.php 第 157 行.
NOTIC: [8192] Non-static method Think\MyModel::getTableName() should not be called statically /Library/WebServer/Documents/vueshopserver/ThinkPHP/Library/Think/MyModel.class.php 第 35 行.
NOTIC: [8] Undefined offset: 0 /Library/WebServer/Documents/vueshopserver/Common/function.php 第 10 行.
NOTIC: [8] Undefined variable: rurlpath /Library/WebServer/Documents/vueshopserver/Common/function.php 第 13 行.
NOTIC: [8] Undefined offset: 0 /Library/WebServer/Documents/vueshopserver/Common/function.php 第 10 行.
NOTIC: [8] Undefined variable: rurlpath /Library/WebServer/Documents/vueshopserver/Common/function.php 第 13 行.
NOTIC: [8] Undefined offset: 0 /Library/WebServer/Documents/vueshopserver/Common/function.php 第 10 行.
NOTIC: [8] Undefined variable: rurlpath /Library/WebServer/Documents/vueshopserver/Common/function.php 第 13 行.
NOTIC: [8] Undefined offset: 0 /Library/WebServer/Documents/vueshopserver/Common/function.php 第 10 行.
NOTIC: [8] Undefined variable: rurlpath /Library/WebServer/Documents/vueshopserver/Common/function.php 第 13 行.
NOTIC: [8] Undefined offset: 0 /Library/WebServer/Documents/vueshopserver/Common/function.php 第 10 行.
NOTIC: [8] Undefined variable: rurlpath /Library/WebServer/Documents/vueshopserver/Common/function.php 第 13 行.
NOTIC: [8] Undefined offset: 0 /Library/WebServer/Documents/vueshopserver/Common/function.php 第 10 行.
NOTIC: [8] Undefined variable: rurlpath /Library/WebServer/Documents/vueshopserver/Common/function.php 第 13 行.
NOTIC: [8] Undefined offset: 0 /Library/WebServer/Documents/vueshopserver/Common/function.php 第 10 行.
NOTIC: [8] Undefined variable: rurlpath /Library/WebServer/Documents/vueshopserver/Common/function.php 第 13 行.
NOTIC: [8] Undefined offset: 0 /Library/WebServer/Documents/vueshopserver/Common/function.php 第 10 行.
NOTIC: [8] Undefined variable: rurlpath /Library/WebServer/Documents/vueshopserver/Common/function.php 第 13 行.
NOTIC: [8] Undefined offset: 0 /Library/WebServer/Documents/vueshopserver/Common/function.php 第 10 行.
NOTIC: [8] Undefined variable: rurlpath /Library/WebServer/Documents/vueshopserver/Common/function.php 第 13 行.
NOTIC: [8] Undefined offset: 0 /Library/WebServer/Documents/vueshopserver/Common/function.php 第 10 行.
NOTIC: [8] Undefined variable: rurlpath /Library/WebServer/Documents/vueshopserver/Common/function.php 第 13 行.

[ 2018-05-18T12:14:40+08:00 ] ::1 /api/user/myorder/reviewOrder?uid=696443691&page=1&token=1ec949a15fb709370f
INFO: [ app_init ] --START--
INFO: Run Behavior\BuildLiteBehavior [ RunTime:0.000005s ]
INFO: [ app_init ] --END-- [ RunTime:0.000137s ]
INFO: [ app_begin ] --START--
INFO: Run Behavior\ReadHtmlCacheBehavior [ RunTime:0.000182s ]
INFO: [ app_begin ] --END-- [ RunTime:0.000194s ]
NOTIC: [8] A session had already been started - ignoring session_start() /Library/WebServer/Documents/vueshopserver/ThinkPHP/Common/functions.php 第 1264 行.
SQL: SHOW COLUMNS FROM `app_token` [ RunTime:0.0102s ]
SQL: SELECT `token` FROM `app_token` LIMIT 1   [ RunTime:0.0087s ]
SQL: SHOW COLUMNS FROM `app_order` [ RunTime:0.0103s ]
NOTIC: [8192] Non-static method Think\MyModel::parseSql() should not be called statically /Library/WebServer/Documents/vueshopserver/Application/User/Model/OrderModel.class.php 第 141 行.
NOTIC: [8192] Non-static method Think\MyModel::getTableName() should not be called statically /Library/WebServer/Documents/vueshopserver/ThinkPHP/Library/Think/MyModel.class.php 第 35 行.
NOTIC: [8192] Non-static method Think\MyModel::parse_name() should not be called statically /Library/WebServer/Documents/vueshopserver/ThinkPHP/Library/Think/MyModel.class.php 第 47 行.
NOTIC: [8192] Non-static method Think\MyModel::parseSql() should not be called statically /Library/WebServer/Documents/vueshopserver/Application/User/Model/OrderModel.class.php 第 150 行.
NOTIC: [8192] Non-static method Think\MyModel::getTableName() should not be called statically /Library/WebServer/Documents/vueshopserver/ThinkPHP/Library/Think/MyModel.class.php 第 35 行.
NOTIC: [8192] Non-static method Think\MyModel::parseSql() should not be called statically /Library/WebServer/Documents/vueshopserver/Application/User/Model/OrderModel.class.php 第 154 行.
NOTIC: [8192] Non-static method Think\MyModel::getTableName() should not be called statically /Library/WebServer/Documents/vueshopserver/ThinkPHP/Library/Think/MyModel.class.php 第 35 行.
NOTIC: [8192] Non-static method Think\MyModel::parseSql() should not be called statically /Library/WebServer/Documents/vueshopserver/Application/User/Model/OrderModel.class.php 第 157 行.
NOTIC: [8192] Non-static method Think\MyModel::getTableName() should not be called statically /Library/WebServer/Documents/vueshopserver/ThinkPHP/Library/Think/MyModel.class.php 第 35 行.
NOTIC: [8] Undefined offset: 0 /Library/WebServer/Documents/vueshopserver/Common/function.php 第 10 行.
NOTIC: [8] Undefined variable: rurlpath /Library/WebServer/Documents/vueshopserver/Common/function.php 第 13 行.
NOTIC: [8] Undefined offset: 0 /Library/WebServer/Documents/vueshopserver/Common/function.php 第 10 行.
NOTIC: [8] Undefined variable: rurlpath /Library/WebServer/Documents/vueshopserver/Common/function.php 第 13 行.
NOTIC: [8] Undefined offset: 0 /Library/WebServer/Documents/vueshopserver/Common/function.php 第 10 行.
NOTIC: [8] Undefined variable: rurlpath /Library/WebServer/Documents/vueshopserver/Common/function.php 第 13 行.
NOTIC: [8] Undefined offset: 0 /Library/WebServer/Documents/vueshopserver/Common/function.php 第 10 行.
NOTIC: [8] Undefined variable: rurlpath /Library/WebServer/Documents/vueshopserver/Common/function.php 第 13 行.
NOTIC: [8] Undefined offset: 0 /Library/WebServer/Documents/vueshopserver/Common/function.php 第 10 行.
NOTIC: [8] Undefined variable: rurlpath /Library/WebServer/Documents/vueshopserver/Common/function.php 第 13 行.
NOTIC: [8] Undefined offset: 0 /Library/WebServer/Documents/vueshopserver/Common/function.php 第 10 行.
NOTIC: [8] Undefined variable: rurlpath /Library/WebServer/Documents/vueshopserver/Common/function.php 第 13 行.
NOTIC: [8] Undefined offset: 0 /Library/WebServer/Documents/vueshopserver/Common/function.php 第 10 行.
NOTIC: [8] Undefined variable: rurlpath /Library/WebServer/Documents/vueshopserver/Common/function.php 第 13 行.
NOTIC: [8] Undefined offset: 0 /Library/WebServer/Documents/vueshopserver/Common/function.php 第 10 行.
NOTIC: [8] Undefined variable: rurlpath /Library/WebServer/Documents/vueshopserver/Common/function.php 第 13 行.
NOTIC: [8] Undefined offset: 0 /Library/WebServer/Documents/vueshopserver/Common/function.php 第 10 行.
NOTIC: [8] Undefined variable: rurlpath /Library/WebServer/Documents/vueshopserver/Common/function.php 第 13 行.
NOTIC: [8] Undefined offset: 0 /Library/WebServer/Documents/vueshopserver/Common/function.php 第 10 行.
NOTIC: [8] Undefined variable: rurlpath /Library/WebServer/Documents/vueshopserver/Common/function.php 第 13 行.

[ 2018-05-18T12:14:48+08:00 ] ::1 /api/user/myorder/reviewOrder?uid=696443691&page=2&token=1ec949a15fb709370f
INFO: [ app_init ] --START--
INFO: Run Behavior\BuildLiteBehavior [ RunTime:0.000006s ]
INFO: [ app_init ] --END-- [ RunTime:0.000145s ]
INFO: [ app_begin ] --START--
INFO: Run Behavior\ReadHtmlCacheBehavior [ RunTime:0.000193s ]
INFO: [ app_begin ] --END-- [ RunTime:0.000207s ]
NOTIC: [8] A session had already been started - ignoring session_start() /Library/WebServer/Documents/vueshopserver/ThinkPHP/Common/functions.php 第 1264 行.
SQL: SHOW COLUMNS FROM `app_token` [ RunTime:0.0114s ]
SQL: SELECT `token` FROM `app_token` LIMIT 1   [ RunTime:0.0097s ]
SQL: SHOW COLUMNS FROM `app_order` [ RunTime:0.0105s ]
NOTIC: [8192] Non-static method Think\MyModel::parseSql() should not be called statically /Library/WebServer/Documents/vueshopserver/Application/User/Model/OrderModel.class.php 第 141 行.
NOTIC: [8192] Non-static method Think\MyModel::getTableName() should not be called statically /Library/WebServer/Documents/vueshopserver/ThinkPHP/Library/Think/MyModel.class.php 第 35 行.
NOTIC: [8192] Non-static method Think\MyModel::parse_name() should not be called statically /Library/WebServer/Documents/vueshopserver/ThinkPHP/Library/Think/MyModel.class.php 第 47 行.
NOTIC: [8192] Non-static method Think\MyModel::parseSql() should not be called statically /Library/WebServer/Documents/vueshopserver/Application/User/Model/OrderModel.class.php 第 150 行.
NOTIC: [8192] Non-static method Think\MyModel::getTableName() should not be called statically /Library/WebServer/Documents/vueshopserver/ThinkPHP/Library/Think/MyModel.class.php 第 35 行.
NOTIC: [8192] Non-static method Think\MyModel::parseSql() should not be called statically /Library/WebServer/Documents/vueshopserver/Application/User/Model/OrderModel.class.php 第 154 行.
NOTIC: [8192] Non-static method Think\MyModel::getTableName() should not be called statically /Library/WebServer/Documents/vueshopserver/ThinkPHP/Library/Think/MyModel.class.php 第 35 行.
NOTIC: [8192] Non-static method Think\MyModel::parseSql() should not be called statically /Library/WebServer/Documents/vueshopserver/Application/User/Model/OrderModel.class.php 第 157 行.
NOTIC: [8192] Non-static method Think\MyModel::getTableName() should not be called statically /Library/WebServer/Documents/vueshopserver/ThinkPHP/Library/Think/MyModel.class.php 第 35 行.
NOTIC: [8] Undefined offset: 0 /Library/WebServer/Documents/vueshopserver/Common/function.php 第 10 行.
NOTIC: [8] Undefined variable: rurlpath /Library/WebServer/Documents/vueshopserver/Common/function.php 第 13 行.
NOTIC: [8] Undefined offset: 0 /Library/WebServer/Documents/vueshopserver/Common/function.php 第 10 行.
NOTIC: [8] Undefined variable: rurlpath /Library/WebServer/Documents/vueshopserver/Common/function.php 第 13 行.
NOTIC: [8] Undefined offset: 0 /Library/WebServer/Documents/vueshopserver/Common/function.php 第 10 行.
NOTIC: [8] Undefined variable: rurlpath /Library/WebServer/Documents/vueshopserver/Common/function.php 第 13 行.

[ 2018-05-18T12:14:53+08:00 ] ::1 /api/user/myorder/reviewOrder?uid=696443691&page=1&token=1ec949a15fb709370f
INFO: [ app_init ] --START--
INFO: Run Behavior\BuildLiteBehavior [ RunTime:0.000006s ]
INFO: [ app_init ] --END-- [ RunTime:0.000223s ]
INFO: [ app_begin ] --START--
INFO: Run Behavior\ReadHtmlCacheBehavior [ RunTime:0.000197s ]
INFO: [ app_begin ] --END-- [ RunTime:0.000210s ]
NOTIC: [8] A session had already been started - ignoring session_start() /Library/WebServer/Documents/vueshopserver/ThinkPHP/Common/functions.php 第 1264 行.
SQL: SHOW COLUMNS FROM `app_token` [ RunTime:0.0118s ]
SQL: SELECT `token` FROM `app_token` LIMIT 1   [ RunTime:0.0098s ]
SQL: SHOW COLUMNS FROM `app_order` [ RunTime:0.0106s ]
NOTIC: [8192] Non-static method Think\MyModel::parseSql() should not be called statically /Library/WebServer/Documents/vueshopserver/Application/User/Model/OrderModel.class.php 第 141 行.
NOTIC: [8192] Non-static method Think\MyModel::getTableName() should not be called statically /Library/WebServer/Documents/vueshopserver/ThinkPHP/Library/Think/MyModel.class.php 第 35 行.
NOTIC: [8192] Non-static method Think\MyModel::parse_name() should not be called statically /Library/WebServer/Documents/vueshopserver/ThinkPHP/Library/Think/MyModel.class.php 第 47 行.
NOTIC: [8192] Non-static method Think\MyModel::parseSql() should not be called statically /Library/WebServer/Documents/vueshopserver/Application/User/Model/OrderModel.class.php 第 150 行.
NOTIC: [8192] Non-static method Think\MyModel::getTableName() should not be called statically /Library/WebServer/Documents/vueshopserver/ThinkPHP/Library/Think/MyModel.class.php 第 35 行.
NOTIC: [8192] Non-static method Think\MyModel::parseSql() should not be called statically /Library/WebServer/Documents/vueshopserver/Application/User/Model/OrderModel.class.php 第 154 行.
NOTIC: [8192] Non-static method Think\MyModel::getTableName() should not be called statically /Library/WebServer/Documents/vueshopserver/ThinkPHP/Library/Think/MyModel.class.php 第 35 行.
NOTIC: [8192] Non-static method Think\MyModel::parseSql() should not be called statically /Library/WebServer/Documents/vueshopserver/Application/User/Model/OrderModel.class.php 第 157 行.
NOTIC: [8192] Non-static method Think\MyModel::getTableName() should not be called statically /Library/WebServer/Documents/vueshopserver/ThinkPHP/Library/Think/MyModel.class.php 第 35 行.
NOTIC: [8] Undefined offset: 0 /Library/WebServer/Documents/vueshopserver/Common/function.php 第 10 行.
NOTIC: [8] Undefined variable: rurlpath /Library/WebServer/Documents/vueshopserver/Common/function.php 第 13 行.
NOTIC: [8] Undefined offset: 0 /Library/WebServer/Documents/vueshopserver/Common/function.php 第 10 行.
NOTIC: [8] Undefined variable: rurlpath /Library/WebServer/Documents/vueshopserver/Common/function.php 第 13 行.
NOTIC: [8] Undefined offset: 0 /Library/WebServer/Documents/vueshopserver/Common/function.php 第 10 行.
NOTIC: [8] Undefined variable: rurlpath /Library/WebServer/Documents/vueshopserver/Common/function.php 第 13 行.
NOTIC: [8] Undefined offset: 0 /Library/WebServer/Documents/vueshopserver/Common/function.php 第 10 行.
NOTIC: [8] Undefined variable: rurlpath /Library/WebServer/Documents/vueshopserver/Common/function.php 第 13 行.
NOTIC: [8] Undefined offset: 0 /Library/WebServer/Documents/vueshopserver/Common/function.php 第 10 行.
NOTIC: [8] Undefined variable: rurlpath /Library/WebServer/Documents/vueshopserver/Common/function.php 第 13 行.
NOTIC: [8] Undefined offset: 0 /Library/WebServer/Documents/vueshopserver/Common/function.php 第 10 行.
NOTIC: [8] Undefined variable: rurlpath /Library/WebServer/Documents/vueshopserver/Common/function.php 第 13 行.
NOTIC: [8] Undefined offset: 0 /Library/WebServer/Documents/vueshopserver/Common/function.php 第 10 行.
NOTIC: [8] Undefined variable: rurlpath /Library/WebServer/Documents/vueshopserver/Common/function.php 第 13 行.
NOTIC: [8] Undefined offset: 0 /Library/WebServer/Documents/vueshopserver/Common/function.php 第 10 行.
NOTIC: [8] Undefined variable: rurlpath /Library/WebServer/Documents/vueshopserver/Common/function.php 第 13 行.
NOTIC: [8] Undefined offset: 0 /Library/WebServer/Documents/vueshopserver/Common/function.php 第 10 行.
NOTIC: [8] Undefined variable: rurlpath /Library/WebServer/Documents/vueshopserver/Common/function.php 第 13 行.
NOTIC: [8] Undefined offset: 0 /Library/WebServer/Documents/vueshopserver/Common/function.php 第 10 行.
NOTIC: [8] Undefined variable: rurlpath /Library/WebServer/Documents/vueshopserver/Common/function.php 第 13 行.

[ 2018-05-18T12:15:15+08:00 ] ::1 /api/user/myorder/reviewOrder?uid=696443691&page=2&token=1ec949a15fb709370f
INFO: [ app_init ] --START--
INFO: Run Behavior\BuildLiteBehavior [ RunTime:0.000005s ]
INFO: [ app_init ] --END-- [ RunTime:0.000150s ]
INFO: [ app_begin ] --START--
INFO: Run Behavior\ReadHtmlCacheBehavior [ RunTime:0.000191s ]
INFO: [ app_begin ] --END-- [ RunTime:0.000205s ]
NOTIC: [8] A session had already been started - ignoring session_start() /Library/WebServer/Documents/vueshopserver/ThinkPHP/Common/functions.php 第 1264 行.
SQL: SHOW COLUMNS FROM `app_token` [ RunTime:0.0106s ]
SQL: SELECT `token` FROM `app_token` LIMIT 1   [ RunTime:0.0137s ]
SQL: SHOW COLUMNS FROM `app_order` [ RunTime:0.0110s ]
NOTIC: [8192] Non-static method Think\MyModel::parseSql() should not be called statically /Library/WebServer/Documents/vueshopserver/Application/User/Model/OrderModel.class.php 第 141 行.
NOTIC: [8192] Non-static method Think\MyModel::getTableName() should not be called statically /Library/WebServer/Documents/vueshopserver/ThinkPHP/Library/Think/MyModel.class.php 第 35 行.
NOTIC: [8192] Non-static method Think\MyModel::parse_name() should not be called statically /Library/WebServer/Documents/vueshopserver/ThinkPHP/Library/Think/MyModel.class.php 第 47 行.
NOTIC: [8192] Non-static method Think\MyModel::parseSql() should not be called statically /Library/WebServer/Documents/vueshopserver/Application/User/Model/OrderModel.class.php 第 150 行.
NOTIC: [8192] Non-static method Think\MyModel::getTableName() should not be called statically /Library/WebServer/Documents/vueshopserver/ThinkPHP/Library/Think/MyModel.class.php 第 35 行.
NOTIC: [8192] Non-static method Think\MyModel::parseSql() should not be called statically /Library/WebServer/Documents/vueshopserver/Application/User/Model/OrderModel.class.php 第 154 行.
NOTIC: [8192] Non-static method Think\MyModel::getTableName() should not be called statically /Library/WebServer/Documents/vueshopserver/ThinkPHP/Library/Think/MyModel.class.php 第 35 行.
NOTIC: [8192] Non-static method Think\MyModel::parseSql() should not be called statically /Library/WebServer/Documents/vueshopserver/Application/User/Model/OrderModel.class.php 第 157 行.
NOTIC: [8192] Non-static method Think\MyModel::getTableName() should not be called statically /Library/WebServer/Documents/vueshopserver/ThinkPHP/Library/Think/MyModel.class.php 第 35 行.
NOTIC: [8] Undefined offset: 0 /Library/WebServer/Documents/vueshopserver/Common/function.php 第 10 行.
NOTIC: [8] Undefined variable: rurlpath /Library/WebServer/Documents/vueshopserver/Common/function.php 第 13 行.
NOTIC: [8] Undefined offset: 0 /Library/WebServer/Documents/vueshopserver/Common/function.php 第 10 行.
NOTIC: [8] Undefined variable: rurlpath /Library/WebServer/Documents/vueshopserver/Common/function.php 第 13 行.
NOTIC: [8] Undefined offset: 0 /Library/WebServer/Documents/vueshopserver/Common/function.php 第 10 行.
NOTIC: [8] Undefined variable: rurlpath /Library/WebServer/Documents/vueshopserver/Common/function.php 第 13 行.

[ 2018-05-18T12:15:22+08:00 ] ::1 /api/user/myorder/reviewOrder?uid=696443691&page=1&token=1ec949a15fb709370f
INFO: [ app_init ] --START--
INFO: Run Behavior\BuildLiteBehavior [ RunTime:0.000005s ]
INFO: [ app_init ] --END-- [ RunTime:0.000153s ]
INFO: [ app_begin ] --START--
INFO: Run Behavior\ReadHtmlCacheBehavior [ RunTime:0.000209s ]
INFO: [ app_begin ] --END-- [ RunTime:0.000223s ]
NOTIC: [8] A session had already been started - ignoring session_start() /Library/WebServer/Documents/vueshopserver/ThinkPHP/Common/functions.php 第 1264 行.
SQL: SHOW COLUMNS FROM `app_token` [ RunTime:0.0098s ]
SQL: SELECT `token` FROM `app_token` LIMIT 1   [ RunTime:0.0105s ]
SQL: SHOW COLUMNS FROM `app_order` [ RunTime:0.0107s ]
NOTIC: [8192] Non-static method Think\MyModel::parseSql() should not be called statically /Library/WebServer/Documents/vueshopserver/Application/User/Model/OrderModel.class.php 第 141 行.
NOTIC: [8192] Non-static method Think\MyModel::getTableName() should not be called statically /Library/WebServer/Documents/vueshopserver/ThinkPHP/Library/Think/MyModel.class.php 第 35 行.
NOTIC: [8192] Non-static method Think\MyModel::parse_name() should not be called statically /Library/WebServer/Documents/vueshopserver/ThinkPHP/Library/Think/MyModel.class.php 第 47 行.
NOTIC: [8192] Non-static method Think\MyModel::parseSql() should not be called statically /Library/WebServer/Documents/vueshopserver/Application/User/Model/OrderModel.class.php 第 150 行.
NOTIC: [8192] Non-static method Think\MyModel::getTableName() should not be called statically /Library/WebServer/Documents/vueshopserver/ThinkPHP/Library/Think/MyModel.class.php 第 35 行.
NOTIC: [8192] Non-static method Think\MyModel::parseSql() should not be called statically /Library/WebServer/Documents/vueshopserver/Application/User/Model/OrderModel.class.php 第 154 行.
NOTIC: [8192] Non-static method Think\MyModel::getTableName() should not be called statically /Library/WebServer/Documents/vueshopserver/ThinkPHP/Library/Think/MyModel.class.php 第 35 行.
NOTIC: [8192] Non-static method Think\MyModel::parseSql() should not be called statically /Library/WebServer/Documents/vueshopserver/Application/User/Model/OrderModel.class.php 第 157 行.
NOTIC: [8192] Non-static method Think\MyModel::getTableName() should not be called statically /Library/WebServer/Documents/vueshopserver/ThinkPHP/Library/Think/MyModel.class.php 第 35 行.
NOTIC: [8] Undefined offset: 0 /Library/WebServer/Documents/vueshopserver/Common/function.php 第 10 行.
NOTIC: [8] Undefined variable: rurlpath /Library/WebServer/Documents/vueshopserver/Common/function.php 第 13 行.
NOTIC: [8] Undefined offset: 0 /Library/WebServer/Documents/vueshopserver/Common/function.php 第 10 行.
NOTIC: [8] Undefined variable: rurlpath /Library/WebServer/Documents/vueshopserver/Common/function.php 第 13 行.
NOTIC: [8] Undefined offset: 0 /Library/WebServer/Documents/vueshopserver/Common/function.php 第 10 行.
NOTIC: [8] Undefined variable: rurlpath /Library/WebServer/Documents/vueshopserver/Common/function.php 第 13 行.
NOTIC: [8] Undefined offset: 0 /Library/WebServer/Documents/vueshopserver/Common/function.php 第 10 行.
NOTIC: [8] Undefined variable: rurlpath /Library/WebServer/Documents/vueshopserver/Common/function.php 第 13 行.
NOTIC: [8] Undefined offset: 0 /Library/WebServer/Documents/vueshopserver/Common/function.php 第 10 行.
NOTIC: [8] Undefined variable: rurlpath /Library/WebServer/Documents/vueshopserver/Common/function.php 第 13 行.
NOTIC: [8] Undefined offset: 0 /Library/WebServer/Documents/vueshopserver/Common/function.php 第 10 行.
NOTIC: [8] Undefined variable: rurlpath /Library/WebServer/Documents/vueshopserver/Common/function.php 第 13 行.
NOTIC: [8] Undefined offset: 0 /Library/WebServer/Documents/vueshopserver/Common/function.php 第 10 行.
NOTIC: [8] Undefined variable: rurlpath /Library/WebServer/Documents/vueshopserver/Common/function.php 第 13 行.
NOTIC: [8] Undefined offset: 0 /Library/WebServer/Documents/vueshopserver/Common/function.php 第 10 行.
NOTIC: [8] Undefined variable: rurlpath /Library/WebServer/Documents/vueshopserver/Common/function.php 第 13 行.
NOTIC: [8] Undefined offset: 0 /Library/WebServer/Documents/vueshopserver/Common/function.php 第 10 行.
NOTIC: [8] Undefined variable: rurlpath /Library/WebServer/Documents/vueshopserver/Common/function.php 第 13 行.
NOTIC: [8] Undefined offset: 0 /Library/WebServer/Documents/vueshopserver/Common/function.php 第 10 行.
NOTIC: [8] Undefined variable: rurlpath /Library/WebServer/Documents/vueshopserver/Common/function.php 第 13 行.

[ 2018-05-18T12:15:24+08:00 ] ::1 /api/user/myorder/reviewOrder?uid=696443691&page=1&token=1ec949a15fb709370f
INFO: [ app_init ] --START--
INFO: Run Behavior\BuildLiteBehavior [ RunTime:0.000004s ]
INFO: [ app_init ] --END-- [ RunTime:0.000134s ]
INFO: [ app_begin ] --START--
INFO: Run Behavior\ReadHtmlCacheBehavior [ RunTime:0.000180s ]
INFO: [ app_begin ] --END-- [ RunTime:0.000192s ]
NOTIC: [8] A session had already been started - ignoring session_start() /Library/WebServer/Documents/vueshopserver/ThinkPHP/Common/functions.php 第 1264 行.
SQL: SHOW COLUMNS FROM `app_token` [ RunTime:0.0154s ]
SQL: SELECT `token` FROM `app_token` LIMIT 1   [ RunTime:0.0102s ]
SQL: SHOW COLUMNS FROM `app_order` [ RunTime:0.0099s ]
NOTIC: [8192] Non-static method Think\MyModel::parseSql() should not be called statically /Library/WebServer/Documents/vueshopserver/Application/User/Model/OrderModel.class.php 第 141 行.
NOTIC: [8192] Non-static method Think\MyModel::getTableName() should not be called statically /Library/WebServer/Documents/vueshopserver/ThinkPHP/Library/Think/MyModel.class.php 第 35 行.
NOTIC: [8192] Non-static method Think\MyModel::parse_name() should not be called statically /Library/WebServer/Documents/vueshopserver/ThinkPHP/Library/Think/MyModel.class.php 第 47 行.
NOTIC: [8192] Non-static method Think\MyModel::parseSql() should not be called statically /Library/WebServer/Documents/vueshopserver/Application/User/Model/OrderModel.class.php 第 150 行.
NOTIC: [8192] Non-static method Think\MyModel::getTableName() should not be called statically /Library/WebServer/Documents/vueshopserver/ThinkPHP/Library/Think/MyModel.class.php 第 35 行.
NOTIC: [8192] Non-static method Think\MyModel::parseSql() should not be called statically /Library/WebServer/Documents/vueshopserver/Application/User/Model/OrderModel.class.php 第 154 行.
NOTIC: [8192] Non-static method Think\MyModel::getTableName() should not be called statically /Library/WebServer/Documents/vueshopserver/ThinkPHP/Library/Think/MyModel.class.php 第 35 行.
NOTIC: [8192] Non-static method Think\MyModel::parseSql() should not be called statically /Library/WebServer/Documents/vueshopserver/Application/User/Model/OrderModel.class.php 第 157 行.
NOTIC: [8192] Non-static method Think\MyModel::getTableName() should not be called statically /Library/WebServer/Documents/vueshopserver/ThinkPHP/Library/Think/MyModel.class.php 第 35 行.
NOTIC: [8] Undefined offset: 0 /Library/WebServer/Documents/vueshopserver/Common/function.php 第 10 行.
NOTIC: [8] Undefined variable: rurlpath /Library/WebServer/Documents/vueshopserver/Common/function.php 第 13 行.
NOTIC: [8] Undefined offset: 0 /Library/WebServer/Documents/vueshopserver/Common/function.php 第 10 行.
NOTIC: [8] Undefined variable: rurlpath /Library/WebServer/Documents/vueshopserver/Common/function.php 第 13 行.
NOTIC: [8] Undefined offset: 0 /Library/WebServer/Documents/vueshopserver/Common/function.php 第 10 行.
NOTIC: [8] Undefined variable: rurlpath /Library/WebServer/Documents/vueshopserver/Common/function.php 第 13 行.
NOTIC: [8] Undefined offset: 0 /Library/WebServer/Documents/vueshopserver/Common/function.php 第 10 行.
NOTIC: [8] Undefined variable: rurlpath /Library/WebServer/Documents/vueshopserver/Common/function.php 第 13 行.
NOTIC: [8] Undefined offset: 0 /Library/WebServer/Documents/vueshopserver/Common/function.php 第 10 行.
NOTIC: [8] Undefined variable: rurlpath /Library/WebServer/Documents/vueshopserver/Common/function.php 第 13 行.
NOTIC: [8] Undefined offset: 0 /Library/WebServer/Documents/vueshopserver/Common/function.php 第 10 行.
NOTIC: [8] Undefined variable: rurlpath /Library/WebServer/Documents/vueshopserver/Common/function.php 第 13 行.
NOTIC: [8] Undefined offset: 0 /Library/WebServer/Documents/vueshopserver/Common/function.php 第 10 行.
NOTIC: [8] Undefined variable: rurlpath /Library/WebServer/Documents/vueshopserver/Common/function.php 第 13 行.
NOTIC: [8] Undefined offset: 0 /Library/WebServer/Documents/vueshopserver/Common/function.php 第 10 行.
NOTIC: [8] Undefined variable: rurlpath /Library/WebServer/Documents/vueshopserver/Common/function.php 第 13 行.
NOTIC: [8] Undefined offset: 0 /Library/WebServer/Documents/vueshopserver/Common/function.php 第 10 行.
NOTIC: [8] Undefined variable: rurlpath /Library/WebServer/Documents/vueshopserver/Common/function.php 第 13 行.
NOTIC: [8] Undefined offset: 0 /Library/WebServer/Documents/vueshopserver/Common/function.php 第 10 行.
NOTIC: [8] Undefined variable: rurlpath /Library/WebServer/Documents/vueshopserver/Common/function.php 第 13 行.

[ 2018-05-18T12:16:46+08:00 ] ::1 /api/user/myorder/reviewOrder?uid=696443691&page=1&token=1ec949a15fb709370f
INFO: [ app_init ] --START--
INFO: Run Behavior\BuildLiteBehavior [ RunTime:0.000005s ]
INFO: [ app_init ] --END-- [ RunTime:0.000140s ]
INFO: [ app_begin ] --START--
INFO: Run Behavior\ReadHtmlCacheBehavior [ RunTime:0.000195s ]
INFO: [ app_begin ] --END-- [ RunTime:0.000209s ]
NOTIC: [8] A session had already been started - ignoring session_start() /Library/WebServer/Documents/vueshopserver/ThinkPHP/Common/functions.php 第 1264 行.
SQL: SHOW COLUMNS FROM `app_token` [ RunTime:0.0108s ]
SQL: SELECT `token` FROM `app_token` LIMIT 1   [ RunTime:0.0091s ]
SQL: SHOW COLUMNS FROM `app_order` [ RunTime:0.0110s ]
NOTIC: [8192] Non-static method Think\MyModel::parseSql() should not be called statically /Library/WebServer/Documents/vueshopserver/Application/User/Model/OrderModel.class.php 第 141 行.
NOTIC: [8192] Non-static method Think\MyModel::getTableName() should not be called statically /Library/WebServer/Documents/vueshopserver/ThinkPHP/Library/Think/MyModel.class.php 第 35 行.
NOTIC: [8192] Non-static method Think\MyModel::parse_name() should not be called statically /Library/WebServer/Documents/vueshopserver/ThinkPHP/Library/Think/MyModel.class.php 第 47 行.
NOTIC: [8192] Non-static method Think\MyModel::parseSql() should not be called statically /Library/WebServer/Documents/vueshopserver/Application/User/Model/OrderModel.class.php 第 150 行.
NOTIC: [8192] Non-static method Think\MyModel::getTableName() should not be called statically /Library/WebServer/Documents/vueshopserver/ThinkPHP/Library/Think/MyModel.class.php 第 35 行.
NOTIC: [8192] Non-static method Think\MyModel::parseSql() should not be called statically /Library/WebServer/Documents/vueshopserver/Application/User/Model/OrderModel.class.php 第 154 行.
NOTIC: [8192] Non-static method Think\MyModel::getTableName() should not be called statically /Library/WebServer/Documents/vueshopserver/ThinkPHP/Library/Think/MyModel.class.php 第 35 行.
NOTIC: [8192] Non-static method Think\MyModel::parseSql() should not be called statically /Library/WebServer/Documents/vueshopserver/Application/User/Model/OrderModel.class.php 第 157 行.
NOTIC: [8192] Non-static method Think\MyModel::getTableName() should not be called statically /Library/WebServer/Documents/vueshopserver/ThinkPHP/Library/Think/MyModel.class.php 第 35 行.
NOTIC: [8] Undefined offset: 0 /Library/WebServer/Documents/vueshopserver/Common/function.php 第 10 行.
NOTIC: [8] Undefined variable: rurlpath /Library/WebServer/Documents/vueshopserver/Common/function.php 第 13 行.
NOTIC: [8] Undefined offset: 0 /Library/WebServer/Documents/vueshopserver/Common/function.php 第 10 行.
NOTIC: [8] Undefined variable: rurlpath /Library/WebServer/Documents/vueshopserver/Common/function.php 第 13 行.
NOTIC: [8] Undefined offset: 0 /Library/WebServer/Documents/vueshopserver/Common/function.php 第 10 行.
NOTIC: [8] Undefined variable: rurlpath /Library/WebServer/Documents/vueshopserver/Common/function.php 第 13 行.
NOTIC: [8] Undefined offset: 0 /Library/WebServer/Documents/vueshopserver/Common/function.php 第 10 行.
NOTIC: [8] Undefined variable: rurlpath /Library/WebServer/Documents/vueshopserver/Common/function.php 第 13 行.
NOTIC: [8] Undefined offset: 0 /Library/WebServer/Documents/vueshopserver/Common/function.php 第 10 行.
NOTIC: [8] Undefined variable: rurlpath /Library/WebServer/Documents/vueshopserver/Common/function.php 第 13 行.
NOTIC: [8] Undefined offset: 0 /Library/WebServer/Documents/vueshopserver/Common/function.php 第 10 行.
NOTIC: [8] Undefined variable: rurlpath /Library/WebServer/Documents/vueshopserver/Common/function.php 第 13 行.
NOTIC: [8] Undefined offset: 0 /Library/WebServer/Documents/vueshopserver/Common/function.php 第 10 行.
NOTIC: [8] Undefined variable: rurlpath /Library/WebServer/Documents/vueshopserver/Common/function.php 第 13 行.
NOTIC: [8] Undefined offset: 0 /Library/WebServer/Documents/vueshopserver/Common/function.php 第 10 行.
NOTIC: [8] Undefined variable: rurlpath /Library/WebServer/Documents/vueshopserver/Common/function.php 第 13 行.
NOTIC: [8] Undefined offset: 0 /Library/WebServer/Documents/vueshopserver/Common/function.php 第 10 行.
NOTIC: [8] Undefined variable: rurlpath /Library/WebServer/Documents/vueshopserver/Common/function.php 第 13 行.
NOTIC: [8] Undefined offset: 0 /Library/WebServer/Documents/vueshopserver/Common/function.php 第 10 行.
NOTIC: [8] Undefined variable: rurlpath /Library/WebServer/Documents/vueshopserver/Common/function.php 第 13 行.

[ 2018-05-18T12:16:47+08:00 ] ::1 /api/user/myorder/reviewOrder?uid=696443691&page=1&token=1ec949a15fb709370f
INFO: [ app_init ] --START--
INFO: Run Behavior\BuildLiteBehavior [ RunTime:0.000007s ]
INFO: [ app_init ] --END-- [ RunTime:0.000167s ]
INFO: [ app_begin ] --START--
INFO: Run Behavior\ReadHtmlCacheBehavior [ RunTime:0.000270s ]
INFO: [ app_begin ] --END-- [ RunTime:0.000290s ]
NOTIC: [8] A session had already been started - ignoring session_start() /Library/WebServer/Documents/vueshopserver/ThinkPHP/Common/functions.php 第 1264 行.
SQL: SHOW COLUMNS FROM `app_token` [ RunTime:0.0082s ]
SQL: SELECT `token` FROM `app_token` LIMIT 1   [ RunTime:0.0085s ]
SQL: SHOW COLUMNS FROM `app_order` [ RunTime:0.0088s ]
NOTIC: [8192] Non-static method Think\MyModel::parseSql() should not be called statically /Library/WebServer/Documents/vueshopserver/Application/User/Model/OrderModel.class.php 第 141 行.
NOTIC: [8192] Non-static method Think\MyModel::getTableName() should not be called statically /Library/WebServer/Documents/vueshopserver/ThinkPHP/Library/Think/MyModel.class.php 第 35 行.
NOTIC: [8192] Non-static method Think\MyModel::parse_name() should not be called statically /Library/WebServer/Documents/vueshopserver/ThinkPHP/Library/Think/MyModel.class.php 第 47 行.
NOTIC: [8192] Non-static method Think\MyModel::parseSql() should not be called statically /Library/WebServer/Documents/vueshopserver/Application/User/Model/OrderModel.class.php 第 150 行.
NOTIC: [8192] Non-static method Think\MyModel::getTableName() should not be called statically /Library/WebServer/Documents/vueshopserver/ThinkPHP/Library/Think/MyModel.class.php 第 35 行.
NOTIC: [8192] Non-static method Think\MyModel::parseSql() should not be called statically /Library/WebServer/Documents/vueshopserver/Application/User/Model/OrderModel.class.php 第 154 行.
NOTIC: [8192] Non-static method Think\MyModel::getTableName() should not be called statically /Library/WebServer/Documents/vueshopserver/ThinkPHP/Library/Think/MyModel.class.php 第 35 行.
NOTIC: [8192] Non-static method Think\MyModel::parseSql() should not be called statically /Library/WebServer/Documents/vueshopserver/Application/User/Model/OrderModel.class.php 第 157 行.
NOTIC: [8192] Non-static method Think\MyModel::getTableName() should not be called statically /Library/WebServer/Documents/vueshopserver/ThinkPHP/Library/Think/MyModel.class.php 第 35 行.
NOTIC: [8] Undefined offset: 0 /Library/WebServer/Documents/vueshopserver/Common/function.php 第 10 行.
NOTIC: [8] Undefined variable: rurlpath /Library/WebServer/Documents/vueshopserver/Common/function.php 第 13 行.
NOTIC: [8] Undefined offset: 0 /Library/WebServer/Documents/vueshopserver/Common/function.php 第 10 行.
NOTIC: [8] Undefined variable: rurlpath /Library/WebServer/Documents/vueshopserver/Common/function.php 第 13 行.
NOTIC: [8] Undefined offset: 0 /Library/WebServer/Documents/vueshopserver/Common/function.php 第 10 行.
NOTIC: [8] Undefined variable: rurlpath /Library/WebServer/Documents/vueshopserver/Common/function.php 第 13 行.
NOTIC: [8] Undefined offset: 0 /Library/WebServer/Documents/vueshopserver/Common/function.php 第 10 行.
NOTIC: [8] Undefined variable: rurlpath /Library/WebServer/Documents/vueshopserver/Common/function.php 第 13 行.
NOTIC: [8] Undefined offset: 0 /Library/WebServer/Documents/vueshopserver/Common/function.php 第 10 行.
NOTIC: [8] Undefined variable: rurlpath /Library/WebServer/Documents/vueshopserver/Common/function.php 第 13 行.
NOTIC: [8] Undefined offset: 0 /Library/WebServer/Documents/vueshopserver/Common/function.php 第 10 行.
NOTIC: [8] Undefined variable: rurlpath /Library/WebServer/Documents/vueshopserver/Common/function.php 第 13 行.
NOTIC: [8] Undefined offset: 0 /Library/WebServer/Documents/vueshopserver/Common/function.php 第 10 行.
NOTIC: [8] Undefined variable: rurlpath /Library/WebServer/Documents/vueshopserver/Common/function.php 第 13 行.
NOTIC: [8] Undefined offset: 0 /Library/WebServer/Documents/vueshopserver/Common/function.php 第 10 行.
NOTIC: [8] Undefined variable: rurlpath /Library/WebServer/Documents/vueshopserver/Common/function.php 第 13 行.
NOTIC: [8] Undefined offset: 0 /Library/WebServer/Documents/vueshopserver/Common/function.php 第 10 行.
NOTIC: [8] Undefined variable: rurlpath /Library/WebServer/Documents/vueshopserver/Common/function.php 第 13 行.
NOTIC: [8] Undefined offset: 0 /Library/WebServer/Documents/vueshopserver/Common/function.php 第 10 行.
NOTIC: [8] Undefined variable: rurlpath /Library/WebServer/Documents/vueshopserver/Common/function.php 第 13 行.

[ 2018-05-18T12:16:47+08:00 ] ::1 /api/user/myorder/reviewOrder?uid=696443691&page=1&token=1ec949a15fb709370f
INFO: [ app_init ] --START--
INFO: Run Behavior\BuildLiteBehavior [ RunTime:0.000011s ]
INFO: [ app_init ] --END-- [ RunTime:0.000324s ]
INFO: [ app_begin ] --START--
INFO: Run Behavior\ReadHtmlCacheBehavior [ RunTime:0.000334s ]
INFO: [ app_begin ] --END-- [ RunTime:0.000357s ]
NOTIC: [8] A session had already been started - ignoring session_start() /Library/WebServer/Documents/vueshopserver/ThinkPHP/Common/functions.php 第 1264 行.
SQL: SHOW COLUMNS FROM `app_token` [ RunTime:0.0099s ]
SQL: SELECT `token` FROM `app_token` LIMIT 1   [ RunTime:0.0101s ]
SQL: SHOW COLUMNS FROM `app_order` [ RunTime:0.0095s ]
NOTIC: [8192] Non-static method Think\MyModel::parseSql() should not be called statically /Library/WebServer/Documents/vueshopserver/Application/User/Model/OrderModel.class.php 第 141 行.
NOTIC: [8192] Non-static method Think\MyModel::getTableName() should not be called statically /Library/WebServer/Documents/vueshopserver/ThinkPHP/Library/Think/MyModel.class.php 第 35 行.
NOTIC: [8192] Non-static method Think\MyModel::parse_name() should not be called statically /Library/WebServer/Documents/vueshopserver/ThinkPHP/Library/Think/MyModel.class.php 第 47 行.
NOTIC: [8192] Non-static method Think\MyModel::parseSql() should not be called statically /Library/WebServer/Documents/vueshopserver/Application/User/Model/OrderModel.class.php 第 150 行.
NOTIC: [8192] Non-static method Think\MyModel::getTableName() should not be called statically /Library/WebServer/Documents/vueshopserver/ThinkPHP/Library/Think/MyModel.class.php 第 35 行.
NOTIC: [8192] Non-static method Think\MyModel::parseSql() should not be called statically /Library/WebServer/Documents/vueshopserver/Application/User/Model/OrderModel.class.php 第 154 行.
NOTIC: [8192] Non-static method Think\MyModel::getTableName() should not be called statically /Library/WebServer/Documents/vueshopserver/ThinkPHP/Library/Think/MyModel.class.php 第 35 行.
NOTIC: [8192] Non-static method Think\MyModel::parseSql() should not be called statically /Library/WebServer/Documents/vueshopserver/Application/User/Model/OrderModel.class.php 第 157 行.
NOTIC: [8192] Non-static method Think\MyModel::getTableName() should not be called statically /Library/WebServer/Documents/vueshopserver/ThinkPHP/Library/Think/MyModel.class.php 第 35 行.
NOTIC: [8] Undefined offset: 0 /Library/WebServer/Documents/vueshopserver/Common/function.php 第 10 行.
NOTIC: [8] Undefined variable: rurlpath /Library/WebServer/Documents/vueshopserver/Common/function.php 第 13 行.
NOTIC: [8] Undefined offset: 0 /Library/WebServer/Documents/vueshopserver/Common/function.php 第 10 行.
NOTIC: [8] Undefined variable: rurlpath /Library/WebServer/Documents/vueshopserver/Common/function.php 第 13 行.
NOTIC: [8] Undefined offset: 0 /Library/WebServer/Documents/vueshopserver/Common/function.php 第 10 行.
NOTIC: [8] Undefined variable: rurlpath /Library/WebServer/Documents/vueshopserver/Common/function.php 第 13 行.
NOTIC: [8] Undefined offset: 0 /Library/WebServer/Documents/vueshopserver/Common/function.php 第 10 行.
NOTIC: [8] Undefined variable: rurlpath /Library/WebServer/Documents/vueshopserver/Common/function.php 第 13 行.
NOTIC: [8] Undefined offset: 0 /Library/WebServer/Documents/vueshopserver/Common/function.php 第 10 行.
NOTIC: [8] Undefined variable: rurlpath /Library/WebServer/Documents/vueshopserver/Common/function.php 第 13 行.
NOTIC: [8] Undefined offset: 0 /Library/WebServer/Documents/vueshopserver/Common/function.php 第 10 行.
NOTIC: [8] Undefined variable: rurlpath /Library/WebServer/Documents/vueshopserver/Common/function.php 第 13 行.
NOTIC: [8] Undefined offset: 0 /Library/WebServer/Documents/vueshopserver/Common/function.php 第 10 行.
NOTIC: [8] Undefined variable: rurlpath /Library/WebServer/Documents/vueshopserver/Common/function.php 第 13 行.
NOTIC: [8] Undefined offset: 0 /Library/WebServer/Documents/vueshopserver/Common/function.php 第 10 行.
NOTIC: [8] Undefined variable: rurlpath /Library/WebServer/Documents/vueshopserver/Common/function.php 第 13 行.
NOTIC: [8] Undefined offset: 0 /Library/WebServer/Documents/vueshopserver/Common/function.php 第 10 行.
NOTIC: [8] Undefined variable: rurlpath /Library/WebServer/Documents/vueshopserver/Common/function.php 第 13 行.
NOTIC: [8] Undefined offset: 0 /Library/WebServer/Documents/vueshopserver/Common/function.php 第 10 行.
NOTIC: [8] Undefined variable: rurlpath /Library/WebServer/Documents/vueshopserver/Common/function.php 第 13 行.

[ 2018-05-18T12:16:47+08:00 ] ::1 /api/user/myorder/reviewOrder?uid=696443691&page=1&token=1ec949a15fb709370f
INFO: [ app_init ] --START--
INFO: Run Behavior\BuildLiteBehavior [ RunTime:0.000010s ]
INFO: [ app_init ] --END-- [ RunTime:0.000327s ]
INFO: [ app_begin ] --START--
INFO: Run Behavior\ReadHtmlCacheBehavior [ RunTime:0.000475s ]
INFO: [ app_begin ] --END-- [ RunTime:0.000509s ]
NOTIC: [8] A session had already been started - ignoring session_start() /Library/WebServer/Documents/vueshopserver/ThinkPHP/Common/functions.php 第 1264 行.
SQL: SHOW COLUMNS FROM `app_token` [ RunTime:0.0085s ]
SQL: SELECT `token` FROM `app_token` LIMIT 1   [ RunTime:0.0076s ]
SQL: SHOW COLUMNS FROM `app_order` [ RunTime:0.0088s ]
NOTIC: [8192] Non-static method Think\MyModel::parseSql() should not be called statically /Library/WebServer/Documents/vueshopserver/Application/User/Model/OrderModel.class.php 第 141 行.
NOTIC: [8192] Non-static method Think\MyModel::getTableName() should not be called statically /Library/WebServer/Documents/vueshopserver/ThinkPHP/Library/Think/MyModel.class.php 第 35 行.
NOTIC: [8192] Non-static method Think\MyModel::parse_name() should not be called statically /Library/WebServer/Documents/vueshopserver/ThinkPHP/Library/Think/MyModel.class.php 第 47 行.
NOTIC: [8192] Non-static method Think\MyModel::parseSql() should not be called statically /Library/WebServer/Documents/vueshopserver/Application/User/Model/OrderModel.class.php 第 150 行.
NOTIC: [8192] Non-static method Think\MyModel::getTableName() should not be called statically /Library/WebServer/Documents/vueshopserver/ThinkPHP/Library/Think/MyModel.class.php 第 35 行.
NOTIC: [8192] Non-static method Think\MyModel::parseSql() should not be called statically /Library/WebServer/Documents/vueshopserver/Application/User/Model/OrderModel.class.php 第 154 行.
NOTIC: [8192] Non-static method Think\MyModel::getTableName() should not be called statically /Library/WebServer/Documents/vueshopserver/ThinkPHP/Library/Think/MyModel.class.php 第 35 行.
NOTIC: [8192] Non-static method Think\MyModel::parseSql() should not be called statically /Library/WebServer/Documents/vueshopserver/Application/User/Model/OrderModel.class.php 第 157 行.
NOTIC: [8192] Non-static method Think\MyModel::getTableName() should not be called statically /Library/WebServer/Documents/vueshopserver/ThinkPHP/Library/Think/MyModel.class.php 第 35 行.
NOTIC: [8] Undefined offset: 0 /Library/WebServer/Documents/vueshopserver/Common/function.php 第 10 行.
NOTIC: [8] Undefined variable: rurlpath /Library/WebServer/Documents/vueshopserver/Common/function.php 第 13 行.
NOTIC: [8] Undefined offset: 0 /Library/WebServer/Documents/vueshopserver/Common/function.php 第 10 行.
NOTIC: [8] Undefined variable: rurlpath /Library/WebServer/Documents/vueshopserver/Common/function.php 第 13 行.
NOTIC: [8] Undefined offset: 0 /Library/WebServer/Documents/vueshopserver/Common/function.php 第 10 行.
NOTIC: [8] Undefined variable: rurlpath /Library/WebServer/Documents/vueshopserver/Common/function.php 第 13 行.
NOTIC: [8] Undefined offset: 0 /Library/WebServer/Documents/vueshopserver/Common/function.php 第 10 行.
NOTIC: [8] Undefined variable: rurlpath /Library/WebServer/Documents/vueshopserver/Common/function.php 第 13 行.
NOTIC: [8] Undefined offset: 0 /Library/WebServer/Documents/vueshopserver/Common/function.php 第 10 行.
NOTIC: [8] Undefined variable: rurlpath /Library/WebServer/Documents/vueshopserver/Common/function.php 第 13 行.
NOTIC: [8] Undefined offset: 0 /Library/WebServer/Documents/vueshopserver/Common/function.php 第 10 行.
NOTIC: [8] Undefined variable: rurlpath /Library/WebServer/Documents/vueshopserver/Common/function.php 第 13 行.
NOTIC: [8] Undefined offset: 0 /Library/WebServer/Documents/vueshopserver/Common/function.php 第 10 行.
NOTIC: [8] Undefined variable: rurlpath /Library/WebServer/Documents/vueshopserver/Common/function.php 第 13 行.
NOTIC: [8] Undefined offset: 0 /Library/WebServer/Documents/vueshopserver/Common/function.php 第 10 行.
NOTIC: [8] Undefined variable: rurlpath /Library/WebServer/Documents/vueshopserver/Common/function.php 第 13 行.
NOTIC: [8] Undefined offset: 0 /Library/WebServer/Documents/vueshopserver/Common/function.php 第 10 行.
NOTIC: [8] Undefined variable: rurlpath /Library/WebServer/Documents/vueshopserver/Common/function.php 第 13 行.
NOTIC: [8] Undefined offset: 0 /Library/WebServer/Documents/vueshopserver/Common/function.php 第 10 行.
NOTIC: [8] Undefined variable: rurlpath /Library/WebServer/Documents/vueshopserver/Common/function.php 第 13 行.

[ 2018-05-18T12:17:20+08:00 ] ::1 /api/user/myorder/reviewOrder?uid=696443691&page=1&token=1ec949a15fb709370f
INFO: [ app_init ] --START--
INFO: Run Behavior\BuildLiteBehavior [ RunTime:0.000005s ]
INFO: [ app_init ] --END-- [ RunTime:0.000138s ]
INFO: [ app_begin ] --START--
INFO: Run Behavior\ReadHtmlCacheBehavior [ RunTime:0.000188s ]
INFO: [ app_begin ] --END-- [ RunTime:0.000200s ]
NOTIC: [8] A session had already been started - ignoring session_start() /Library/WebServer/Documents/vueshopserver/ThinkPHP/Common/functions.php 第 1264 行.
SQL: SHOW COLUMNS FROM `app_token` [ RunTime:0.0105s ]
SQL: SELECT `token` FROM `app_token` LIMIT 1   [ RunTime:0.0097s ]
SQL: SHOW COLUMNS FROM `app_order` [ RunTime:0.0110s ]
NOTIC: [8192] Non-static method Think\MyModel::parseSql() should not be called statically /Library/WebServer/Documents/vueshopserver/Application/User/Model/OrderModel.class.php 第 141 行.
NOTIC: [8192] Non-static method Think\MyModel::getTableName() should not be called statically /Library/WebServer/Documents/vueshopserver/ThinkPHP/Library/Think/MyModel.class.php 第 35 行.
NOTIC: [8192] Non-static method Think\MyModel::parse_name() should not be called statically /Library/WebServer/Documents/vueshopserver/ThinkPHP/Library/Think/MyModel.class.php 第 47 行.
NOTIC: [8192] Non-static method Think\MyModel::parseSql() should not be called statically /Library/WebServer/Documents/vueshopserver/Application/User/Model/OrderModel.class.php 第 150 行.
NOTIC: [8192] Non-static method Think\MyModel::getTableName() should not be called statically /Library/WebServer/Documents/vueshopserver/ThinkPHP/Library/Think/MyModel.class.php 第 35 行.
NOTIC: [8192] Non-static method Think\MyModel::parseSql() should not be called statically /Library/WebServer/Documents/vueshopserver/Application/User/Model/OrderModel.class.php 第 154 行.
NOTIC: [8192] Non-static method Think\MyModel::getTableName() should not be called statically /Library/WebServer/Documents/vueshopserver/ThinkPHP/Library/Think/MyModel.class.php 第 35 行.
NOTIC: [8192] Non-static method Think\MyModel::parseSql() should not be called statically /Library/WebServer/Documents/vueshopserver/Application/User/Model/OrderModel.class.php 第 157 行.
NOTIC: [8192] Non-static method Think\MyModel::getTableName() should not be called statically /Library/WebServer/Documents/vueshopserver/ThinkPHP/Library/Think/MyModel.class.php 第 35 行.
NOTIC: [8] Undefined offset: 0 /Library/WebServer/Documents/vueshopserver/Common/function.php 第 10 行.
NOTIC: [8] Undefined variable: rurlpath /Library/WebServer/Documents/vueshopserver/Common/function.php 第 13 行.
NOTIC: [8] Undefined offset: 0 /Library/WebServer/Documents/vueshopserver/Common/function.php 第 10 行.
NOTIC: [8] Undefined variable: rurlpath /Library/WebServer/Documents/vueshopserver/Common/function.php 第 13 行.
NOTIC: [8] Undefined offset: 0 /Library/WebServer/Documents/vueshopserver/Common/function.php 第 10 行.
NOTIC: [8] Undefined variable: rurlpath /Library/WebServer/Documents/vueshopserver/Common/function.php 第 13 行.
NOTIC: [8] Undefined offset: 0 /Library/WebServer/Documents/vueshopserver/Common/function.php 第 10 行.
NOTIC: [8] Undefined variable: rurlpath /Library/WebServer/Documents/vueshopserver/Common/function.php 第 13 行.
NOTIC: [8] Undefined offset: 0 /Library/WebServer/Documents/vueshopserver/Common/function.php 第 10 行.
NOTIC: [8] Undefined variable: rurlpath /Library/WebServer/Documents/vueshopserver/Common/function.php 第 13 行.
NOTIC: [8] Undefined offset: 0 /Library/WebServer/Documents/vueshopserver/Common/function.php 第 10 行.
NOTIC: [8] Undefined variable: rurlpath /Library/WebServer/Documents/vueshopserver/Common/function.php 第 13 行.
NOTIC: [8] Undefined offset: 0 /Library/WebServer/Documents/vueshopserver/Common/function.php 第 10 行.
NOTIC: [8] Undefined variable: rurlpath /Library/WebServer/Documents/vueshopserver/Common/function.php 第 13 行.
NOTIC: [8] Undefined offset: 0 /Library/WebServer/Documents/vueshopserver/Common/function.php 第 10 行.
NOTIC: [8] Undefined variable: rurlpath /Library/WebServer/Documents/vueshopserver/Common/function.php 第 13 行.
NOTIC: [8] Undefined offset: 0 /Library/WebServer/Documents/vueshopserver/Common/function.php 第 10 行.
NOTIC: [8] Undefined variable: rurlpath /Library/WebServer/Documents/vueshopserver/Common/function.php 第 13 行.
NOTIC: [8] Undefined offset: 0 /Library/WebServer/Documents/vueshopserver/Common/function.php 第 10 行.
NOTIC: [8] Undefined variable: rurlpath /Library/WebServer/Documents/vueshopserver/Common/function.php 第 13 行.

[ 2018-05-18T12:18:00+08:00 ] ::1 /api/user/myorder/reviewOrder?uid=696443691&page=2&token=1ec949a15fb709370f
INFO: [ app_init ] --START--
INFO: Run Behavior\BuildLiteBehavior [ RunTime:0.000006s ]
INFO: [ app_init ] --END-- [ RunTime:0.000160s ]
INFO: [ app_begin ] --START--
INFO: Run Behavior\ReadHtmlCacheBehavior [ RunTime:0.000198s ]
INFO: [ app_begin ] --END-- [ RunTime:0.000212s ]
NOTIC: [8] A session had already been started - ignoring session_start() /Library/WebServer/Documents/vueshopserver/ThinkPHP/Common/functions.php 第 1264 行.
SQL: SHOW COLUMNS FROM `app_token` [ RunTime:0.0122s ]
SQL: SELECT `token` FROM `app_token` LIMIT 1   [ RunTime:0.0088s ]
SQL: SHOW COLUMNS FROM `app_order` [ RunTime:0.0102s ]
NOTIC: [8192] Non-static method Think\MyModel::parseSql() should not be called statically /Library/WebServer/Documents/vueshopserver/Application/User/Model/OrderModel.class.php 第 141 行.
NOTIC: [8192] Non-static method Think\MyModel::getTableName() should not be called statically /Library/WebServer/Documents/vueshopserver/ThinkPHP/Library/Think/MyModel.class.php 第 35 行.
NOTIC: [8192] Non-static method Think\MyModel::parse_name() should not be called statically /Library/WebServer/Documents/vueshopserver/ThinkPHP/Library/Think/MyModel.class.php 第 47 行.
NOTIC: [8192] Non-static method Think\MyModel::parseSql() should not be called statically /Library/WebServer/Documents/vueshopserver/Application/User/Model/OrderModel.class.php 第 150 行.
NOTIC: [8192] Non-static method Think\MyModel::getTableName() should not be called statically /Library/WebServer/Documents/vueshopserver/ThinkPHP/Library/Think/MyModel.class.php 第 35 行.
NOTIC: [8192] Non-static method Think\MyModel::parseSql() should not be called statically /Library/WebServer/Documents/vueshopserver/Application/User/Model/OrderModel.class.php 第 154 行.
NOTIC: [8192] Non-static method Think\MyModel::getTableName() should not be called statically /Library/WebServer/Documents/vueshopserver/ThinkPHP/Library/Think/MyModel.class.php 第 35 行.
NOTIC: [8192] Non-static method Think\MyModel::parseSql() should not be called statically /Library/WebServer/Documents/vueshopserver/Application/User/Model/OrderModel.class.php 第 157 行.
NOTIC: [8192] Non-static method Think\MyModel::getTableName() should not be called statically /Library/WebServer/Documents/vueshopserver/ThinkPHP/Library/Think/MyModel.class.php 第 35 行.
NOTIC: [8] Undefined offset: 0 /Library/WebServer/Documents/vueshopserver/Common/function.php 第 10 行.
NOTIC: [8] Undefined variable: rurlpath /Library/WebServer/Documents/vueshopserver/Common/function.php 第 13 行.
NOTIC: [8] Undefined offset: 0 /Library/WebServer/Documents/vueshopserver/Common/function.php 第 10 行.
NOTIC: [8] Undefined variable: rurlpath /Library/WebServer/Documents/vueshopserver/Common/function.php 第 13 行.
NOTIC: [8] Undefined offset: 0 /Library/WebServer/Documents/vueshopserver/Common/function.php 第 10 行.
NOTIC: [8] Undefined variable: rurlpath /Library/WebServer/Documents/vueshopserver/Common/function.php 第 13 行.

[ 2018-05-18T12:18:18+08:00 ] ::1 /api/user/myorder/reviewOrder?uid=696443691&page=2&token=1ec949a15fb709370f
INFO: [ app_init ] --START--
INFO: Run Behavior\BuildLiteBehavior [ RunTime:0.000006s ]
INFO: [ app_init ] --END-- [ RunTime:0.000144s ]
INFO: [ app_begin ] --START--
INFO: Run Behavior\ReadHtmlCacheBehavior [ RunTime:0.000191s ]
INFO: [ app_begin ] --END-- [ RunTime:0.000205s ]
NOTIC: [8] A session had already been started - ignoring session_start() /Library/WebServer/Documents/vueshopserver/ThinkPHP/Common/functions.php 第 1264 行.
SQL: SHOW COLUMNS FROM `app_token` [ RunTime:0.0094s ]
SQL: SELECT `token` FROM `app_token` LIMIT 1   [ RunTime:0.0092s ]
SQL: SHOW COLUMNS FROM `app_order` [ RunTime:0.0102s ]
NOTIC: [8192] Non-static method Think\MyModel::parseSql() should not be called statically /Library/WebServer/Documents/vueshopserver/Application/User/Model/OrderModel.class.php 第 141 行.
NOTIC: [8192] Non-static method Think\MyModel::getTableName() should not be called statically /Library/WebServer/Documents/vueshopserver/ThinkPHP/Library/Think/MyModel.class.php 第 35 行.
NOTIC: [8192] Non-static method Think\MyModel::parse_name() should not be called statically /Library/WebServer/Documents/vueshopserver/ThinkPHP/Library/Think/MyModel.class.php 第 47 行.
NOTIC: [8192] Non-static method Think\MyModel::parseSql() should not be called statically /Library/WebServer/Documents/vueshopserver/Application/User/Model/OrderModel.class.php 第 150 行.
NOTIC: [8192] Non-static method Think\MyModel::getTableName() should not be called statically /Library/WebServer/Documents/vueshopserver/ThinkPHP/Library/Think/MyModel.class.php 第 35 行.
NOTIC: [8192] Non-static method Think\MyModel::parseSql() should not be called statically /Library/WebServer/Documents/vueshopserver/Application/User/Model/OrderModel.class.php 第 154 行.
NOTIC: [8192] Non-static method Think\MyModel::getTableName() should not be called statically /Library/WebServer/Documents/vueshopserver/ThinkPHP/Library/Think/MyModel.class.php 第 35 行.
NOTIC: [8192] Non-static method Think\MyModel::parseSql() should not be called statically /Library/WebServer/Documents/vueshopserver/Application/User/Model/OrderModel.class.php 第 157 行.
NOTIC: [8192] Non-static method Think\MyModel::getTableName() should not be called statically /Library/WebServer/Documents/vueshopserver/ThinkPHP/Library/Think/MyModel.class.php 第 35 行.
NOTIC: [8] Undefined offset: 0 /Library/WebServer/Documents/vueshopserver/Common/function.php 第 10 行.
NOTIC: [8] Undefined variable: rurlpath /Library/WebServer/Documents/vueshopserver/Common/function.php 第 13 行.
NOTIC: [8] Undefined offset: 0 /Library/WebServer/Documents/vueshopserver/Common/function.php 第 10 行.
NOTIC: [8] Undefined variable: rurlpath /Library/WebServer/Documents/vueshopserver/Common/function.php 第 13 行.
NOTIC: [8] Undefined offset: 0 /Library/WebServer/Documents/vueshopserver/Common/function.php 第 10 行.
NOTIC: [8] Undefined variable: rurlpath /Library/WebServer/Documents/vueshopserver/Common/function.php 第 13 行.

[ 2018-05-18T13:06:22+08:00 ] ::1 /api/user/myorder/reviewOrder?uid=696443691&page=2&token=1ec949a15fb709370f
INFO: [ app_init ] --START--
INFO: Run Behavior\BuildLiteBehavior [ RunTime:0.000005s ]
INFO: [ app_init ] --END-- [ RunTime:0.000147s ]
INFO: [ app_begin ] --START--
INFO: Run Behavior\ReadHtmlCacheBehavior [ RunTime:0.000193s ]
INFO: [ app_begin ] --END-- [ RunTime:0.000207s ]
NOTIC: [8] A session had already been started - ignoring session_start() /Library/WebServer/Documents/vueshopserver/ThinkPHP/Common/functions.php 第 1264 行.
SQL: SHOW COLUMNS FROM `app_token` [ RunTime:0.0098s ]
SQL: SELECT `token` FROM `app_token` LIMIT 1   [ RunTime:0.0092s ]
SQL: SHOW COLUMNS FROM `app_order` [ RunTime:0.0182s ]
NOTIC: [8192] Non-static method Think\MyModel::parseSql() should not be called statically /Library/WebServer/Documents/vueshopserver/Application/User/Model/OrderModel.class.php 第 141 行.
NOTIC: [8192] Non-static method Think\MyModel::getTableName() should not be called statically /Library/WebServer/Documents/vueshopserver/ThinkPHP/Library/Think/MyModel.class.php 第 35 行.
NOTIC: [8192] Non-static method Think\MyModel::parse_name() should not be called statically /Library/WebServer/Documents/vueshopserver/ThinkPHP/Library/Think/MyModel.class.php 第 47 行.
NOTIC: [8192] Non-static method Think\MyModel::parseSql() should not be called statically /Library/WebServer/Documents/vueshopserver/Application/User/Model/OrderModel.class.php 第 150 行.
NOTIC: [8192] Non-static method Think\MyModel::getTableName() should not be called statically /Library/WebServer/Documents/vueshopserver/ThinkPHP/Library/Think/MyModel.class.php 第 35 行.
NOTIC: [8192] Non-static method Think\MyModel::parseSql() should not be called statically /Library/WebServer/Documents/vueshopserver/Application/User/Model/OrderModel.class.php 第 154 行.
NOTIC: [8192] Non-static method Think\MyModel::getTableName() should not be called statically /Library/WebServer/Documents/vueshopserver/ThinkPHP/Library/Think/MyModel.class.php 第 35 行.
NOTIC: [8192] Non-static method Think\MyModel::parseSql() should not be called statically /Library/WebServer/Documents/vueshopserver/Application/User/Model/OrderModel.class.php 第 157 行.
NOTIC: [8192] Non-static method Think\MyModel::getTableName() should not be called statically /Library/WebServer/Documents/vueshopserver/ThinkPHP/Library/Think/MyModel.class.php 第 35 行.
NOTIC: [8] Undefined offset: 0 /Library/WebServer/Documents/vueshopserver/Common/function.php 第 10 行.
NOTIC: [8] Undefined variable: rurlpath /Library/WebServer/Documents/vueshopserver/Common/function.php 第 13 行.
NOTIC: [8] Undefined offset: 0 /Library/WebServer/Documents/vueshopserver/Common/function.php 第 10 行.
NOTIC: [8] Undefined variable: rurlpath /Library/WebServer/Documents/vueshopserver/Common/function.php 第 13 行.
NOTIC: [8] Undefined offset: 0 /Library/WebServer/Documents/vueshopserver/Common/function.php 第 10 行.
NOTIC: [8] Undefined variable: rurlpath /Library/WebServer/Documents/vueshopserver/Common/function.php 第 13 行.
NOTIC: [8] Undefined offset: 0 /Library/WebServer/Documents/vueshopserver/Common/function.php 第 10 行.
NOTIC: [8] Undefined variable: rurlpath /Library/WebServer/Documents/vueshopserver/Common/function.php 第 13 行.
NOTIC: [8] Undefined offset: 0 /Library/WebServer/Documents/vueshopserver/Common/function.php 第 10 行.
NOTIC: [8] Undefined variable: rurlpath /Library/WebServer/Documents/vueshopserver/Common/function.php 第 13 行.

[ 2018-05-18T13:06:56+08:00 ] ::1 /api/user/myorder/reviewOrder?uid=696443691&page=2&token=1ec949a15fb709370f
INFO: [ app_init ] --START--
INFO: Run Behavior\BuildLiteBehavior [ RunTime:0.000004s ]
INFO: [ app_init ] --END-- [ RunTime:0.000141s ]
INFO: [ app_begin ] --START--
INFO: Run Behavior\ReadHtmlCacheBehavior [ RunTime:0.000190s ]
INFO: [ app_begin ] --END-- [ RunTime:0.000203s ]
NOTIC: [8] A session had already been started - ignoring session_start() /Library/WebServer/Documents/vueshopserver/ThinkPHP/Common/functions.php 第 1264 行.
SQL: SHOW COLUMNS FROM `app_token` [ RunTime:0.0166s ]
SQL: SELECT `token` FROM `app_token` LIMIT 1   [ RunTime:0.0221s ]
SQL: SHOW COLUMNS FROM `app_order` [ RunTime:0.0116s ]
NOTIC: [8192] Non-static method Think\MyModel::parseSql() should not be called statically /Library/WebServer/Documents/vueshopserver/Application/User/Model/OrderModel.class.php 第 141 行.
NOTIC: [8192] Non-static method Think\MyModel::getTableName() should not be called statically /Library/WebServer/Documents/vueshopserver/ThinkPHP/Library/Think/MyModel.class.php 第 35 行.
NOTIC: [8192] Non-static method Think\MyModel::parse_name() should not be called statically /Library/WebServer/Documents/vueshopserver/ThinkPHP/Library/Think/MyModel.class.php 第 47 行.
NOTIC: [8192] Non-static method Think\MyModel::parseSql() should not be called statically /Library/WebServer/Documents/vueshopserver/Application/User/Model/OrderModel.class.php 第 150 行.
NOTIC: [8192] Non-static method Think\MyModel::getTableName() should not be called statically /Library/WebServer/Documents/vueshopserver/ThinkPHP/Library/Think/MyModel.class.php 第 35 行.
NOTIC: [8192] Non-static method Think\MyModel::parseSql() should not be called statically /Library/WebServer/Documents/vueshopserver/Application/User/Model/OrderModel.class.php 第 154 行.
NOTIC: [8192] Non-static method Think\MyModel::getTableName() should not be called statically /Library/WebServer/Documents/vueshopserver/ThinkPHP/Library/Think/MyModel.class.php 第 35 行.
NOTIC: [8192] Non-static method Think\MyModel::parseSql() should not be called statically /Library/WebServer/Documents/vueshopserver/Application/User/Model/OrderModel.class.php 第 157 行.
NOTIC: [8192] Non-static method Think\MyModel::getTableName() should not be called statically /Library/WebServer/Documents/vueshopserver/ThinkPHP/Library/Think/MyModel.class.php 第 35 行.
NOTIC: [8] Undefined offset: 0 /Library/WebServer/Documents/vueshopserver/Common/function.php 第 10 行.
NOTIC: [8] Undefined variable: rurlpath /Library/WebServer/Documents/vueshopserver/Common/function.php 第 13 行.
NOTIC: [8] Undefined offset: 0 /Library/WebServer/Documents/vueshopserver/Common/function.php 第 10 行.
NOTIC: [8] Undefined variable: rurlpath /Library/WebServer/Documents/vueshopserver/Common/function.php 第 13 行.
NOTIC: [8] Undefined offset: 0 /Library/WebServer/Documents/vueshopserver/Common/function.php 第 10 行.
NOTIC: [8] Undefined variable: rurlpath /Library/WebServer/Documents/vueshopserver/Common/function.php 第 13 行.

[ 2018-05-18T13:07:05+08:00 ] ::1 /api/user/myorder/reviewOrder?uid=696443691&page=1&token=1ec949a15fb709370f
INFO: [ app_init ] --START--
INFO: Run Behavior\BuildLiteBehavior [ RunTime:0.000005s ]
INFO: [ app_init ] --END-- [ RunTime:0.000148s ]
INFO: [ app_begin ] --START--
INFO: Run Behavior\ReadHtmlCacheBehavior [ RunTime:0.000194s ]
INFO: [ app_begin ] --END-- [ RunTime:0.000208s ]
NOTIC: [8] A session had already been started - ignoring session_start() /Library/WebServer/Documents/vueshopserver/ThinkPHP/Common/functions.php 第 1264 行.
SQL: SHOW COLUMNS FROM `app_token` [ RunTime:0.0103s ]
SQL: SELECT `token` FROM `app_token` LIMIT 1   [ RunTime:0.0128s ]
SQL: SHOW COLUMNS FROM `app_order` [ RunTime:0.0104s ]
NOTIC: [8192] Non-static method Think\MyModel::parseSql() should not be called statically /Library/WebServer/Documents/vueshopserver/Application/User/Model/OrderModel.class.php 第 141 行.
NOTIC: [8192] Non-static method Think\MyModel::getTableName() should not be called statically /Library/WebServer/Documents/vueshopserver/ThinkPHP/Library/Think/MyModel.class.php 第 35 行.
NOTIC: [8192] Non-static method Think\MyModel::parse_name() should not be called statically /Library/WebServer/Documents/vueshopserver/ThinkPHP/Library/Think/MyModel.class.php 第 47 行.
NOTIC: [8192] Non-static method Think\MyModel::parseSql() should not be called statically /Library/WebServer/Documents/vueshopserver/Application/User/Model/OrderModel.class.php 第 150 行.
NOTIC: [8192] Non-static method Think\MyModel::getTableName() should not be called statically /Library/WebServer/Documents/vueshopserver/ThinkPHP/Library/Think/MyModel.class.php 第 35 行.
NOTIC: [8192] Non-static method Think\MyModel::parseSql() should not be called statically /Library/WebServer/Documents/vueshopserver/Application/User/Model/OrderModel.class.php 第 154 行.
NOTIC: [8192] Non-static method Think\MyModel::getTableName() should not be called statically /Library/WebServer/Documents/vueshopserver/ThinkPHP/Library/Think/MyModel.class.php 第 35 行.
NOTIC: [8192] Non-static method Think\MyModel::parseSql() should not be called statically /Library/WebServer/Documents/vueshopserver/Application/User/Model/OrderModel.class.php 第 157 行.
NOTIC: [8192] Non-static method Think\MyModel::getTableName() should not be called statically /Library/WebServer/Documents/vueshopserver/ThinkPHP/Library/Think/MyModel.class.php 第 35 行.
NOTIC: [8] Undefined offset: 0 /Library/WebServer/Documents/vueshopserver/Common/function.php 第 10 行.
NOTIC: [8] Undefined variable: rurlpath /Library/WebServer/Documents/vueshopserver/Common/function.php 第 13 行.
NOTIC: [8] Undefined offset: 0 /Library/WebServer/Documents/vueshopserver/Common/function.php 第 10 行.
NOTIC: [8] Undefined variable: rurlpath /Library/WebServer/Documents/vueshopserver/Common/function.php 第 13 行.
NOTIC: [8] Undefined offset: 0 /Library/WebServer/Documents/vueshopserver/Common/function.php 第 10 行.
NOTIC: [8] Undefined variable: rurlpath /Library/WebServer/Documents/vueshopserver/Common/function.php 第 13 行.
NOTIC: [8] Undefined offset: 0 /Library/WebServer/Documents/vueshopserver/Common/function.php 第 10 行.
NOTIC: [8] Undefined variable: rurlpath /Library/WebServer/Documents/vueshopserver/Common/function.php 第 13 行.
NOTIC: [8] Undefined offset: 0 /Library/WebServer/Documents/vueshopserver/Common/function.php 第 10 行.
NOTIC: [8] Undefined variable: rurlpath /Library/WebServer/Documents/vueshopserver/Common/function.php 第 13 行.
NOTIC: [8] Undefined offset: 0 /Library/WebServer/Documents/vueshopserver/Common/function.php 第 10 行.
NOTIC: [8] Undefined variable: rurlpath /Library/WebServer/Documents/vueshopserver/Common/function.php 第 13 行.
NOTIC: [8] Undefined offset: 0 /Library/WebServer/Documents/vueshopserver/Common/function.php 第 10 行.
NOTIC: [8] Undefined variable: rurlpath /Library/WebServer/Documents/vueshopserver/Common/function.php 第 13 行.
NOTIC: [8] Undefined offset: 0 /Library/WebServer/Documents/vueshopserver/Common/function.php 第 10 行.
NOTIC: [8] Undefined variable: rurlpath /Library/WebServer/Documents/vueshopserver/Common/function.php 第 13 行.
NOTIC: [8] Undefined offset: 0 /Library/WebServer/Documents/vueshopserver/Common/function.php 第 10 行.
NOTIC: [8] Undefined variable: rurlpath /Library/WebServer/Documents/vueshopserver/Common/function.php 第 13 行.
NOTIC: [8] Undefined offset: 0 /Library/WebServer/Documents/vueshopserver/Common/function.php 第 10 行.
NOTIC: [8] Undefined variable: rurlpath /Library/WebServer/Documents/vueshopserver/Common/function.php 第 13 行.
NOTIC: [8] Undefined offset: 0 /Library/WebServer/Documents/vueshopserver/Common/function.php 第 10 行.
NOTIC: [8] Undefined variable: rurlpath /Library/WebServer/Documents/vueshopserver/Common/function.php 第 13 行.

