2016-07-07 22:22:20, INFO, ::1, File[ /Library/WebServer/Documents/xiaoxionghui/SDK/unionpay/sdk/cert_util.php ], Line[37]------ 读取签名证书…… 
2016-07-07 22:22:20, INFO, ::1, File[ /Library/WebServer/Documents/xiaoxionghui/SDK/unionpay/sdk/cert_util.php ], Line[62]------ 签名证书读取成功，序列号：68759663125 
2016-07-07 22:22:20, INFO, ::1, File[ /Library/WebServer/Documents/xiaoxionghui/SDK/unionpay/sdk/acpService.class.php ], Line[22]------ =====签名报文开始====== 
2016-07-07 22:22:20, INFO, ::1, File[ /Library/WebServer/Documents/xiaoxionghui/SDK/unionpay/sdk/acpService.class.php ], Line[28]------ 签名key=val&...串 >accessType=0&backUrl=http://xxh.sino-web.cn/yinlian/callback/backReceive.php&bizType=000201&certId=68759663125&channelType=08&currencyCode=156&encoding=utf-8&frontUrl=http://localhost/yinlian/callback/frontReceive.php&merId=777290058110048&orderId=1467901340&signMethod=01&txnAmt=240&txnSubType=01&txnTime=20160707222220&txnType=01&version=5.0.0 
2016-07-07 22:22:20, INFO, ::1, File[ /Library/WebServer/Documents/xiaoxionghui/SDK/unionpay/sdk/acpService.class.php ], Line[31]------ 摘要sha1x16 >d4994dfa4c11bffeb87eabc10b7e42debc3febcd 
2016-07-07 22:22:20, INFO, ::1, File[ /Library/WebServer/Documents/xiaoxionghui/SDK/unionpay/sdk/acpService.class.php ], Line[39]------ 签名串为 >GUD3ZTVzKUd9+L7W+w0V0gM6dH4G6AaTOtprUJyqRgCApyDShQmEd47Q8RaoHtGehfj6Bzk0ieBvPkggP5Cu6OSNst/wSgvdq0orW8zchvY0UwgDDcraAcFxingJK9vlNLhLJ6NjVVkYW6QRrOHo+irnNHpO+5p3DxXYycBScggh71TQKzgRCcyj+mV/Nc78eXFWr0CTjax7tKj64rOhfEYVNPGiEkLIoSkdF+lCZM9yuqzcRcUzO+MacxFoi05iyFn/d6Mvb7BkMeoSydKqpXvbte/t6qLUtAE4N4e8gJpfi9LIBsM24ky+s2HRNiSD2wIxqBhMEcnAsH2ll1TWwQ== 
2016-07-07 22:22:20, INFO, ::1, File[ /Library/WebServer/Documents/xiaoxionghui/SDK/unionpay/sdk/acpService.class.php ], Line[44]------ =====签名报文结束====== 
2016-07-07 22:22:20, INFO, ::1, File[ /Library/WebServer/Documents/xiaoxionghui/SDK/unionpay/sdk/acpService.class.php ], Line[200]------ 自动跳转html><html>
<head>
    <meta http-equiv="Content-Type" content="text/html; charset=utf-8" />
</head>
<body onload="javascript:document.pay_form.submit();">
    <form id="pay_form" name="pay_form" action="https://101.231.204.80:5000/gateway/api/frontTransReq.do" method="post">
	    <input type="hidden" name="version" id="version" value="5.0.0" />
    <input type="hidden" name="encoding" id="encoding" value="utf-8" />
    <input type="hidden" name="txnType" id="txnType" value="01" />
    <input type="hidden" name="txnSubType" id="txnSubType" value="01" />
    <input type="hidden" name="bizType" id="bizType" value="000201" />
    <input type="hidden" name="frontUrl" id="frontUrl" value="http://localhost/yinlian/callback/frontReceive.php" />
    <input type="hidden" name="backUrl" id="backUrl" value="http://xxh.sino-web.cn/yinlian/callback/backReceive.php" />
    <input type="hidden" name="signMethod" id="signMethod" value="01" />
    <input type="hidden" name="channelType" id="channelType" value="08" />
    <input type="hidden" name="accessType" id="accessType" value="0" />
    <input type="hidden" name="currencyCode" id="currencyCode" value="156" />
    <input type="hidden" name="merId" id="merId" value="777290058110048" />
    <input type="hidden" name="orderId" id="orderId" value="1467901340" />
    <input type="hidden" name="txnTime" id="txnTime" value="20160707222220" />
    <input type="hidden" name="txnAmt" id="txnAmt" value="240" />
    <input type="hidden" name="certId" id="certId" value="68759663125" />
    <input type="hidden" name="signature" id="signature" value="GUD3ZTVzKUd9+L7W+w0V0gM6dH4G6AaTOtprUJyqRgCApyDShQmEd47Q8RaoHtGehfj6Bzk0ieBvPkggP5Cu6OSNst/wSgvdq0orW8zchvY0UwgDDcraAcFxingJK9vlNLhLJ6NjVVkYW6QRrOHo+irnNHpO+5p3DxXYycBScggh71TQKzgRCcyj+mV/Nc78eXFWr0CTjax7tKj64rOhfEYVNPGiEkLIoSkdF+lCZM9yuqzcRcUzO+MacxFoi05iyFn/d6Mvb7BkMeoSydKqpXvbte/t6qLUtAE4N4e8gJpfi9LIBsM24ky+s2HRNiSD2wIxqBhMEcnAsH2ll1TWwQ==" />
   <!-- <input type="submit" type="hidden">-->
    </form>
</body>
</html> 
2016-07-07 22:26:53, INFO, ::1, File[ /Library/WebServer/Documents/xiaoxionghui/SDK/unionpay/sdk/cert_util.php ], Line[37]------ 读取签名证书…… 
2016-07-07 22:26:53, INFO, ::1, File[ /Library/WebServer/Documents/xiaoxionghui/SDK/unionpay/sdk/cert_util.php ], Line[62]------ 签名证书读取成功，序列号：68759663125 
2016-07-07 22:26:53, INFO, ::1, File[ /Library/WebServer/Documents/xiaoxionghui/SDK/unionpay/sdk/acpService.class.php ], Line[22]------ =====签名报文开始====== 
2016-07-07 22:26:53, INFO, ::1, File[ /Library/WebServer/Documents/xiaoxionghui/SDK/unionpay/sdk/acpService.class.php ], Line[28]------ 签名key=val&...串 >accessType=0&backUrl=http://xxh.sino-web.cn/yinlian/callback/backReceive.php&bizType=000201&certId=68759663125&channelType=08&currencyCode=156&encoding=utf-8&frontUrl=http://localhost/yinlian/callback/frontReceive.php&merId=777290058110048&orderId=1467901613&signMethod=01&txnAmt=240&txnSubType=01&txnTime=20160707222653&txnType=01&version=5.0.0 
2016-07-07 22:26:53, INFO, ::1, File[ /Library/WebServer/Documents/xiaoxionghui/SDK/unionpay/sdk/acpService.class.php ], Line[31]------ 摘要sha1x16 >a303f492a63fe5167577eae02e55825145413593 
2016-07-07 22:26:53, INFO, ::1, File[ /Library/WebServer/Documents/xiaoxionghui/SDK/unionpay/sdk/acpService.class.php ], Line[39]------ 签名串为 >Bw4fAqpjp+pHSxe6EmzQKD7gZ4lBaGcKakMybdJgHw9jNHjjBp33O8lun1A41OXJoGJIt4LiyZH2mtXLfcoqRDf0AvTy6OJZc4IWB1B3ZPpPOsCTXJfRqLTtr+7LGzPmta/KqHnTV9XamO4L+JfOwTTQzSmpPRDEbBgUha/Ovn+yU8yoLRF5AygjL/pizBJGxxanP2OKMbSyH3BfTPXbV0deQ9WRfHc0e60bclBqDj8QS7cAKsZ4bjlMIs3WGSKqhR1xyigzNEWOlArxeLb31GUqUdhKudeW3zXpgsH3AfFPj2leBk57U8eMomCBKzpTvrEd2ZIDW9qf1NizF/EKEA== 
2016-07-07 22:26:53, INFO, ::1, File[ /Library/WebServer/Documents/xiaoxionghui/SDK/unionpay/sdk/acpService.class.php ], Line[44]------ =====签名报文结束====== 
2016-07-07 22:26:53, INFO, ::1, File[ /Library/WebServer/Documents/xiaoxionghui/SDK/unionpay/sdk/acpService.class.php ], Line[200]------ 自动跳转html><html>
<head>
    <meta http-equiv="Content-Type" content="text/html; charset=utf-8" />
</head>
<body onload="javascript:document.pay_form.submit();">
    <form id="pay_form" name="pay_form" action="https://101.231.204.80:5000/gateway/api/frontTransReq.do" method="post">
	    <input type="hidden" name="version" id="version" value="5.0.0" />
    <input type="hidden" name="encoding" id="encoding" value="utf-8" />
    <input type="hidden" name="txnType" id="txnType" value="01" />
    <input type="hidden" name="txnSubType" id="txnSubType" value="01" />
    <input type="hidden" name="bizType" id="bizType" value="000201" />
    <input type="hidden" name="frontUrl" id="frontUrl" value="http://localhost/yinlian/callback/frontReceive.php" />
    <input type="hidden" name="backUrl" id="backUrl" value="http://xxh.sino-web.cn/yinlian/callback/backReceive.php" />
    <input type="hidden" name="signMethod" id="signMethod" value="01" />
    <input type="hidden" name="channelType" id="channelType" value="08" />
    <input type="hidden" name="accessType" id="accessType" value="0" />
    <input type="hidden" name="currencyCode" id="currencyCode" value="156" />
    <input type="hidden" name="merId" id="merId" value="777290058110048" />
    <input type="hidden" name="orderId" id="orderId" value="1467901613" />
    <input type="hidden" name="txnTime" id="txnTime" value="20160707222653" />
    <input type="hidden" name="txnAmt" id="txnAmt" value="240" />
    <input type="hidden" name="certId" id="certId" value="68759663125" />
    <input type="hidden" name="signature" id="signature" value="Bw4fAqpjp+pHSxe6EmzQKD7gZ4lBaGcKakMybdJgHw9jNHjjBp33O8lun1A41OXJoGJIt4LiyZH2mtXLfcoqRDf0AvTy6OJZc4IWB1B3ZPpPOsCTXJfRqLTtr+7LGzPmta/KqHnTV9XamO4L+JfOwTTQzSmpPRDEbBgUha/Ovn+yU8yoLRF5AygjL/pizBJGxxanP2OKMbSyH3BfTPXbV0deQ9WRfHc0e60bclBqDj8QS7cAKsZ4bjlMIs3WGSKqhR1xyigzNEWOlArxeLb31GUqUdhKudeW3zXpgsH3AfFPj2leBk57U8eMomCBKzpTvrEd2ZIDW9qf1NizF/EKEA==" />
   <!-- <input type="submit" type="hidden">-->
    </form>
</body>
</html> 
2016-07-07 22:27:11, INFO, ::1, File[ /Library/WebServer/Documents/xiaoxionghui/SDK/unionpay/sdk/cert_util.php ], Line[124]------ 验证签名证书目录 :>/Library/WebServer/Documents/xiaoxionghui/SDK/unionpay/certs/demo/ 
2016-07-07 22:27:11, INFO, ::1, File[ /Library/WebServer/Documents/xiaoxionghui/SDK/unionpay/sdk/cert_util.php ], Line[153]------ /Library/WebServer/Documents/xiaoxionghui/SDK/unionpay/certs/demo//acp_test_enc.cer读取成功，序列号：68759622183 
2016-07-07 22:27:11, INFO, ::1, File[ /Library/WebServer/Documents/xiaoxionghui/SDK/unionpay/sdk/cert_util.php ], Line[153]------ /Library/WebServer/Documents/xiaoxionghui/SDK/unionpay/certs/demo//acp_test_verify_sign.cer读取成功，序列号：68759585097 
2016-07-07 22:28:49, INFO, ::1, File[ /Library/WebServer/Documents/xiaoxionghui/SDK/unionpay/sdk/cert_util.php ], Line[124]------ 验证签名证书目录 :>/Library/WebServer/Documents/xiaoxionghui/SDK/unionpay/certs/demo/ 
2016-07-07 22:28:49, INFO, ::1, File[ /Library/WebServer/Documents/xiaoxionghui/SDK/unionpay/sdk/cert_util.php ], Line[153]------ /Library/WebServer/Documents/xiaoxionghui/SDK/unionpay/certs/demo//acp_test_enc.cer读取成功，序列号：68759622183 
2016-07-07 22:28:49, INFO, ::1, File[ /Library/WebServer/Documents/xiaoxionghui/SDK/unionpay/sdk/cert_util.php ], Line[153]------ /Library/WebServer/Documents/xiaoxionghui/SDK/unionpay/certs/demo//acp_test_verify_sign.cer读取成功，序列号：68759585097 
2016-07-07 22:28:49, INFO, ::1, File[ /Library/WebServer/Documents/xiaoxionghui/SDK/unionpay/sdk/cert_util.php ], Line[172]------ 未匹配到序列号为[certId]的证书 
2016-07-07 22:28:49, INFO, ::1, File[ /Library/WebServer/Documents/xiaoxionghui/SDK/unionpay/sdk/acpService.class.php ], Line[62]------ 报文去[signature] key=val&串> 
2016-07-07 22:28:49, INFO, ::1, File[ /Library/WebServer/Documents/xiaoxionghui/SDK/unionpay/sdk/acpService.class.php ], Line[66]------ 摘要shax16>da39a3ee5e6b4b0d3255bfef95601890afd80709 
2016-07-07 22:28:49, INFO, ::1, File[ /Library/WebServer/Documents/xiaoxionghui/SDK/unionpay/sdk/acpService.class.php ], Line[68]------ 验签失败 
2016-07-07 22:33:46, INFO, ::1, File[ /Library/WebServer/Documents/xiaoxionghui/SDK/unionpay/sdk/cert_util.php ], Line[129]------ 验证签名证书目录 :>/Library/WebServer/Documents/xiaoxionghui/SDK/unionpay/sdk/../certs/demo/ 
2016-07-07 22:33:46, INFO, ::1, File[ /Library/WebServer/Documents/xiaoxionghui/SDK/unionpay/sdk/cert_util.php ], Line[158]------ /Library/WebServer/Documents/xiaoxionghui/SDK/unionpay/sdk/../certs/demo//acp_test_enc.cer读取成功，序列号：68759622183 
2016-07-07 22:33:46, INFO, ::1, File[ /Library/WebServer/Documents/xiaoxionghui/SDK/unionpay/sdk/cert_util.php ], Line[158]------ /Library/WebServer/Documents/xiaoxionghui/SDK/unionpay/sdk/../certs/demo//acp_test_verify_sign.cer读取成功，序列号：68759585097 
2016-07-07 22:33:46, INFO, ::1, File[ /Library/WebServer/Documents/xiaoxionghui/SDK/unionpay/sdk/cert_util.php ], Line[177]------ 未匹配到序列号为[certId]的证书 
2016-07-07 22:33:46, INFO, ::1, File[ /Library/WebServer/Documents/xiaoxionghui/SDK/unionpay/sdk/acpService.class.php ], Line[62]------ 报文去[signature] key=val&串> 
2016-07-07 22:33:46, INFO, ::1, File[ /Library/WebServer/Documents/xiaoxionghui/SDK/unionpay/sdk/acpService.class.php ], Line[66]------ 摘要shax16>da39a3ee5e6b4b0d3255bfef95601890afd80709 
2016-07-07 22:33:46, INFO, ::1, File[ /Library/WebServer/Documents/xiaoxionghui/SDK/unionpay/sdk/acpService.class.php ], Line[68]------ 验签失败 
2016-07-07 22:35:15, INFO, ::1, File[ /Library/WebServer/Documents/xiaoxionghui/SDK/unionpay/sdk/cert_util.php ], Line[129]------ 验证签名证书目录 :>/Library/WebServer/Documents/xiaoxionghui/SDK/unionpay/sdk/../certs/demo/ 
2016-07-07 22:35:15, INFO, ::1, File[ /Library/WebServer/Documents/xiaoxionghui/SDK/unionpay/sdk/cert_util.php ], Line[158]------ /Library/WebServer/Documents/xiaoxionghui/SDK/unionpay/sdk/../certs/demo//acp_test_enc.cer读取成功，序列号：68759622183 
2016-07-07 22:35:15, INFO, ::1, File[ /Library/WebServer/Documents/xiaoxionghui/SDK/unionpay/sdk/cert_util.php ], Line[158]------ /Library/WebServer/Documents/xiaoxionghui/SDK/unionpay/sdk/../certs/demo//acp_test_verify_sign.cer读取成功，序列号：68759585097 
2016-07-07 22:35:15, INFO, ::1, File[ /Library/WebServer/Documents/xiaoxionghui/SDK/unionpay/sdk/cert_util.php ], Line[177]------ 未匹配到序列号为[certId]的证书 
2016-07-07 22:35:15, INFO, ::1, File[ /Library/WebServer/Documents/xiaoxionghui/SDK/unionpay/sdk/acpService.class.php ], Line[62]------ 报文去[signature] key=val&串> 
2016-07-07 22:35:15, INFO, ::1, File[ /Library/WebServer/Documents/xiaoxionghui/SDK/unionpay/sdk/acpService.class.php ], Line[66]------ 摘要shax16>da39a3ee5e6b4b0d3255bfef95601890afd80709 
2016-07-07 22:35:15, INFO, ::1, File[ /Library/WebServer/Documents/xiaoxionghui/SDK/unionpay/sdk/acpService.class.php ], Line[68]------ 验签失败 
2016-07-07 22:35:56, INFO, ::1, File[ /Library/WebServer/Documents/xiaoxionghui/SDK/unionpay/sdk/cert_util.php ], Line[37]------ 读取签名证书…… 
2016-07-07 22:35:56, INFO, ::1, File[ /Library/WebServer/Documents/xiaoxionghui/SDK/unionpay/sdk/cert_util.php ], Line[62]------ 签名证书读取成功，序列号：68759663125 
2016-07-07 22:35:56, INFO, ::1, File[ /Library/WebServer/Documents/xiaoxionghui/SDK/unionpay/sdk/acpService.class.php ], Line[22]------ =====签名报文开始====== 
2016-07-07 22:35:56, INFO, ::1, File[ /Library/WebServer/Documents/xiaoxionghui/SDK/unionpay/sdk/acpService.class.php ], Line[28]------ 签名key=val&...串 >accessType=0&backUrl=http://localhost:86/api/home/pay/callback?token=386777c139fd9e2ac5&bizType=000201&certId=68759663125&channelType=08&currencyCode=156&encoding=utf-8&frontUrl=http://localhost:86/api/home/pay/callback?token=386777c139fd9e2ac5&merId=777290058110048&orderId=1467902156&signMethod=01&txnAmt=240&txnSubType=01&txnTime=20160707223556&txnType=01&version=5.0.0 
2016-07-07 22:35:56, INFO, ::1, File[ /Library/WebServer/Documents/xiaoxionghui/SDK/unionpay/sdk/acpService.class.php ], Line[31]------ 摘要sha1x16 >3554f2bfcca5dc960f2855a8d4f5fe395ff77886 
2016-07-07 22:35:56, INFO, ::1, File[ /Library/WebServer/Documents/xiaoxionghui/SDK/unionpay/sdk/acpService.class.php ], Line[39]------ 签名串为 >lnLHzIxm0dIhDUwQdTPl1ZNx+eWvMCbc1c4R4uWUry0jdCcNN2cy+nNg1bzZIM5RHD3VDrZ9dNk/JjP4//rqL6EZe82FMcPv1T4EWEIH0DSroPuapylQtnE6bJl5uQkDQRqeSpSGVw7S2Tbap39HUnQWTH4zWVOzilVuzbWyTcJrWfM7e6GqP1qZcAq2RiI4P8xgN8dy38UEBtC2E8BadcW0XnofMO3AS1EsacGpYp1Yiuxeljv3ZVF+mn3wBWYNGcJHvIi0eaoF19VsxgWdfsDf6ydN0HaJ82DdEZvwS4MDgXBAxnDW3NadJ+fhzHSUYmpAB0bJgo30wPBv3RaXSQ== 
2016-07-07 22:35:56, INFO, ::1, File[ /Library/WebServer/Documents/xiaoxionghui/SDK/unionpay/sdk/acpService.class.php ], Line[44]------ =====签名报文结束====== 
2016-07-07 22:35:56, INFO, ::1, File[ /Library/WebServer/Documents/xiaoxionghui/SDK/unionpay/sdk/acpService.class.php ], Line[200]------ 自动跳转html><html>
<head>
    <meta http-equiv="Content-Type" content="text/html; charset=utf-8" />
</head>
<body onload="javascript:document.pay_form.submit();">
    <form id="pay_form" name="pay_form" action="https://101.231.204.80:5000/gateway/api/frontTransReq.do" method="post">
	    <input type="hidden" name="version" id="version" value="5.0.0" />
    <input type="hidden" name="encoding" id="encoding" value="utf-8" />
    <input type="hidden" name="txnType" id="txnType" value="01" />
    <input type="hidden" name="txnSubType" id="txnSubType" value="01" />
    <input type="hidden" name="bizType" id="bizType" value="000201" />
    <input type="hidden" name="frontUrl" id="frontUrl" value="http://localhost:86/api/home/pay/callback?token=386777c139fd9e2ac5" />
    <input type="hidden" name="backUrl" id="backUrl" value="http://localhost:86/api/home/pay/callback?token=386777c139fd9e2ac5" />
    <input type="hidden" name="signMethod" id="signMethod" value="01" />
    <input type="hidden" name="channelType" id="channelType" value="08" />
    <input type="hidden" name="accessType" id="accessType" value="0" />
    <input type="hidden" name="currencyCode" id="currencyCode" value="156" />
    <input type="hidden" name="merId" id="merId" value="777290058110048" />
    <input type="hidden" name="orderId" id="orderId" value="1467902156" />
    <input type="hidden" name="txnTime" id="txnTime" value="20160707223556" />
    <input type="hidden" name="txnAmt" id="txnAmt" value="240" />
    <input type="hidden" name="certId" id="certId" value="68759663125" />
    <input type="hidden" name="signature" id="signature" value="lnLHzIxm0dIhDUwQdTPl1ZNx+eWvMCbc1c4R4uWUry0jdCcNN2cy+nNg1bzZIM5RHD3VDrZ9dNk/JjP4//rqL6EZe82FMcPv1T4EWEIH0DSroPuapylQtnE6bJl5uQkDQRqeSpSGVw7S2Tbap39HUnQWTH4zWVOzilVuzbWyTcJrWfM7e6GqP1qZcAq2RiI4P8xgN8dy38UEBtC2E8BadcW0XnofMO3AS1EsacGpYp1Yiuxeljv3ZVF+mn3wBWYNGcJHvIi0eaoF19VsxgWdfsDf6ydN0HaJ82DdEZvwS4MDgXBAxnDW3NadJ+fhzHSUYmpAB0bJgo30wPBv3RaXSQ==" />
   <!-- <input type="submit" type="hidden">-->
    </form>
</body>
</html> 
2016-07-07 22:36:25, INFO, ::1, File[ /Library/WebServer/Documents/xiaoxionghui/SDK/unionpay/sdk/cert_util.php ], Line[129]------ 验证签名证书目录 :>/Library/WebServer/Documents/xiaoxionghui/SDK/unionpay/sdk/../certs/demo/ 
2016-07-07 22:36:25, INFO, ::1, File[ /Library/WebServer/Documents/xiaoxionghui/SDK/unionpay/sdk/cert_util.php ], Line[158]------ /Library/WebServer/Documents/xiaoxionghui/SDK/unionpay/sdk/../certs/demo//acp_test_enc.cer读取成功，序列号：68759622183 
2016-07-07 22:36:25, INFO, ::1, File[ /Library/WebServer/Documents/xiaoxionghui/SDK/unionpay/sdk/cert_util.php ], Line[158]------ /Library/WebServer/Documents/xiaoxionghui/SDK/unionpay/sdk/../certs/demo//acp_test_verify_sign.cer读取成功，序列号：68759585097 
2016-07-07 22:36:25, INFO, ::1, File[ /Library/WebServer/Documents/xiaoxionghui/SDK/unionpay/sdk/acpService.class.php ], Line[62]------ 报文去[signature] key=val&串>accNo=UEuj4TWwwCeQeET0EbepvHhnM0KUWaYp7WVv/Sk6nnqBmRJbE1emGnaXsWswuaHqeBjzQvmpQDLcUwVH+OP2HMMquucruIq/vY7IfylH0qnYs9a8u2SZBJHSBXSuMOqZLEsWLp9pDYJAGyD8TIu5YhwGLz+8fNg4dxouEU0Jtj2WneJ8fm4TfDZJNa50S5jpvCVITUhTUFJF87cz01lWF6Nv0mgeKpeLhTrGw465Ewn4eD1HEszQza/Hzt+bZ30ZG4ppJ0jMPksZC4ugRkXtdGhFbWV44jfDgPyTxzi1v980Lkk2Li1qkiskEus634k9jO5y6zraHMVakure1ajSkg==&accessType=0&bizType=000201&certId=68759585097&currencyCode=156&encoding=utf-8&merId=777290058110048&orderId=1467902156&queryId=201607072235569101138&respCode=00&respMsg=success&settleAmt=240&settleCurrencyCode=156&settleDate=0707&signMethod=01&traceNo=910113&traceTime=0707223556&txnAmt=240&txnSubType=01&txnTime=20160707223556&txnType=01&version=5.0.0 
2016-07-07 22:36:25, INFO, ::1, File[ /Library/WebServer/Documents/xiaoxionghui/SDK/unionpay/sdk/acpService.class.php ], Line[66]------ 摘要shax16>9a0c413d357e204d7a3552cad36f6e8c2cfd1694 
2016-07-07 22:36:25, INFO, ::1, File[ /Library/WebServer/Documents/xiaoxionghui/SDK/unionpay/sdk/acpService.class.php ], Line[68]------ 验签成功 
2016-07-07 22:36:25, INFO, ::1, File[ /Library/WebServer/Documents/xiaoxionghui/SDK/unionpay/sdk/acpService.class.php ], Line[62]------ 报文去[signature] key=val&串>accNo=UEuj4TWwwCeQeET0EbepvHhnM0KUWaYp7WVv/Sk6nnqBmRJbE1emGnaXsWswuaHqeBjzQvmpQDLcUwVH+OP2HMMquucruIq/vY7IfylH0qnYs9a8u2SZBJHSBXSuMOqZLEsWLp9pDYJAGyD8TIu5YhwGLz+8fNg4dxouEU0Jtj2WneJ8fm4TfDZJNa50S5jpvCVITUhTUFJF87cz01lWF6Nv0mgeKpeLhTrGw465Ewn4eD1HEszQza/Hzt+bZ30ZG4ppJ0jMPksZC4ugRkXtdGhFbWV44jfDgPyTxzi1v980Lkk2Li1qkiskEus634k9jO5y6zraHMVakure1ajSkg==&accessType=0&bizType=000201&certId=68759585097&currencyCode=156&encoding=utf-8&merId=777290058110048&orderId=1467902156&queryId=201607072235569101138&respCode=00&respMsg=success&settleAmt=240&settleCurrencyCode=156&settleDate=0707&signMethod=01&traceNo=910113&traceTime=0707223556&txnAmt=240&txnSubType=01&txnTime=20160707223556&txnType=01&version=5.0.0 
2016-07-07 22:36:25, INFO, ::1, File[ /Library/WebServer/Documents/xiaoxionghui/SDK/unionpay/sdk/acpService.class.php ], Line[66]------ 摘要shax16>9a0c413d357e204d7a3552cad36f6e8c2cfd1694 
2016-07-07 22:36:25, INFO, ::1, File[ /Library/WebServer/Documents/xiaoxionghui/SDK/unionpay/sdk/acpService.class.php ], Line[68]------ 验签成功 
2016-07-07 22:39:55, INFO, ::1, File[ /Library/WebServer/Documents/xiaoxionghui/SDK/unionpay/sdk/cert_util.php ], Line[37]------ 读取签名证书…… 
2016-07-07 22:39:55, INFO, ::1, File[ /Library/WebServer/Documents/xiaoxionghui/SDK/unionpay/sdk/cert_util.php ], Line[62]------ 签名证书读取成功，序列号：68759663125 
2016-07-07 22:39:55, INFO, ::1, File[ /Library/WebServer/Documents/xiaoxionghui/SDK/unionpay/sdk/acpService.class.php ], Line[22]------ =====签名报文开始====== 
2016-07-07 22:39:55, INFO, ::1, File[ /Library/WebServer/Documents/xiaoxionghui/SDK/unionpay/sdk/acpService.class.php ], Line[28]------ 签名key=val&...串 >accessType=0&backUrl=http://localhost:86/api/home/pay/callback?token=386777c139fd9e2ac5&bizType=000201&certId=68759663125&channelType=08&currencyCode=156&encoding=utf-8&frontUrl=http://localhost:86/api/home/pay/callback?token=386777c139fd9e2ac5&merId=777290058110048&orderId=1467902395&signMethod=01&txnAmt=240&txnSubType=01&txnTime=20160707223955&txnType=01&version=5.0.0 
2016-07-07 22:39:55, INFO, ::1, File[ /Library/WebServer/Documents/xiaoxionghui/SDK/unionpay/sdk/acpService.class.php ], Line[31]------ 摘要sha1x16 >59a7b97dd5cca8ae8483e3bfe8aabc25193bc3fe 
2016-07-07 22:39:55, INFO, ::1, File[ /Library/WebServer/Documents/xiaoxionghui/SDK/unionpay/sdk/acpService.class.php ], Line[39]------ 签名串为 >f3QNFefuSKGRVmhgwjD8lv7GmX//YzQc9pOMM7X0YrLvx9T6ivY6URdW5HuIonR8WucEc2kXoVydsl/YerczTxVMhgN+sMp6IXqMbPbbhM0Bqb2MPBpdxQnyddh1f3KlLDFQ+WQyb/IAl1zZCAyAEK8X0sg2ewdEIkV69bmfzXgC3TQJw4eKbAsSN3/S2NXMlrqQ/G6n3r0KH1rutHILo0TKlyHZwLwrMe8oLUzto4jCzlO2LeqpYOVEhR4wBC/ZrhMJwSCKVDr1ZlUsJ7YEabuNi1UK19s5KTS/PyRfGeolM7x92mq/vEUtqrqhzgDcI+9CWRmUB1lGSPsbCxEOGA== 
2016-07-07 22:39:55, INFO, ::1, File[ /Library/WebServer/Documents/xiaoxionghui/SDK/unionpay/sdk/acpService.class.php ], Line[44]------ =====签名报文结束====== 
2016-07-07 22:39:55, INFO, ::1, File[ /Library/WebServer/Documents/xiaoxionghui/SDK/unionpay/sdk/acpService.class.php ], Line[200]------ 自动跳转html><html>
<head>
    <meta http-equiv="Content-Type" content="text/html; charset=utf-8" />
</head>
<body onload="javascript:document.pay_form.submit();">
    <form id="pay_form" name="pay_form" action="https://101.231.204.80:5000/gateway/api/frontTransReq.do" method="post">
	    <input type="hidden" name="version" id="version" value="5.0.0" />
    <input type="hidden" name="encoding" id="encoding" value="utf-8" />
    <input type="hidden" name="txnType" id="txnType" value="01" />
    <input type="hidden" name="txnSubType" id="txnSubType" value="01" />
    <input type="hidden" name="bizType" id="bizType" value="000201" />
    <input type="hidden" name="frontUrl" id="frontUrl" value="http://localhost:86/api/home/pay/callback?token=386777c139fd9e2ac5" />
    <input type="hidden" name="backUrl" id="backUrl" value="http://localhost:86/api/home/pay/callback?token=386777c139fd9e2ac5" />
    <input type="hidden" name="signMethod" id="signMethod" value="01" />
    <input type="hidden" name="channelType" id="channelType" value="08" />
    <input type="hidden" name="accessType" id="accessType" value="0" />
    <input type="hidden" name="currencyCode" id="currencyCode" value="156" />
    <input type="hidden" name="merId" id="merId" value="777290058110048" />
    <input type="hidden" name="orderId" id="orderId" value="1467902395" />
    <input type="hidden" name="txnTime" id="txnTime" value="20160707223955" />
    <input type="hidden" name="txnAmt" id="txnAmt" value="240" />
    <input type="hidden" name="certId" id="certId" value="68759663125" />
    <input type="hidden" name="signature" id="signature" value="f3QNFefuSKGRVmhgwjD8lv7GmX//YzQc9pOMM7X0YrLvx9T6ivY6URdW5HuIonR8WucEc2kXoVydsl/YerczTxVMhgN+sMp6IXqMbPbbhM0Bqb2MPBpdxQnyddh1f3KlLDFQ+WQyb/IAl1zZCAyAEK8X0sg2ewdEIkV69bmfzXgC3TQJw4eKbAsSN3/S2NXMlrqQ/G6n3r0KH1rutHILo0TKlyHZwLwrMe8oLUzto4jCzlO2LeqpYOVEhR4wBC/ZrhMJwSCKVDr1ZlUsJ7YEabuNi1UK19s5KTS/PyRfGeolM7x92mq/vEUtqrqhzgDcI+9CWRmUB1lGSPsbCxEOGA==" />
   <!-- <input type="submit" type="hidden">-->
    </form>
</body>
</html> 
2016-07-07 22:46:06, INFO, ::1, File[ /Library/WebServer/Documents/xiaoxionghui/SDK/unionpay/sdk/cert_util.php ], Line[37]------ 读取签名证书…… 
2016-07-07 22:46:06, INFO, ::1, File[ /Library/WebServer/Documents/xiaoxionghui/SDK/unionpay/sdk/cert_util.php ], Line[62]------ 签名证书读取成功，序列号：68759663125 
2016-07-07 22:46:06, INFO, ::1, File[ /Library/WebServer/Documents/xiaoxionghui/SDK/unionpay/sdk/acpService.class.php ], Line[22]------ =====签名报文开始====== 
2016-07-07 22:46:06, INFO, ::1, File[ /Library/WebServer/Documents/xiaoxionghui/SDK/unionpay/sdk/acpService.class.php ], Line[28]------ 签名key=val&...串 >accessType=0&backUrl=http://localhost:86/api/home/pay/callback?token=386777c139fd9e2ac5&bizType=000201&certId=68759663125&channelType=08&currencyCode=156&encoding=utf-8&frontUrl=http://localhost:86/api/home/pay/callback?token=386777c139fd9e2ac5&merId=777290058110048&orderId=1467902766&signMethod=01&txnAmt=240&txnSubType=01&txnTime=20160707224606&txnType=01&version=5.0.0 
2016-07-07 22:46:06, INFO, ::1, File[ /Library/WebServer/Documents/xiaoxionghui/SDK/unionpay/sdk/acpService.class.php ], Line[31]------ 摘要sha1x16 >4379c3b1c53d447ef2a6c4f3597402fa8605a9e5 
2016-07-07 22:46:06, INFO, ::1, File[ /Library/WebServer/Documents/xiaoxionghui/SDK/unionpay/sdk/acpService.class.php ], Line[39]------ 签名串为 >l9cNyTAa8A9i6FMvPIZFpPvFP8qkDI3OKQeqBI/QHKe3txc+Q1yinfUZcJV0QmXj+1g2/m/MrB5cc+47CByyCez0gkWwwSey/JuJ/8U7OC1H29QU2poXbYw5FwP0f/v1bAORGvTwp/jxOPKBcxQpmT4OYVGVxqANKs7mRiyRawF/X4BOd35b95M0k8PEEfH3GOyU4e9iQj1BZ2uGaXgT52zSXMDfmZ6ZDneZ/3MBAgocDkXPuS3S08cMknsMAu96rAxrQKudIH/OshJmJ0tdf0CpllztN9+be7Yv4Euaec9Sjy2zHspjVX8iGBfnRJVkp2vaUDoSJBwmkzRklKQSOw== 
2016-07-07 22:46:06, INFO, ::1, File[ /Library/WebServer/Documents/xiaoxionghui/SDK/unionpay/sdk/acpService.class.php ], Line[44]------ =====签名报文结束====== 
2016-07-07 22:46:06, INFO, ::1, File[ /Library/WebServer/Documents/xiaoxionghui/SDK/unionpay/sdk/acpService.class.php ], Line[200]------ 自动跳转html><html>
<head>
    <meta http-equiv="Content-Type" content="text/html; charset=utf-8" />
</head>
<body onload="javascript:document.pay_form.submit();">
    <form id="pay_form" name="pay_form" action="https://101.231.204.80:5000/gateway/api/frontTransReq.do" method="post">
	    <input type="hidden" name="version" id="version" value="5.0.0" />
    <input type="hidden" name="encoding" id="encoding" value="utf-8" />
    <input type="hidden" name="txnType" id="txnType" value="01" />
    <input type="hidden" name="txnSubType" id="txnSubType" value="01" />
    <input type="hidden" name="bizType" id="bizType" value="000201" />
    <input type="hidden" name="frontUrl" id="frontUrl" value="http://localhost:86/api/home/pay/callback?token=386777c139fd9e2ac5" />
    <input type="hidden" name="backUrl" id="backUrl" value="http://localhost:86/api/home/pay/callback?token=386777c139fd9e2ac5" />
    <input type="hidden" name="signMethod" id="signMethod" value="01" />
    <input type="hidden" name="channelType" id="channelType" value="08" />
    <input type="hidden" name="accessType" id="accessType" value="0" />
    <input type="hidden" name="currencyCode" id="currencyCode" value="156" />
    <input type="hidden" name="merId" id="merId" value="777290058110048" />
    <input type="hidden" name="orderId" id="orderId" value="1467902766" />
    <input type="hidden" name="txnTime" id="txnTime" value="20160707224606" />
    <input type="hidden" name="txnAmt" id="txnAmt" value="240" />
    <input type="hidden" name="certId" id="certId" value="68759663125" />
    <input type="hidden" name="signature" id="signature" value="l9cNyTAa8A9i6FMvPIZFpPvFP8qkDI3OKQeqBI/QHKe3txc+Q1yinfUZcJV0QmXj+1g2/m/MrB5cc+47CByyCez0gkWwwSey/JuJ/8U7OC1H29QU2poXbYw5FwP0f/v1bAORGvTwp/jxOPKBcxQpmT4OYVGVxqANKs7mRiyRawF/X4BOd35b95M0k8PEEfH3GOyU4e9iQj1BZ2uGaXgT52zSXMDfmZ6ZDneZ/3MBAgocDkXPuS3S08cMknsMAu96rAxrQKudIH/OshJmJ0tdf0CpllztN9+be7Yv4Euaec9Sjy2zHspjVX8iGBfnRJVkp2vaUDoSJBwmkzRklKQSOw==" />
   <!-- <input type="submit" type="hidden">-->
    </form>
</body>
</html> 
2016-07-07 23:17:28, INFO, ::1, File[ /Library/WebServer/Documents/xiaoxionghui/SDK/unionpay/sdk/cert_util.php ], Line[37]------ 读取签名证书…… 
2016-07-07 23:17:28, INFO, ::1, File[ /Library/WebServer/Documents/xiaoxionghui/SDK/unionpay/sdk/cert_util.php ], Line[62]------ 签名证书读取成功，序列号：68759663125 
2016-07-07 23:17:28, INFO, ::1, File[ /Library/WebServer/Documents/xiaoxionghui/SDK/unionpay/sdk/acpService.class.php ], Line[22]------ =====签名报文开始====== 
2016-07-07 23:17:28, INFO, ::1, File[ /Library/WebServer/Documents/xiaoxionghui/SDK/unionpay/sdk/acpService.class.php ], Line[28]------ 签名key=val&...串 >accessType=0&backUrl=http://localhost:86/api/home/pay/unionpaycallback?token=386777c139fd9e2ac5&bizType=000201&certId=68759663125&channelType=08&currencyCode=156&encoding=utf-8&frontUrl=http://localhost:86/api/home/pay/unionpaycallback?token=386777c139fd9e2ac5&merId=777290058110048&orderId=1467904648&signMethod=01&txnAmt=240&txnSubType=01&txnTime=20160707231728&txnType=01&version=5.0.0 
2016-07-07 23:17:28, INFO, ::1, File[ /Library/WebServer/Documents/xiaoxionghui/SDK/unionpay/sdk/acpService.class.php ], Line[31]------ 摘要sha1x16 >04db1a7c66e68e038f9d6ffb7bceebdf722c7199 
2016-07-07 23:17:28, INFO, ::1, File[ /Library/WebServer/Documents/xiaoxionghui/SDK/unionpay/sdk/acpService.class.php ], Line[39]------ 签名串为 >0FKF6XmzAF/+yhsiobWaQYZqJFZZd7lfvojYsTCD/DthUmjuhD3qwKmNAlp6o0gtoYFpOiIS5pdKBwIHyS9SHQ4VNt88Yf1BGBSShuQlchLc+7gQFUt+MhfQKpQxXj7+cgVKayA/xjfAGKcIDywvQTTkb+hqXl5Sm2NW8TLfeB5OBSfGIofG+qlY7oggvUgLlepoE9d30rq+/V3j64Md5eKgxJCvizJW0E5bGTmXPnRwDYnd3faDlfJ7Nkuv0APutb/VSjv/hzLu/hgRzLshid8uhb0dqO3HreuXdRsYPnYUS242FRkNvJ+1Vtg2cuXFN5kcQu8KFkmrywb2lf1+/g== 
2016-07-07 23:17:28, INFO, ::1, File[ /Library/WebServer/Documents/xiaoxionghui/SDK/unionpay/sdk/acpService.class.php ], Line[44]------ =====签名报文结束====== 
2016-07-07 23:17:28, INFO, ::1, File[ /Library/WebServer/Documents/xiaoxionghui/SDK/unionpay/sdk/acpService.class.php ], Line[200]------ 自动跳转html><html>
<head>
    <meta http-equiv="Content-Type" content="text/html; charset=utf-8" />
</head>
<body onload="javascript:document.pay_form.submit();">
    <form id="pay_form" name="pay_form" action="https://101.231.204.80:5000/gateway/api/frontTransReq.do" method="post">
	    <input type="hidden" name="version" id="version" value="5.0.0" />
    <input type="hidden" name="encoding" id="encoding" value="utf-8" />
    <input type="hidden" name="txnType" id="txnType" value="01" />
    <input type="hidden" name="txnSubType" id="txnSubType" value="01" />
    <input type="hidden" name="bizType" id="bizType" value="000201" />
    <input type="hidden" name="frontUrl" id="frontUrl" value="http://localhost:86/api/home/pay/unionpaycallback?token=386777c139fd9e2ac5" />
    <input type="hidden" name="backUrl" id="backUrl" value="http://localhost:86/api/home/pay/unionpaycallback?token=386777c139fd9e2ac5" />
    <input type="hidden" name="signMethod" id="signMethod" value="01" />
    <input type="hidden" name="channelType" id="channelType" value="08" />
    <input type="hidden" name="accessType" id="accessType" value="0" />
    <input type="hidden" name="currencyCode" id="currencyCode" value="156" />
    <input type="hidden" name="merId" id="merId" value="777290058110048" />
    <input type="hidden" name="orderId" id="orderId" value="1467904648" />
    <input type="hidden" name="txnTime" id="txnTime" value="20160707231728" />
    <input type="hidden" name="txnAmt" id="txnAmt" value="240" />
    <input type="hidden" name="certId" id="certId" value="68759663125" />
    <input type="hidden" name="signature" id="signature" value="0FKF6XmzAF/+yhsiobWaQYZqJFZZd7lfvojYsTCD/DthUmjuhD3qwKmNAlp6o0gtoYFpOiIS5pdKBwIHyS9SHQ4VNt88Yf1BGBSShuQlchLc+7gQFUt+MhfQKpQxXj7+cgVKayA/xjfAGKcIDywvQTTkb+hqXl5Sm2NW8TLfeB5OBSfGIofG+qlY7oggvUgLlepoE9d30rq+/V3j64Md5eKgxJCvizJW0E5bGTmXPnRwDYnd3faDlfJ7Nkuv0APutb/VSjv/hzLu/hgRzLshid8uhb0dqO3HreuXdRsYPnYUS242FRkNvJ+1Vtg2cuXFN5kcQu8KFkmrywb2lf1+/g==" />
   <!-- <input type="submit" type="hidden">-->
    </form>
</body>
</html> 
2016-07-07 23:17:45, INFO, ::1, File[ /Library/WebServer/Documents/xiaoxionghui/SDK/unionpay/sdk/cert_util.php ], Line[37]------ 读取签名证书…… 
2016-07-07 23:17:45, INFO, ::1, File[ /Library/WebServer/Documents/xiaoxionghui/SDK/unionpay/sdk/cert_util.php ], Line[62]------ 签名证书读取成功，序列号：68759663125 
2016-07-07 23:17:45, INFO, ::1, File[ /Library/WebServer/Documents/xiaoxionghui/SDK/unionpay/sdk/acpService.class.php ], Line[22]------ =====签名报文开始====== 
2016-07-07 23:17:45, INFO, ::1, File[ /Library/WebServer/Documents/xiaoxionghui/SDK/unionpay/sdk/acpService.class.php ], Line[28]------ 签名key=val&...串 >accessType=0&backUrl=http://localhost:86/api/home/pay/unionpaycallback?token=386777c139fd9e2ac5&bizType=000201&certId=68759663125&channelType=08&currencyCode=156&encoding=utf-8&frontUrl=http://localhost:86/api/home/pay/unionpaycallback?token=386777c139fd9e2ac5&merId=777290058110048&orderId=1467904665&signMethod=01&txnAmt=240&txnSubType=01&txnTime=20160707231745&txnType=01&version=5.0.0 
2016-07-07 23:17:45, INFO, ::1, File[ /Library/WebServer/Documents/xiaoxionghui/SDK/unionpay/sdk/acpService.class.php ], Line[31]------ 摘要sha1x16 >c05acadb01a6c3e009416817701549af5b060461 
2016-07-07 23:17:45, INFO, ::1, File[ /Library/WebServer/Documents/xiaoxionghui/SDK/unionpay/sdk/acpService.class.php ], Line[39]------ 签名串为 >K5fXoFfY7Tp1nup2vYrlAdg8iEO53KDxnsIrSdu9cZqOa7UBWd3cz8ZSC8PWsQVZnwkusm1LXNVkUIoXs1g5O5dZUEXFoiphlwZzIl/DizwX+iNIjQcGcZAn+pBVTEnQDKyYAngiR6ygOEz5whfY+BzjL4RqSS8g/5zhEKnhMuBjRKqSGuxlSUsQMeiacos8DcPJ9MqTEJZOq6lVTimAhN5cPsu7dsMFmH99k6qCwFxLz1IV5v+w7tZmmmslXPqkQpf0NxhWcq/vLM/qsHa0gshzGWRrTH6Zi+Zg9L8prNeH99teWXqO1IIq3R3oC5TTjXpQ+JwjbWSXZbVteWI9gg== 
2016-07-07 23:17:45, INFO, ::1, File[ /Library/WebServer/Documents/xiaoxionghui/SDK/unionpay/sdk/acpService.class.php ], Line[44]------ =====签名报文结束====== 
2016-07-07 23:17:45, INFO, ::1, File[ /Library/WebServer/Documents/xiaoxionghui/SDK/unionpay/sdk/acpService.class.php ], Line[200]------ 自动跳转html><html>
<head>
    <meta http-equiv="Content-Type" content="text/html; charset=utf-8" />
</head>
<body onload="javascript:document.pay_form.submit();">
    <form id="pay_form" name="pay_form" action="https://101.231.204.80:5000/gateway/api/frontTransReq.do" method="post">
	    <input type="hidden" name="version" id="version" value="5.0.0" />
    <input type="hidden" name="encoding" id="encoding" value="utf-8" />
    <input type="hidden" name="txnType" id="txnType" value="01" />
    <input type="hidden" name="txnSubType" id="txnSubType" value="01" />
    <input type="hidden" name="bizType" id="bizType" value="000201" />
    <input type="hidden" name="frontUrl" id="frontUrl" value="http://localhost:86/api/home/pay/unionpaycallback?token=386777c139fd9e2ac5" />
    <input type="hidden" name="backUrl" id="backUrl" value="http://localhost:86/api/home/pay/unionpaycallback?token=386777c139fd9e2ac5" />
    <input type="hidden" name="signMethod" id="signMethod" value="01" />
    <input type="hidden" name="channelType" id="channelType" value="08" />
    <input type="hidden" name="accessType" id="accessType" value="0" />
    <input type="hidden" name="currencyCode" id="currencyCode" value="156" />
    <input type="hidden" name="merId" id="merId" value="777290058110048" />
    <input type="hidden" name="orderId" id="orderId" value="1467904665" />
    <input type="hidden" name="txnTime" id="txnTime" value="20160707231745" />
    <input type="hidden" name="txnAmt" id="txnAmt" value="240" />
    <input type="hidden" name="certId" id="certId" value="68759663125" />
    <input type="hidden" name="signature" id="signature" value="K5fXoFfY7Tp1nup2vYrlAdg8iEO53KDxnsIrSdu9cZqOa7UBWd3cz8ZSC8PWsQVZnwkusm1LXNVkUIoXs1g5O5dZUEXFoiphlwZzIl/DizwX+iNIjQcGcZAn+pBVTEnQDKyYAngiR6ygOEz5whfY+BzjL4RqSS8g/5zhEKnhMuBjRKqSGuxlSUsQMeiacos8DcPJ9MqTEJZOq6lVTimAhN5cPsu7dsMFmH99k6qCwFxLz1IV5v+w7tZmmmslXPqkQpf0NxhWcq/vLM/qsHa0gshzGWRrTH6Zi+Zg9L8prNeH99teWXqO1IIq3R3oC5TTjXpQ+JwjbWSXZbVteWI9gg==" />
   <!-- <input type="submit" type="hidden">-->
    </form>
</body>
</html> 
2016-07-07 23:20:04, INFO, ::1, File[ /Library/WebServer/Documents/xiaoxionghui/SDK/unionpay/sdk/cert_util.php ], Line[37]------ 读取签名证书…… 
2016-07-07 23:20:04, INFO, ::1, File[ /Library/WebServer/Documents/xiaoxionghui/SDK/unionpay/sdk/cert_util.php ], Line[62]------ 签名证书读取成功，序列号：68759663125 
2016-07-07 23:20:04, INFO, ::1, File[ /Library/WebServer/Documents/xiaoxionghui/SDK/unionpay/sdk/acpService.class.php ], Line[22]------ =====签名报文开始====== 
2016-07-07 23:20:04, INFO, ::1, File[ /Library/WebServer/Documents/xiaoxionghui/SDK/unionpay/sdk/acpService.class.php ], Line[28]------ 签名key=val&...串 >accessType=0&backUrl=http://localhost:86/api/home/pay/unionpaycallback?token=386777c139fd9e2ac5&bizType=000201&certId=68759663125&channelType=08&currencyCode=156&encoding=utf-8&frontUrl=http://localhost:86/api/home/pay/unionpaycallback?token=386777c139fd9e2ac5&merId=777290058110048&orderId=1467904804&signMethod=01&txnAmt=240&txnSubType=01&txnTime=20160707232004&txnType=01&version=5.0.0 
2016-07-07 23:20:04, INFO, ::1, File[ /Library/WebServer/Documents/xiaoxionghui/SDK/unionpay/sdk/acpService.class.php ], Line[31]------ 摘要sha1x16 >9f77927a974505acea8b30bf33dcc87284ecf4da 
2016-07-07 23:20:04, INFO, ::1, File[ /Library/WebServer/Documents/xiaoxionghui/SDK/unionpay/sdk/acpService.class.php ], Line[39]------ 签名串为 >B9awUOO+W8WgX/5XM+vlPZtxU7XGIUATT5yMa48MKfr49y5W2Cxxg5dBqeXkH7ecPGZbruPQq7qIZCnxrJE0MHsUYdyMyXuUAlzRS2Ev8xVX+17CCJ7jet9fHe7TWnCeKw237gwTSEeS9kB3LcKP1QCXvOrFKbV9WyrnwtEUPqUwcXynBKos9I+bPQVh/XYsILBl1FThjH3Ia+mlQziRJnB4jRestbV7WhbpEo/THcIuOsF5tZDgWhk5PXYBD0eEkqDgGFSTuyDLTS3RqWKSFzZUZT2U0uLH8fKe/6qd1/E5Kw/31IKOICtrVT4LxKEkok/AF+YoorYPb43m/0+xpg== 
2016-07-07 23:20:04, INFO, ::1, File[ /Library/WebServer/Documents/xiaoxionghui/SDK/unionpay/sdk/acpService.class.php ], Line[44]------ =====签名报文结束====== 
2016-07-07 23:20:04, INFO, ::1, File[ /Library/WebServer/Documents/xiaoxionghui/SDK/unionpay/sdk/acpService.class.php ], Line[200]------ 自动跳转html><html>
<head>
    <meta http-equiv="Content-Type" content="text/html; charset=utf-8" />
</head>
<body onload="javascript:document.pay_form.submit();">
    <form id="pay_form" name="pay_form" action="https://101.231.204.80:5000/gateway/api/frontTransReq.do" method="post">
	    <input type="hidden" name="version" id="version" value="5.0.0" />
    <input type="hidden" name="encoding" id="encoding" value="utf-8" />
    <input type="hidden" name="txnType" id="txnType" value="01" />
    <input type="hidden" name="txnSubType" id="txnSubType" value="01" />
    <input type="hidden" name="bizType" id="bizType" value="000201" />
    <input type="hidden" name="frontUrl" id="frontUrl" value="http://localhost:86/api/home/pay/unionpaycallback?token=386777c139fd9e2ac5" />
    <input type="hidden" name="backUrl" id="backUrl" value="http://localhost:86/api/home/pay/unionpaycallback?token=386777c139fd9e2ac5" />
    <input type="hidden" name="signMethod" id="signMethod" value="01" />
    <input type="hidden" name="channelType" id="channelType" value="08" />
    <input type="hidden" name="accessType" id="accessType" value="0" />
    <input type="hidden" name="currencyCode" id="currencyCode" value="156" />
    <input type="hidden" name="merId" id="merId" value="777290058110048" />
    <input type="hidden" name="orderId" id="orderId" value="1467904804" />
    <input type="hidden" name="txnTime" id="txnTime" value="20160707232004" />
    <input type="hidden" name="txnAmt" id="txnAmt" value="240" />
    <input type="hidden" name="certId" id="certId" value="68759663125" />
    <input type="hidden" name="signature" id="signature" value="B9awUOO+W8WgX/5XM+vlPZtxU7XGIUATT5yMa48MKfr49y5W2Cxxg5dBqeXkH7ecPGZbruPQq7qIZCnxrJE0MHsUYdyMyXuUAlzRS2Ev8xVX+17CCJ7jet9fHe7TWnCeKw237gwTSEeS9kB3LcKP1QCXvOrFKbV9WyrnwtEUPqUwcXynBKos9I+bPQVh/XYsILBl1FThjH3Ia+mlQziRJnB4jRestbV7WhbpEo/THcIuOsF5tZDgWhk5PXYBD0eEkqDgGFSTuyDLTS3RqWKSFzZUZT2U0uLH8fKe/6qd1/E5Kw/31IKOICtrVT4LxKEkok/AF+YoorYPb43m/0+xpg==" />
   <!-- <input type="submit" type="hidden">-->
    </form>
</body>
</html> 
