[ 2019-04-21T12:01:20+08:00 ] ::1 /vueshopserver/api.php
INFO: [ app_init ] --START--
INFO: Run Behavior\BuildLiteBehavior [ RunTime:0.000005s ]
INFO: [ app_init ] --END-- [ RunTime:0.000137s ]
NOTIC: [8] A session had already been started - ignoring session_start() /Library/WebServer/Documents/vueshopserver/ThinkPHP/Common/functions.php 第 1264 行.
INFO: [ app_begin ] --START--
INFO: Run Behavior\ReadHtmlCacheBehavior [ RunTime:0.000179s ]
INFO: [ app_begin ] --END-- [ RunTime:0.000193s ]
NOTIC: [8] A session had already been started - ignoring session_start() /Library/WebServer/Documents/vueshopserver/ThinkPHP/Common/functions.php 第 1264 行.
SQL: SHOW COLUMNS FROM `app_token` [ RunTime:0.0033s ]
SQL: SELECT `token` FROM `app_token` LIMIT 1   [ RunTime:0.0003s ]
NOTIC: [8] Undefined index: token /Library/WebServer/Documents/vueshopserver/Application/Common/Controller/IsTokenController.class.php 第 14 行.

[ 2019-04-21T12:03:30+08:00 ] ::1 /vueshopserver/api.php?m=home&c=order&a=add
INFO: [ app_init ] --START--
INFO: Run Behavior\BuildLiteBehavior [ RunTime:0.000008s ]
INFO: [ app_init ] --END-- [ RunTime:0.000187s ]
NOTIC: [8] A session had already been started - ignoring session_start() /Library/WebServer/Documents/vueshopserver/ThinkPHP/Common/functions.php 第 1264 行.
INFO: [ app_begin ] --START--
INFO: Run Behavior\ReadHtmlCacheBehavior [ RunTime:0.000190s ]
INFO: [ app_begin ] --END-- [ RunTime:0.000204s ]
NOTIC: [8] A session had already been started - ignoring session_start() /Library/WebServer/Documents/vueshopserver/ThinkPHP/Common/functions.php 第 1264 行.
SQL: SHOW COLUMNS FROM `app_token` [ RunTime:0.0014s ]
SQL: SELECT `token` FROM `app_token` LIMIT 1   [ RunTime:0.0001s ]
NOTIC: [8] Undefined index: token /Library/WebServer/Documents/vueshopserver/Application/Common/Controller/IsTokenController.class.php 第 14 行.

[ 2019-04-21T12:03:32+08:00 ] ::1 /vueshopserver/api.php?m=home&c=order&a=add
INFO: [ app_init ] --START--
INFO: Run Behavior\BuildLiteBehavior [ RunTime:0.000005s ]
INFO: [ app_init ] --END-- [ RunTime:0.000133s ]
NOTIC: [8] A session had already been started - ignoring session_start() /Library/WebServer/Documents/vueshopserver/ThinkPHP/Common/functions.php 第 1264 行.
INFO: [ app_begin ] --START--
INFO: Run Behavior\ReadHtmlCacheBehavior [ RunTime:0.000176s ]
INFO: [ app_begin ] --END-- [ RunTime:0.000189s ]
NOTIC: [8] A session had already been started - ignoring session_start() /Library/WebServer/Documents/vueshopserver/ThinkPHP/Common/functions.php 第 1264 行.
SQL: SHOW COLUMNS FROM `app_token` [ RunTime:0.0031s ]
SQL: SELECT `token` FROM `app_token` LIMIT 1   [ RunTime:0.0001s ]
NOTIC: [8] Undefined index: token /Library/WebServer/Documents/vueshopserver/Application/Common/Controller/IsTokenController.class.php 第 14 行.

[ 2019-04-21T12:04:15+08:00 ] ::1 /vueshopserver/api.php?m=home&c=order&a=add&token=1ec949a15fb709370f
INFO: [ app_init ] --START--
INFO: Run Behavior\BuildLiteBehavior [ RunTime:0.000005s ]
INFO: [ app_init ] --END-- [ RunTime:0.000141s ]
NOTIC: [8] A session had already been started - ignoring session_start() /Library/WebServer/Documents/vueshopserver/ThinkPHP/Common/functions.php 第 1264 行.
INFO: [ app_begin ] --START--
INFO: Run Behavior\ReadHtmlCacheBehavior [ RunTime:0.000201s ]
INFO: [ app_begin ] --END-- [ RunTime:0.000217s ]
NOTIC: [8] A session had already been started - ignoring session_start() /Library/WebServer/Documents/vueshopserver/ThinkPHP/Common/functions.php 第 1264 行.
SQL: SHOW COLUMNS FROM `app_token` [ RunTime:0.0013s ]
SQL: SELECT `token` FROM `app_token` LIMIT 1   [ RunTime:0.0001s ]
NOTIC: [8] Undefined index: uid /Library/WebServer/Documents/vueshopserver/Application/Home/Controller/OrderController.class.php 第 9 行.
NOTIC: [8] Undefined index: freight /Library/WebServer/Documents/vueshopserver/Application/Home/Controller/OrderController.class.php 第 10 行.
NOTIC: [8] Undefined index: addsid /Library/WebServer/Documents/vueshopserver/Application/Home/Controller/OrderController.class.php 第 11 行.
NOTIC: [8] Undefined index: goodsData /Library/WebServer/Documents/vueshopserver/Application/Home/Controller/OrderController.class.php 第 12 行.

[ 2019-04-21T12:04:57+08:00 ] ::1 /vueshopserver/api?m=home&c=order&a=add&token=1ec949a15fb709370f
INFO: [ app_init ] --START--
INFO: Run Behavior\BuildLiteBehavior [ RunTime:0.000005s ]
INFO: [ app_init ] --END-- [ RunTime:0.000225s ]
NOTIC: [8] Undefined offset: 1 /Library/WebServer/Documents/vueshopserver/ThinkPHP/Library/Think/Route.class.php 第 128 行.
NOTIC: [8] Undefined offset: 1 /Library/WebServer/Documents/vueshopserver/ThinkPHP/Library/Think/Route.class.php 第 128 行.
NOTIC: [8] Undefined offset: 1 /Library/WebServer/Documents/vueshopserver/ThinkPHP/Library/Think/Route.class.php 第 128 行.
NOTIC: [8] Undefined offset: 1 /Library/WebServer/Documents/vueshopserver/ThinkPHP/Library/Think/Route.class.php 第 128 行.
NOTIC: [8] Undefined offset: 1 /Library/WebServer/Documents/vueshopserver/ThinkPHP/Library/Think/Route.class.php 第 128 行.
NOTIC: [8] Undefined offset: 1 /Library/WebServer/Documents/vueshopserver/ThinkPHP/Library/Think/Route.class.php 第 128 行.
NOTIC: [8] Undefined offset: 1 /Library/WebServer/Documents/vueshopserver/ThinkPHP/Library/Think/Route.class.php 第 128 行.
NOTIC: [8] Undefined offset: 1 /Library/WebServer/Documents/vueshopserver/ThinkPHP/Library/Think/Route.class.php 第 128 行.
NOTIC: [8] Undefined offset: 1 /Library/WebServer/Documents/vueshopserver/ThinkPHP/Library/Think/Route.class.php 第 128 行.
NOTIC: [8] Undefined offset: 1 /Library/WebServer/Documents/vueshopserver/ThinkPHP/Library/Think/Route.class.php 第 128 行.
NOTIC: [8] Undefined offset: 1 /Library/WebServer/Documents/vueshopserver/ThinkPHP/Library/Think/Route.class.php 第 128 行.
NOTIC: [8] Undefined offset: 1 /Library/WebServer/Documents/vueshopserver/ThinkPHP/Library/Think/Route.class.php 第 128 行.
NOTIC: [8] Undefined offset: 1 /Library/WebServer/Documents/vueshopserver/ThinkPHP/Library/Think/Route.class.php 第 128 行.
NOTIC: [8] Undefined offset: 1 /Library/WebServer/Documents/vueshopserver/ThinkPHP/Library/Think/Route.class.php 第 128 行.
NOTIC: [8] Undefined offset: 1 /Library/WebServer/Documents/vueshopserver/ThinkPHP/Library/Think/Route.class.php 第 128 行.
NOTIC: [8] Undefined offset: 1 /Library/WebServer/Documents/vueshopserver/ThinkPHP/Library/Think/Route.class.php 第 128 行.
NOTIC: [8] Undefined offset: 1 /Library/WebServer/Documents/vueshopserver/ThinkPHP/Library/Think/Route.class.php 第 128 行.
NOTIC: [8] Undefined offset: 1 /Library/WebServer/Documents/vueshopserver/ThinkPHP/Library/Think/Route.class.php 第 128 行.
NOTIC: [8] Undefined offset: 1 /Library/WebServer/Documents/vueshopserver/ThinkPHP/Library/Think/Route.class.php 第 128 行.
NOTIC: [8] Undefined offset: 1 /Library/WebServer/Documents/vueshopserver/ThinkPHP/Library/Think/Route.class.php 第 128 行.
NOTIC: [8] Undefined offset: 1 /Library/WebServer/Documents/vueshopserver/ThinkPHP/Library/Think/Route.class.php 第 128 行.
NOTIC: [8] Undefined offset: 1 /Library/WebServer/Documents/vueshopserver/ThinkPHP/Library/Think/Route.class.php 第 128 行.
NOTIC: [8] Undefined offset: 1 /Library/WebServer/Documents/vueshopserver/ThinkPHP/Library/Think/Route.class.php 第 128 行.
NOTIC: [8] Undefined offset: 1 /Library/WebServer/Documents/vueshopserver/ThinkPHP/Library/Think/Route.class.php 第 128 行.
NOTIC: [8] Undefined offset: 1 /Library/WebServer/Documents/vueshopserver/ThinkPHP/Library/Think/Route.class.php 第 128 行.
NOTIC: [8] Undefined offset: 1 /Library/WebServer/Documents/vueshopserver/ThinkPHP/Library/Think/Route.class.php 第 128 行.
NOTIC: [8] Undefined offset: 1 /Library/WebServer/Documents/vueshopserver/ThinkPHP/Library/Think/Route.class.php 第 128 行.
NOTIC: [8] Undefined offset: 1 /Library/WebServer/Documents/vueshopserver/ThinkPHP/Library/Think/Route.class.php 第 128 行.
NOTIC: [8] Undefined offset: 1 /Library/WebServer/Documents/vueshopserver/ThinkPHP/Library/Think/Route.class.php 第 128 行.
NOTIC: [8] Undefined offset: 1 /Library/WebServer/Documents/vueshopserver/ThinkPHP/Library/Think/Route.class.php 第 128 行.
NOTIC: [8] Undefined offset: 1 /Library/WebServer/Documents/vueshopserver/ThinkPHP/Library/Think/Route.class.php 第 128 行.
NOTIC: [8] Undefined offset: 1 /Library/WebServer/Documents/vueshopserver/ThinkPHP/Library/Think/Route.class.php 第 128 行.
NOTIC: [8] Undefined offset: 1 /Library/WebServer/Documents/vueshopserver/ThinkPHP/Library/Think/Route.class.php 第 128 行.
NOTIC: [8] Undefined offset: 1 /Library/WebServer/Documents/vueshopserver/ThinkPHP/Library/Think/Route.class.php 第 128 行.
NOTIC: [8] Undefined offset: 1 /Library/WebServer/Documents/vueshopserver/ThinkPHP/Library/Think/Route.class.php 第 128 行.
NOTIC: [8] Undefined offset: 1 /Library/WebServer/Documents/vueshopserver/ThinkPHP/Library/Think/Route.class.php 第 128 行.
NOTIC: [8] Undefined offset: 1 /Library/WebServer/Documents/vueshopserver/ThinkPHP/Library/Think/Route.class.php 第 128 行.
NOTIC: [8] Undefined offset: 1 /Library/WebServer/Documents/vueshopserver/ThinkPHP/Library/Think/Route.class.php 第 128 行.
NOTIC: [8] Undefined offset: 1 /Library/WebServer/Documents/vueshopserver/ThinkPHP/Library/Think/Route.class.php 第 128 行.
NOTIC: [8] Undefined offset: 1 /Library/WebServer/Documents/vueshopserver/ThinkPHP/Library/Think/Route.class.php 第 128 行.
NOTIC: [8] Undefined offset: 1 /Library/WebServer/Documents/vueshopserver/ThinkPHP/Library/Think/Route.class.php 第 128 行.
NOTIC: [8] Undefined offset: 1 /Library/WebServer/Documents/vueshopserver/ThinkPHP/Library/Think/Route.class.php 第 128 行.
NOTIC: [8] Undefined offset: 1 /Library/WebServer/Documents/vueshopserver/ThinkPHP/Library/Think/Route.class.php 第 128 行.
NOTIC: [8] Undefined offset: 1 /Library/WebServer/Documents/vueshopserver/ThinkPHP/Library/Think/Route.class.php 第 128 行.
NOTIC: [8] Undefined offset: 1 /Library/WebServer/Documents/vueshopserver/ThinkPHP/Library/Think/Route.class.php 第 128 行.
NOTIC: [8] Undefined offset: 1 /Library/WebServer/Documents/vueshopserver/ThinkPHP/Library/Think/Route.class.php 第 128 行.
NOTIC: [8] Undefined offset: 1 /Library/WebServer/Documents/vueshopserver/ThinkPHP/Library/Think/Route.class.php 第 128 行.
NOTIC: [8] Undefined offset: 1 /Library/WebServer/Documents/vueshopserver/ThinkPHP/Library/Think/Route.class.php 第 128 行.
NOTIC: [8] Undefined offset: 1 /Library/WebServer/Documents/vueshopserver/ThinkPHP/Library/Think/Route.class.php 第 128 行.
NOTIC: [8] Undefined offset: 1 /Library/WebServer/Documents/vueshopserver/ThinkPHP/Library/Think/Route.class.php 第 128 行.
NOTIC: [8] Undefined offset: 1 /Library/WebServer/Documents/vueshopserver/ThinkPHP/Library/Think/Route.class.php 第 128 行.
NOTIC: [8] Undefined offset: 1 /Library/WebServer/Documents/vueshopserver/ThinkPHP/Library/Think/Route.class.php 第 128 行.
NOTIC: [8] Undefined offset: 1 /Library/WebServer/Documents/vueshopserver/ThinkPHP/Library/Think/Route.class.php 第 128 行.
NOTIC: [8] Undefined offset: 1 /Library/WebServer/Documents/vueshopserver/ThinkPHP/Library/Think/Route.class.php 第 128 行.
NOTIC: [8] Undefined offset: 1 /Library/WebServer/Documents/vueshopserver/ThinkPHP/Library/Think/Route.class.php 第 128 行.
NOTIC: [8] Undefined offset: 1 /Library/WebServer/Documents/vueshopserver/ThinkPHP/Library/Think/Route.class.php 第 128 行.
NOTIC: [8] Undefined offset: 1 /Library/WebServer/Documents/vueshopserver/ThinkPHP/Library/Think/Route.class.php 第 128 行.
NOTIC: [8] Undefined offset: 1 /Library/WebServer/Documents/vueshopserver/ThinkPHP/Library/Think/Route.class.php 第 128 行.
NOTIC: [8] Undefined offset: 1 /Library/WebServer/Documents/vueshopserver/ThinkPHP/Library/Think/Route.class.php 第 128 行.
NOTIC: [8] Undefined offset: 1 /Library/WebServer/Documents/vueshopserver/ThinkPHP/Library/Think/Route.class.php 第 128 行.
NOTIC: [8] Undefined offset: 1 /Library/WebServer/Documents/vueshopserver/ThinkPHP/Library/Think/Route.class.php 第 128 行.
NOTIC: [8] Undefined offset: 1 /Library/WebServer/Documents/vueshopserver/ThinkPHP/Library/Think/Route.class.php 第 128 行.
NOTIC: [8] A session had already been started - ignoring session_start() /Library/WebServer/Documents/vueshopserver/ThinkPHP/Common/functions.php 第 1264 行.
INFO: [ app_begin ] --START--
INFO: Run Behavior\ReadHtmlCacheBehavior [ RunTime:0.000222s ]
INFO: [ app_begin ] --END-- [ RunTime:0.000239s ]
NOTIC: [8] A session had already been started - ignoring session_start() /Library/WebServer/Documents/vueshopserver/ThinkPHP/Common/functions.php 第 1264 行.
SQL: SHOW COLUMNS FROM `app_token` [ RunTime:0.0014s ]
SQL: SELECT `token` FROM `app_token` LIMIT 1   [ RunTime:0.0001s ]
NOTIC: [8] Undefined index: uid /Library/WebServer/Documents/vueshopserver/Application/Home/Controller/OrderController.class.php 第 9 行.
NOTIC: [8] Undefined index: freight /Library/WebServer/Documents/vueshopserver/Application/Home/Controller/OrderController.class.php 第 10 行.
NOTIC: [8] Undefined index: addsid /Library/WebServer/Documents/vueshopserver/Application/Home/Controller/OrderController.class.php 第 11 行.
NOTIC: [8] Undefined index: goodsData /Library/WebServer/Documents/vueshopserver/Application/Home/Controller/OrderController.class.php 第 12 行.

[ 2019-04-21T12:04:58+08:00 ] ::1 /vueshopserver/api?m=home&c=order&a=add&token=1ec949a15fb709370f
INFO: [ app_init ] --START--
INFO: Run Behavior\BuildLiteBehavior [ RunTime:0.000005s ]
INFO: [ app_init ] --END-- [ RunTime:0.000134s ]
NOTIC: [8] Undefined offset: 1 /Library/WebServer/Documents/vueshopserver/ThinkPHP/Library/Think/Route.class.php 第 128 行.
NOTIC: [8] Undefined offset: 1 /Library/WebServer/Documents/vueshopserver/ThinkPHP/Library/Think/Route.class.php 第 128 行.
NOTIC: [8] Undefined offset: 1 /Library/WebServer/Documents/vueshopserver/ThinkPHP/Library/Think/Route.class.php 第 128 行.
NOTIC: [8] Undefined offset: 1 /Library/WebServer/Documents/vueshopserver/ThinkPHP/Library/Think/Route.class.php 第 128 行.
NOTIC: [8] Undefined offset: 1 /Library/WebServer/Documents/vueshopserver/ThinkPHP/Library/Think/Route.class.php 第 128 行.
NOTIC: [8] Undefined offset: 1 /Library/WebServer/Documents/vueshopserver/ThinkPHP/Library/Think/Route.class.php 第 128 行.
NOTIC: [8] Undefined offset: 1 /Library/WebServer/Documents/vueshopserver/ThinkPHP/Library/Think/Route.class.php 第 128 行.
NOTIC: [8] Undefined offset: 1 /Library/WebServer/Documents/vueshopserver/ThinkPHP/Library/Think/Route.class.php 第 128 行.
NOTIC: [8] Undefined offset: 1 /Library/WebServer/Documents/vueshopserver/ThinkPHP/Library/Think/Route.class.php 第 128 行.
NOTIC: [8] Undefined offset: 1 /Library/WebServer/Documents/vueshopserver/ThinkPHP/Library/Think/Route.class.php 第 128 行.
NOTIC: [8] Undefined offset: 1 /Library/WebServer/Documents/vueshopserver/ThinkPHP/Library/Think/Route.class.php 第 128 行.
NOTIC: [8] Undefined offset: 1 /Library/WebServer/Documents/vueshopserver/ThinkPHP/Library/Think/Route.class.php 第 128 行.
NOTIC: [8] Undefined offset: 1 /Library/WebServer/Documents/vueshopserver/ThinkPHP/Library/Think/Route.class.php 第 128 行.
NOTIC: [8] Undefined offset: 1 /Library/WebServer/Documents/vueshopserver/ThinkPHP/Library/Think/Route.class.php 第 128 行.
NOTIC: [8] Undefined offset: 1 /Library/WebServer/Documents/vueshopserver/ThinkPHP/Library/Think/Route.class.php 第 128 行.
NOTIC: [8] Undefined offset: 1 /Library/WebServer/Documents/vueshopserver/ThinkPHP/Library/Think/Route.class.php 第 128 行.
NOTIC: [8] Undefined offset: 1 /Library/WebServer/Documents/vueshopserver/ThinkPHP/Library/Think/Route.class.php 第 128 行.
NOTIC: [8] Undefined offset: 1 /Library/WebServer/Documents/vueshopserver/ThinkPHP/Library/Think/Route.class.php 第 128 行.
NOTIC: [8] Undefined offset: 1 /Library/WebServer/Documents/vueshopserver/ThinkPHP/Library/Think/Route.class.php 第 128 行.
NOTIC: [8] Undefined offset: 1 /Library/WebServer/Documents/vueshopserver/ThinkPHP/Library/Think/Route.class.php 第 128 行.
NOTIC: [8] Undefined offset: 1 /Library/WebServer/Documents/vueshopserver/ThinkPHP/Library/Think/Route.class.php 第 128 行.
NOTIC: [8] Undefined offset: 1 /Library/WebServer/Documents/vueshopserver/ThinkPHP/Library/Think/Route.class.php 第 128 行.
NOTIC: [8] Undefined offset: 1 /Library/WebServer/Documents/vueshopserver/ThinkPHP/Library/Think/Route.class.php 第 128 行.
NOTIC: [8] Undefined offset: 1 /Library/WebServer/Documents/vueshopserver/ThinkPHP/Library/Think/Route.class.php 第 128 行.
NOTIC: [8] Undefined offset: 1 /Library/WebServer/Documents/vueshopserver/ThinkPHP/Library/Think/Route.class.php 第 128 行.
NOTIC: [8] Undefined offset: 1 /Library/WebServer/Documents/vueshopserver/ThinkPHP/Library/Think/Route.class.php 第 128 行.
NOTIC: [8] Undefined offset: 1 /Library/WebServer/Documents/vueshopserver/ThinkPHP/Library/Think/Route.class.php 第 128 行.
NOTIC: [8] Undefined offset: 1 /Library/WebServer/Documents/vueshopserver/ThinkPHP/Library/Think/Route.class.php 第 128 行.
NOTIC: [8] Undefined offset: 1 /Library/WebServer/Documents/vueshopserver/ThinkPHP/Library/Think/Route.class.php 第 128 行.
NOTIC: [8] Undefined offset: 1 /Library/WebServer/Documents/vueshopserver/ThinkPHP/Library/Think/Route.class.php 第 128 行.
NOTIC: [8] Undefined offset: 1 /Library/WebServer/Documents/vueshopserver/ThinkPHP/Library/Think/Route.class.php 第 128 行.
NOTIC: [8] Undefined offset: 1 /Library/WebServer/Documents/vueshopserver/ThinkPHP/Library/Think/Route.class.php 第 128 行.
NOTIC: [8] Undefined offset: 1 /Library/WebServer/Documents/vueshopserver/ThinkPHP/Library/Think/Route.class.php 第 128 行.
NOTIC: [8] Undefined offset: 1 /Library/WebServer/Documents/vueshopserver/ThinkPHP/Library/Think/Route.class.php 第 128 行.
NOTIC: [8] Undefined offset: 1 /Library/WebServer/Documents/vueshopserver/ThinkPHP/Library/Think/Route.class.php 第 128 行.
NOTIC: [8] Undefined offset: 1 /Library/WebServer/Documents/vueshopserver/ThinkPHP/Library/Think/Route.class.php 第 128 行.
NOTIC: [8] Undefined offset: 1 /Library/WebServer/Documents/vueshopserver/ThinkPHP/Library/Think/Route.class.php 第 128 行.
NOTIC: [8] Undefined offset: 1 /Library/WebServer/Documents/vueshopserver/ThinkPHP/Library/Think/Route.class.php 第 128 行.
NOTIC: [8] Undefined offset: 1 /Library/WebServer/Documents/vueshopserver/ThinkPHP/Library/Think/Route.class.php 第 128 行.
NOTIC: [8] Undefined offset: 1 /Library/WebServer/Documents/vueshopserver/ThinkPHP/Library/Think/Route.class.php 第 128 行.
NOTIC: [8] Undefined offset: 1 /Library/WebServer/Documents/vueshopserver/ThinkPHP/Library/Think/Route.class.php 第 128 行.
NOTIC: [8] Undefined offset: 1 /Library/WebServer/Documents/vueshopserver/ThinkPHP/Library/Think/Route.class.php 第 128 行.
NOTIC: [8] Undefined offset: 1 /Library/WebServer/Documents/vueshopserver/ThinkPHP/Library/Think/Route.class.php 第 128 行.
NOTIC: [8] Undefined offset: 1 /Library/WebServer/Documents/vueshopserver/ThinkPHP/Library/Think/Route.class.php 第 128 行.
NOTIC: [8] Undefined offset: 1 /Library/WebServer/Documents/vueshopserver/ThinkPHP/Library/Think/Route.class.php 第 128 行.
NOTIC: [8] Undefined offset: 1 /Library/WebServer/Documents/vueshopserver/ThinkPHP/Library/Think/Route.class.php 第 128 行.
NOTIC: [8] Undefined offset: 1 /Library/WebServer/Documents/vueshopserver/ThinkPHP/Library/Think/Route.class.php 第 128 行.
NOTIC: [8] Undefined offset: 1 /Library/WebServer/Documents/vueshopserver/ThinkPHP/Library/Think/Route.class.php 第 128 行.
NOTIC: [8] Undefined offset: 1 /Library/WebServer/Documents/vueshopserver/ThinkPHP/Library/Think/Route.class.php 第 128 行.
NOTIC: [8] Undefined offset: 1 /Library/WebServer/Documents/vueshopserver/ThinkPHP/Library/Think/Route.class.php 第 128 行.
NOTIC: [8] Undefined offset: 1 /Library/WebServer/Documents/vueshopserver/ThinkPHP/Library/Think/Route.class.php 第 128 行.
NOTIC: [8] Undefined offset: 1 /Library/WebServer/Documents/vueshopserver/ThinkPHP/Library/Think/Route.class.php 第 128 行.
NOTIC: [8] Undefined offset: 1 /Library/WebServer/Documents/vueshopserver/ThinkPHP/Library/Think/Route.class.php 第 128 行.
NOTIC: [8] Undefined offset: 1 /Library/WebServer/Documents/vueshopserver/ThinkPHP/Library/Think/Route.class.php 第 128 行.
NOTIC: [8] Undefined offset: 1 /Library/WebServer/Documents/vueshopserver/ThinkPHP/Library/Think/Route.class.php 第 128 行.
NOTIC: [8] Undefined offset: 1 /Library/WebServer/Documents/vueshopserver/ThinkPHP/Library/Think/Route.class.php 第 128 行.
NOTIC: [8] Undefined offset: 1 /Library/WebServer/Documents/vueshopserver/ThinkPHP/Library/Think/Route.class.php 第 128 行.
NOTIC: [8] Undefined offset: 1 /Library/WebServer/Documents/vueshopserver/ThinkPHP/Library/Think/Route.class.php 第 128 行.
NOTIC: [8] Undefined offset: 1 /Library/WebServer/Documents/vueshopserver/ThinkPHP/Library/Think/Route.class.php 第 128 行.
NOTIC: [8] Undefined offset: 1 /Library/WebServer/Documents/vueshopserver/ThinkPHP/Library/Think/Route.class.php 第 128 行.
NOTIC: [8] Undefined offset: 1 /Library/WebServer/Documents/vueshopserver/ThinkPHP/Library/Think/Route.class.php 第 128 行.
NOTIC: [8] Undefined offset: 1 /Library/WebServer/Documents/vueshopserver/ThinkPHP/Library/Think/Route.class.php 第 128 行.
NOTIC: [8] A session had already been started - ignoring session_start() /Library/WebServer/Documents/vueshopserver/ThinkPHP/Common/functions.php 第 1264 行.
INFO: [ app_begin ] --START--
INFO: Run Behavior\ReadHtmlCacheBehavior [ RunTime:0.000213s ]
INFO: [ app_begin ] --END-- [ RunTime:0.000227s ]
NOTIC: [8] A session had already been started - ignoring session_start() /Library/WebServer/Documents/vueshopserver/ThinkPHP/Common/functions.php 第 1264 行.
SQL: SHOW COLUMNS FROM `app_token` [ RunTime:0.0033s ]
SQL: SELECT `token` FROM `app_token` LIMIT 1   [ RunTime:0.0001s ]
NOTIC: [8] Undefined index: uid /Library/WebServer/Documents/vueshopserver/Application/Home/Controller/OrderController.class.php 第 9 行.
NOTIC: [8] Undefined index: freight /Library/WebServer/Documents/vueshopserver/Application/Home/Controller/OrderController.class.php 第 10 行.
NOTIC: [8] Undefined index: addsid /Library/WebServer/Documents/vueshopserver/Application/Home/Controller/OrderController.class.php 第 11 行.
NOTIC: [8] Undefined index: goodsData /Library/WebServer/Documents/vueshopserver/Application/Home/Controller/OrderController.class.php 第 12 行.

[ 2019-04-21T12:05:17+08:00 ] ::1 /vueshopserver/api?m=home&c=order&a=add&token=1ec949a15fb709370f
INFO: [ app_init ] --START--
INFO: Run Behavior\BuildLiteBehavior [ RunTime:0.000006s ]
INFO: [ app_init ] --END-- [ RunTime:0.000224s ]
NOTIC: [8] A session had already been started - ignoring session_start() /Library/WebServer/Documents/vueshopserver/ThinkPHP/Common/functions.php 第 1264 行.
INFO: [ app_begin ] --START--
INFO: Run Behavior\ReadHtmlCacheBehavior [ RunTime:0.000207s ]
INFO: [ app_begin ] --END-- [ RunTime:0.000221s ]
NOTIC: [8] A session had already been started - ignoring session_start() /Library/WebServer/Documents/vueshopserver/ThinkPHP/Common/functions.php 第 1264 行.
ERR: 非法操作:api

[ 2019-04-21T12:05:27+08:00 ] ::1 /vueshopserver/api?m=home&c=order&a=add&token=1ec949a15fb709370f
INFO: [ app_init ] --START--
INFO: Run Behavior\BuildLiteBehavior [ RunTime:0.000005s ]
INFO: [ app_init ] --END-- [ RunTime:0.000145s ]
NOTIC: [8] Undefined offset: 1 /Library/WebServer/Documents/vueshopserver/ThinkPHP/Library/Think/Route.class.php 第 128 行.
NOTIC: [8] Undefined offset: 1 /Library/WebServer/Documents/vueshopserver/ThinkPHP/Library/Think/Route.class.php 第 128 行.
NOTIC: [8] Undefined offset: 1 /Library/WebServer/Documents/vueshopserver/ThinkPHP/Library/Think/Route.class.php 第 128 行.
NOTIC: [8] Undefined offset: 1 /Library/WebServer/Documents/vueshopserver/ThinkPHP/Library/Think/Route.class.php 第 128 行.
NOTIC: [8] Undefined offset: 1 /Library/WebServer/Documents/vueshopserver/ThinkPHP/Library/Think/Route.class.php 第 128 行.
NOTIC: [8] Undefined offset: 1 /Library/WebServer/Documents/vueshopserver/ThinkPHP/Library/Think/Route.class.php 第 128 行.
NOTIC: [8] Undefined offset: 1 /Library/WebServer/Documents/vueshopserver/ThinkPHP/Library/Think/Route.class.php 第 128 行.
NOTIC: [8] Undefined offset: 1 /Library/WebServer/Documents/vueshopserver/ThinkPHP/Library/Think/Route.class.php 第 128 行.
NOTIC: [8] Undefined offset: 1 /Library/WebServer/Documents/vueshopserver/ThinkPHP/Library/Think/Route.class.php 第 128 行.
NOTIC: [8] Undefined offset: 1 /Library/WebServer/Documents/vueshopserver/ThinkPHP/Library/Think/Route.class.php 第 128 行.
NOTIC: [8] Undefined offset: 1 /Library/WebServer/Documents/vueshopserver/ThinkPHP/Library/Think/Route.class.php 第 128 行.
NOTIC: [8] Undefined offset: 1 /Library/WebServer/Documents/vueshopserver/ThinkPHP/Library/Think/Route.class.php 第 128 行.
NOTIC: [8] Undefined offset: 1 /Library/WebServer/Documents/vueshopserver/ThinkPHP/Library/Think/Route.class.php 第 128 行.
NOTIC: [8] Undefined offset: 1 /Library/WebServer/Documents/vueshopserver/ThinkPHP/Library/Think/Route.class.php 第 128 行.
NOTIC: [8] Undefined offset: 1 /Library/WebServer/Documents/vueshopserver/ThinkPHP/Library/Think/Route.class.php 第 128 行.
NOTIC: [8] Undefined offset: 1 /Library/WebServer/Documents/vueshopserver/ThinkPHP/Library/Think/Route.class.php 第 128 行.
NOTIC: [8] Undefined offset: 1 /Library/WebServer/Documents/vueshopserver/ThinkPHP/Library/Think/Route.class.php 第 128 行.
NOTIC: [8] Undefined offset: 1 /Library/WebServer/Documents/vueshopserver/ThinkPHP/Library/Think/Route.class.php 第 128 行.
NOTIC: [8] Undefined offset: 1 /Library/WebServer/Documents/vueshopserver/ThinkPHP/Library/Think/Route.class.php 第 128 行.
NOTIC: [8] Undefined offset: 1 /Library/WebServer/Documents/vueshopserver/ThinkPHP/Library/Think/Route.class.php 第 128 行.
NOTIC: [8] Undefined offset: 1 /Library/WebServer/Documents/vueshopserver/ThinkPHP/Library/Think/Route.class.php 第 128 行.
NOTIC: [8] Undefined offset: 1 /Library/WebServer/Documents/vueshopserver/ThinkPHP/Library/Think/Route.class.php 第 128 行.
NOTIC: [8] Undefined offset: 1 /Library/WebServer/Documents/vueshopserver/ThinkPHP/Library/Think/Route.class.php 第 128 行.
NOTIC: [8] Undefined offset: 1 /Library/WebServer/Documents/vueshopserver/ThinkPHP/Library/Think/Route.class.php 第 128 行.
NOTIC: [8] Undefined offset: 1 /Library/WebServer/Documents/vueshopserver/ThinkPHP/Library/Think/Route.class.php 第 128 行.
NOTIC: [8] Undefined offset: 1 /Library/WebServer/Documents/vueshopserver/ThinkPHP/Library/Think/Route.class.php 第 128 行.
NOTIC: [8] Undefined offset: 1 /Library/WebServer/Documents/vueshopserver/ThinkPHP/Library/Think/Route.class.php 第 128 行.
NOTIC: [8] Undefined offset: 1 /Library/WebServer/Documents/vueshopserver/ThinkPHP/Library/Think/Route.class.php 第 128 行.
NOTIC: [8] Undefined offset: 1 /Library/WebServer/Documents/vueshopserver/ThinkPHP/Library/Think/Route.class.php 第 128 行.
NOTIC: [8] Undefined offset: 1 /Library/WebServer/Documents/vueshopserver/ThinkPHP/Library/Think/Route.class.php 第 128 行.
NOTIC: [8] Undefined offset: 1 /Library/WebServer/Documents/vueshopserver/ThinkPHP/Library/Think/Route.class.php 第 128 行.
NOTIC: [8] Undefined offset: 1 /Library/WebServer/Documents/vueshopserver/ThinkPHP/Library/Think/Route.class.php 第 128 行.
NOTIC: [8] Undefined offset: 1 /Library/WebServer/Documents/vueshopserver/ThinkPHP/Library/Think/Route.class.php 第 128 行.
NOTIC: [8] Undefined offset: 1 /Library/WebServer/Documents/vueshopserver/ThinkPHP/Library/Think/Route.class.php 第 128 行.
NOTIC: [8] Undefined offset: 1 /Library/WebServer/Documents/vueshopserver/ThinkPHP/Library/Think/Route.class.php 第 128 行.
NOTIC: [8] Undefined offset: 1 /Library/WebServer/Documents/vueshopserver/ThinkPHP/Library/Think/Route.class.php 第 128 行.
NOTIC: [8] Undefined offset: 1 /Library/WebServer/Documents/vueshopserver/ThinkPHP/Library/Think/Route.class.php 第 128 行.
NOTIC: [8] Undefined offset: 1 /Library/WebServer/Documents/vueshopserver/ThinkPHP/Library/Think/Route.class.php 第 128 行.
NOTIC: [8] Undefined offset: 1 /Library/WebServer/Documents/vueshopserver/ThinkPHP/Library/Think/Route.class.php 第 128 行.
NOTIC: [8] Undefined offset: 1 /Library/WebServer/Documents/vueshopserver/ThinkPHP/Library/Think/Route.class.php 第 128 行.
NOTIC: [8] Undefined offset: 1 /Library/WebServer/Documents/vueshopserver/ThinkPHP/Library/Think/Route.class.php 第 128 行.
NOTIC: [8] Undefined offset: 1 /Library/WebServer/Documents/vueshopserver/ThinkPHP/Library/Think/Route.class.php 第 128 行.
NOTIC: [8] Undefined offset: 1 /Library/WebServer/Documents/vueshopserver/ThinkPHP/Library/Think/Route.class.php 第 128 行.
NOTIC: [8] Undefined offset: 1 /Library/WebServer/Documents/vueshopserver/ThinkPHP/Library/Think/Route.class.php 第 128 行.
NOTIC: [8] Undefined offset: 1 /Library/WebServer/Documents/vueshopserver/ThinkPHP/Library/Think/Route.class.php 第 128 行.
NOTIC: [8] Undefined offset: 1 /Library/WebServer/Documents/vueshopserver/ThinkPHP/Library/Think/Route.class.php 第 128 行.
NOTIC: [8] Undefined offset: 1 /Library/WebServer/Documents/vueshopserver/ThinkPHP/Library/Think/Route.class.php 第 128 行.
NOTIC: [8] Undefined offset: 1 /Library/WebServer/Documents/vueshopserver/ThinkPHP/Library/Think/Route.class.php 第 128 行.
NOTIC: [8] Undefined offset: 1 /Library/WebServer/Documents/vueshopserver/ThinkPHP/Library/Think/Route.class.php 第 128 行.
NOTIC: [8] Undefined offset: 1 /Library/WebServer/Documents/vueshopserver/ThinkPHP/Library/Think/Route.class.php 第 128 行.
NOTIC: [8] Undefined offset: 1 /Library/WebServer/Documents/vueshopserver/ThinkPHP/Library/Think/Route.class.php 第 128 行.
NOTIC: [8] Undefined offset: 1 /Library/WebServer/Documents/vueshopserver/ThinkPHP/Library/Think/Route.class.php 第 128 行.
NOTIC: [8] Undefined offset: 1 /Library/WebServer/Documents/vueshopserver/ThinkPHP/Library/Think/Route.class.php 第 128 行.
NOTIC: [8] Undefined offset: 1 /Library/WebServer/Documents/vueshopserver/ThinkPHP/Library/Think/Route.class.php 第 128 行.
NOTIC: [8] Undefined offset: 1 /Library/WebServer/Documents/vueshopserver/ThinkPHP/Library/Think/Route.class.php 第 128 行.
NOTIC: [8] Undefined offset: 1 /Library/WebServer/Documents/vueshopserver/ThinkPHP/Library/Think/Route.class.php 第 128 行.
NOTIC: [8] Undefined offset: 1 /Library/WebServer/Documents/vueshopserver/ThinkPHP/Library/Think/Route.class.php 第 128 行.
NOTIC: [8] Undefined offset: 1 /Library/WebServer/Documents/vueshopserver/ThinkPHP/Library/Think/Route.class.php 第 128 行.
NOTIC: [8] Undefined offset: 1 /Library/WebServer/Documents/vueshopserver/ThinkPHP/Library/Think/Route.class.php 第 128 行.
NOTIC: [8] Undefined offset: 1 /Library/WebServer/Documents/vueshopserver/ThinkPHP/Library/Think/Route.class.php 第 128 行.
NOTIC: [8] Undefined offset: 1 /Library/WebServer/Documents/vueshopserver/ThinkPHP/Library/Think/Route.class.php 第 128 行.
NOTIC: [8] Undefined offset: 1 /Library/WebServer/Documents/vueshopserver/ThinkPHP/Library/Think/Route.class.php 第 128 行.
NOTIC: [8] A session had already been started - ignoring session_start() /Library/WebServer/Documents/vueshopserver/ThinkPHP/Common/functions.php 第 1264 行.
INFO: [ app_begin ] --START--
INFO: Run Behavior\ReadHtmlCacheBehavior [ RunTime:0.000203s ]
INFO: [ app_begin ] --END-- [ RunTime:0.000216s ]
NOTIC: [8] A session had already been started - ignoring session_start() /Library/WebServer/Documents/vueshopserver/ThinkPHP/Common/functions.php 第 1264 行.
SQL: SHOW COLUMNS FROM `app_token` [ RunTime:0.0032s ]
SQL: SELECT `token` FROM `app_token` LIMIT 1   [ RunTime:0.0002s ]
NOTIC: [8] Undefined index: uid /Library/WebServer/Documents/vueshopserver/Application/Home/Controller/OrderController.class.php 第 9 行.
NOTIC: [8] Undefined index: freight /Library/WebServer/Documents/vueshopserver/Application/Home/Controller/OrderController.class.php 第 10 行.
NOTIC: [8] Undefined index: addsid /Library/WebServer/Documents/vueshopserver/Application/Home/Controller/OrderController.class.php 第 11 行.
NOTIC: [8] Undefined index: goodsData /Library/WebServer/Documents/vueshopserver/Application/Home/Controller/OrderController.class.php 第 12 行.

[ 2019-04-21T12:07:29+08:00 ] ::1 /vueshopserver/api/home/order/add?token=1ec949a15fb709370f
INFO: [ app_init ] --START--
INFO: Run Behavior\BuildLiteBehavior [ RunTime:0.000005s ]
INFO: [ app_init ] --END-- [ RunTime:0.000221s ]
NOTIC: [8] A session had already been started - ignoring session_start() /Library/WebServer/Documents/vueshopserver/ThinkPHP/Common/functions.php 第 1264 行.
INFO: [ app_begin ] --START--
INFO: Run Behavior\ReadHtmlCacheBehavior [ RunTime:0.000233s ]
INFO: [ app_begin ] --END-- [ RunTime:0.000250s ]
NOTIC: [8] A session had already been started - ignoring session_start() /Library/WebServer/Documents/vueshopserver/ThinkPHP/Common/functions.php 第 1264 行.
SQL: SHOW COLUMNS FROM `app_token` [ RunTime:0.0014s ]
SQL: SELECT `token` FROM `app_token` LIMIT 1   [ RunTime:0.0001s ]
NOTIC: [8] Undefined index: uid /Library/WebServer/Documents/vueshopserver/Application/Home/Controller/OrderController.class.php 第 9 行.
NOTIC: [8] Undefined index: freight /Library/WebServer/Documents/vueshopserver/Application/Home/Controller/OrderController.class.php 第 10 行.
NOTIC: [8] Undefined index: addsid /Library/WebServer/Documents/vueshopserver/Application/Home/Controller/OrderController.class.php 第 11 行.
NOTIC: [8] Undefined index: goodsData /Library/WebServer/Documents/vueshopserver/Application/Home/Controller/OrderController.class.php 第 12 行.

[ 2019-04-21T12:07:31+08:00 ] ::1 /vueshopserver/api/home/order/add?token=1ec949a15fb709370f
INFO: [ app_init ] --START--
INFO: Run Behavior\BuildLiteBehavior [ RunTime:0.000006s ]
INFO: [ app_init ] --END-- [ RunTime:0.000138s ]
NOTIC: [8] A session had already been started - ignoring session_start() /Library/WebServer/Documents/vueshopserver/ThinkPHP/Common/functions.php 第 1264 行.
INFO: [ app_begin ] --START--
INFO: Run Behavior\ReadHtmlCacheBehavior [ RunTime:0.000202s ]
INFO: [ app_begin ] --END-- [ RunTime:0.000217s ]
NOTIC: [8] A session had already been started - ignoring session_start() /Library/WebServer/Documents/vueshopserver/ThinkPHP/Common/functions.php 第 1264 行.
SQL: SHOW COLUMNS FROM `app_token` [ RunTime:0.0031s ]
SQL: SELECT `token` FROM `app_token` LIMIT 1   [ RunTime:0.0002s ]
NOTIC: [8] Undefined index: uid /Library/WebServer/Documents/vueshopserver/Application/Home/Controller/OrderController.class.php 第 9 行.
NOTIC: [8] Undefined index: freight /Library/WebServer/Documents/vueshopserver/Application/Home/Controller/OrderController.class.php 第 10 行.
NOTIC: [8] Undefined index: addsid /Library/WebServer/Documents/vueshopserver/Application/Home/Controller/OrderController.class.php 第 11 行.
NOTIC: [8] Undefined index: goodsData /Library/WebServer/Documents/vueshopserver/Application/Home/Controller/OrderController.class.php 第 12 行.

[ 2019-04-21T12:07:39+08:00 ] ::1 /vueshopserver/api/order/add?token=1ec949a15fb709370f
INFO: [ app_init ] --START--
INFO: Run Behavior\BuildLiteBehavior [ RunTime:0.000005s ]
INFO: [ app_init ] --END-- [ RunTime:0.000137s ]
NOTIC: [8] A session had already been started - ignoring session_start() /Library/WebServer/Documents/vueshopserver/ThinkPHP/Common/functions.php 第 1264 行.
INFO: [ app_begin ] --START--
INFO: Run Behavior\ReadHtmlCacheBehavior [ RunTime:0.000181s ]
INFO: [ app_begin ] --END-- [ RunTime:0.000195s ]
NOTIC: [8] A session had already been started - ignoring session_start() /Library/WebServer/Documents/vueshopserver/ThinkPHP/Common/functions.php 第 1264 行.
SQL: SHOW COLUMNS FROM `app_token` [ RunTime:0.0014s ]
SQL: SELECT `token` FROM `app_token` LIMIT 1   [ RunTime:0.0001s ]
NOTIC: [8] Undefined index: uid /Library/WebServer/Documents/vueshopserver/Application/Home/Controller/OrderController.class.php 第 9 行.
NOTIC: [8] Undefined index: freight /Library/WebServer/Documents/vueshopserver/Application/Home/Controller/OrderController.class.php 第 10 行.
NOTIC: [8] Undefined index: addsid /Library/WebServer/Documents/vueshopserver/Application/Home/Controller/OrderController.class.php 第 11 行.
NOTIC: [8] Undefined index: goodsData /Library/WebServer/Documents/vueshopserver/Application/Home/Controller/OrderController.class.php 第 12 行.

[ 2019-04-21T12:07:41+08:00 ] ::1 /vueshopserver/api/order/add?token=1ec949a15fb709370f
INFO: [ app_init ] --START--
INFO: Run Behavior\BuildLiteBehavior [ RunTime:0.000005s ]
INFO: [ app_init ] --END-- [ RunTime:0.000146s ]
NOTIC: [8] A session had already been started - ignoring session_start() /Library/WebServer/Documents/vueshopserver/ThinkPHP/Common/functions.php 第 1264 行.
INFO: [ app_begin ] --START--
INFO: Run Behavior\ReadHtmlCacheBehavior [ RunTime:0.000182s ]
INFO: [ app_begin ] --END-- [ RunTime:0.000195s ]
NOTIC: [8] A session had already been started - ignoring session_start() /Library/WebServer/Documents/vueshopserver/ThinkPHP/Common/functions.php 第 1264 行.
SQL: SHOW COLUMNS FROM `app_token` [ RunTime:0.0031s ]
SQL: SELECT `token` FROM `app_token` LIMIT 1   [ RunTime:0.0001s ]
NOTIC: [8] Undefined index: uid /Library/WebServer/Documents/vueshopserver/Application/Home/Controller/OrderController.class.php 第 9 行.
NOTIC: [8] Undefined index: freight /Library/WebServer/Documents/vueshopserver/Application/Home/Controller/OrderController.class.php 第 10 行.
NOTIC: [8] Undefined index: addsid /Library/WebServer/Documents/vueshopserver/Application/Home/Controller/OrderController.class.php 第 11 行.
NOTIC: [8] Undefined index: goodsData /Library/WebServer/Documents/vueshopserver/Application/Home/Controller/OrderController.class.php 第 12 行.

[ 2019-04-21T12:24:14+08:00 ] ::1 /vueshopserver/api/order/add?token=1ec949a15fb709370f
INFO: [ app_init ] --START--
INFO: Run Behavior\BuildLiteBehavior [ RunTime:0.000006s ]
INFO: [ app_init ] --END-- [ RunTime:0.000152s ]
NOTIC: [8] A session had already been started - ignoring session_start() /Library/WebServer/Documents/vueshopserver/ThinkPHP/Common/functions.php 第 1264 行.
INFO: [ app_begin ] --START--
INFO: Run Behavior\ReadHtmlCacheBehavior [ RunTime:0.000201s ]
INFO: [ app_begin ] --END-- [ RunTime:0.000216s ]
NOTIC: [8] A session had already been started - ignoring session_start() /Library/WebServer/Documents/vueshopserver/ThinkPHP/Common/functions.php 第 1264 行.
SQL: SHOW COLUMNS FROM `app_token` [ RunTime:0.0030s ]
SQL: SELECT `token` FROM `app_token` LIMIT 1   [ RunTime:0.0001s ]
SQL: SHOW COLUMNS FROM `app_order` [ RunTime:0.0016s ]

[ 2019-04-21T12:29:57+08:00 ] ::1 /vueshopserver/api/order/add?token=1ec949a15fb709370f
INFO: [ app_init ] --START--
INFO: Run Behavior\BuildLiteBehavior [ RunTime:0.000005s ]
INFO: [ app_init ] --END-- [ RunTime:0.000137s ]
NOTIC: [8] A session had already been started - ignoring session_start() /Library/WebServer/Documents/vueshopserver/ThinkPHP/Common/functions.php 第 1264 行.
INFO: [ app_begin ] --START--
INFO: Run Behavior\ReadHtmlCacheBehavior [ RunTime:0.000243s ]
INFO: [ app_begin ] --END-- [ RunTime:0.000257s ]
NOTIC: [8] A session had already been started - ignoring session_start() /Library/WebServer/Documents/vueshopserver/ThinkPHP/Common/functions.php 第 1264 行.
SQL: SHOW COLUMNS FROM `app_token` [ RunTime:0.0030s ]
SQL: SELECT `token` FROM `app_token` LIMIT 1   [ RunTime:0.0001s ]
SQL: SHOW COLUMNS FROM `app_order` [ RunTime:0.0015s ]
NOTIC: [8192] Non-static method Think\MyModel::parseSql() should not be called statically /Library/WebServer/Documents/vueshopserver/Application/Home/Model/OrderModel.class.php 第 18 行.
NOTIC: [8192] Non-static method Think\MyModel::getTableName() should not be called statically /Library/WebServer/Documents/vueshopserver/ThinkPHP/Library/Think/MyModel.class.php 第 35 行.
NOTIC: [8192] Non-static method Think\MyModel::parse_name() should not be called statically /Library/WebServer/Documents/vueshopserver/ThinkPHP/Library/Think/MyModel.class.php 第 47 行.
NOTIC: [8] Undefined index: qid /Library/WebServer/Documents/vueshopserver/Application/Home/Model/OrderModel.class.php 第 20 行.
NOTIC: [8] Undefined index: qid /Library/WebServer/Documents/vueshopserver/Application/Home/Model/OrderModel.class.php 第 20 行.

[ 2019-04-21T12:30:01+08:00 ] ::1 /vueshopserver/api/order/add?token=1ec949a15fb709370f
INFO: [ app_init ] --START--
INFO: Run Behavior\BuildLiteBehavior [ RunTime:0.000005s ]
INFO: [ app_init ] --END-- [ RunTime:0.000135s ]
NOTIC: [8] A session had already been started - ignoring session_start() /Library/WebServer/Documents/vueshopserver/ThinkPHP/Common/functions.php 第 1264 行.
INFO: [ app_begin ] --START--
INFO: Run Behavior\ReadHtmlCacheBehavior [ RunTime:0.000184s ]
INFO: [ app_begin ] --END-- [ RunTime:0.000197s ]
NOTIC: [8] A session had already been started - ignoring session_start() /Library/WebServer/Documents/vueshopserver/ThinkPHP/Common/functions.php 第 1264 行.
SQL: SHOW COLUMNS FROM `app_token` [ RunTime:0.0037s ]
SQL: SELECT `token` FROM `app_token` LIMIT 1   [ RunTime:0.0002s ]
SQL: SHOW COLUMNS FROM `app_order` [ RunTime:0.0020s ]
NOTIC: [8192] Non-static method Think\MyModel::parseSql() should not be called statically /Library/WebServer/Documents/vueshopserver/Application/Home/Model/OrderModel.class.php 第 18 行.
NOTIC: [8192] Non-static method Think\MyModel::getTableName() should not be called statically /Library/WebServer/Documents/vueshopserver/ThinkPHP/Library/Think/MyModel.class.php 第 35 行.
NOTIC: [8192] Non-static method Think\MyModel::parse_name() should not be called statically /Library/WebServer/Documents/vueshopserver/ThinkPHP/Library/Think/MyModel.class.php 第 47 行.
NOTIC: [8] Undefined index: qid /Library/WebServer/Documents/vueshopserver/Application/Home/Model/OrderModel.class.php 第 20 行.
NOTIC: [8] Undefined index: qid /Library/WebServer/Documents/vueshopserver/Application/Home/Model/OrderModel.class.php 第 20 行.

[ 2019-04-21T12:30:19+08:00 ] ::1 /vueshopserver/api/order/add?token=1ec949a15fb709370f
INFO: [ app_init ] --START--
INFO: Run Behavior\BuildLiteBehavior [ RunTime:0.000005s ]
INFO: [ app_init ] --END-- [ RunTime:0.000159s ]
NOTIC: [8] A session had already been started - ignoring session_start() /Library/WebServer/Documents/vueshopserver/ThinkPHP/Common/functions.php 第 1264 行.
INFO: [ app_begin ] --START--
INFO: Run Behavior\ReadHtmlCacheBehavior [ RunTime:0.000212s ]
INFO: [ app_begin ] --END-- [ RunTime:0.000228s ]
NOTIC: [8] A session had already been started - ignoring session_start() /Library/WebServer/Documents/vueshopserver/ThinkPHP/Common/functions.php 第 1264 行.
SQL: SHOW COLUMNS FROM `app_token` [ RunTime:0.0032s ]
SQL: SELECT `token` FROM `app_token` LIMIT 1   [ RunTime:0.0001s ]
SQL: SHOW COLUMNS FROM `app_order` [ RunTime:0.0014s ]
NOTIC: [8192] Non-static method Think\MyModel::parseSql() should not be called statically /Library/WebServer/Documents/vueshopserver/Application/Home/Model/OrderModel.class.php 第 18 行.
NOTIC: [8192] Non-static method Think\MyModel::getTableName() should not be called statically /Library/WebServer/Documents/vueshopserver/ThinkPHP/Library/Think/MyModel.class.php 第 35 行.
NOTIC: [8192] Non-static method Think\MyModel::parse_name() should not be called statically /Library/WebServer/Documents/vueshopserver/ThinkPHP/Library/Think/MyModel.class.php 第 47 行.
NOTIC: [8] Undefined index: qid /Library/WebServer/Documents/vueshopserver/Application/Home/Model/OrderModel.class.php 第 20 行.
NOTIC: [8] Undefined index: qid /Library/WebServer/Documents/vueshopserver/Application/Home/Model/OrderModel.class.php 第 20 行.

[ 2019-04-21T12:30:49+08:00 ] ::1 /vueshopserver/api/order/add?token=1ec949a15fb709370f
INFO: [ app_init ] --START--
INFO: Run Behavior\BuildLiteBehavior [ RunTime:0.000005s ]
INFO: [ app_init ] --END-- [ RunTime:0.000139s ]
NOTIC: [8] A session had already been started - ignoring session_start() /Library/WebServer/Documents/vueshopserver/ThinkPHP/Common/functions.php 第 1264 行.
INFO: [ app_begin ] --START--
INFO: Run Behavior\ReadHtmlCacheBehavior [ RunTime:0.000200s ]
INFO: [ app_begin ] --END-- [ RunTime:0.000216s ]
NOTIC: [8] A session had already been started - ignoring session_start() /Library/WebServer/Documents/vueshopserver/ThinkPHP/Common/functions.php 第 1264 行.
SQL: SHOW COLUMNS FROM `app_token` [ RunTime:0.0034s ]
SQL: SELECT `token` FROM `app_token` LIMIT 1   [ RunTime:0.0001s ]
SQL: SHOW COLUMNS FROM `app_order` [ RunTime:0.0014s ]
NOTIC: [8192] Non-static method Think\MyModel::parseSql() should not be called statically /Library/WebServer/Documents/vueshopserver/Application/Home/Model/OrderModel.class.php 第 18 行.
NOTIC: [8192] Non-static method Think\MyModel::getTableName() should not be called statically /Library/WebServer/Documents/vueshopserver/ThinkPHP/Library/Think/MyModel.class.php 第 35 行.
NOTIC: [8192] Non-static method Think\MyModel::parse_name() should not be called statically /Library/WebServer/Documents/vueshopserver/ThinkPHP/Library/Think/MyModel.class.php 第 47 行.

[ 2019-04-21T12:32:21+08:00 ] ::1 /vueshopserver/api/order/add?token=1ec949a15fb709370f
INFO: [ app_init ] --START--
INFO: Run Behavior\BuildLiteBehavior [ RunTime:0.000004s ]
INFO: [ app_init ] --END-- [ RunTime:0.000134s ]
NOTIC: [8] A session had already been started - ignoring session_start() /Library/WebServer/Documents/vueshopserver/ThinkPHP/Common/functions.php 第 1264 行.
INFO: [ app_begin ] --START--
INFO: Run Behavior\ReadHtmlCacheBehavior [ RunTime:0.000188s ]
INFO: [ app_begin ] --END-- [ RunTime:0.000202s ]
NOTIC: [8] A session had already been started - ignoring session_start() /Library/WebServer/Documents/vueshopserver/ThinkPHP/Common/functions.php 第 1264 行.
SQL: SHOW COLUMNS FROM `app_token` [ RunTime:0.0033s ]
SQL: SELECT `token` FROM `app_token` LIMIT 1   [ RunTime:0.0002s ]
SQL: SHOW COLUMNS FROM `app_order` [ RunTime:0.0014s ]
NOTIC: [8192] Non-static method Think\MyModel::parseSql() should not be called statically /Library/WebServer/Documents/vueshopserver/Application/Home/Model/OrderModel.class.php 第 18 行.
NOTIC: [8192] Non-static method Think\MyModel::getTableName() should not be called statically /Library/WebServer/Documents/vueshopserver/ThinkPHP/Library/Think/MyModel.class.php 第 35 行.
NOTIC: [8192] Non-static method Think\MyModel::parse_name() should not be called statically /Library/WebServer/Documents/vueshopserver/ThinkPHP/Library/Think/MyModel.class.php 第 47 行.

[ 2019-04-21T12:33:50+08:00 ] ::1 /vueshopserver/api/order/add?token=1ec949a15fb709370f
INFO: [ app_init ] --START--
INFO: Run Behavior\BuildLiteBehavior [ RunTime:0.000005s ]
INFO: [ app_init ] --END-- [ RunTime:0.000138s ]
NOTIC: [8] A session had already been started - ignoring session_start() /Library/WebServer/Documents/vueshopserver/ThinkPHP/Common/functions.php 第 1264 行.
INFO: [ app_begin ] --START--
INFO: Run Behavior\ReadHtmlCacheBehavior [ RunTime:0.000181s ]
INFO: [ app_begin ] --END-- [ RunTime:0.000194s ]
NOTIC: [8] A session had already been started - ignoring session_start() /Library/WebServer/Documents/vueshopserver/ThinkPHP/Common/functions.php 第 1264 行.
SQL: SHOW COLUMNS FROM `app_token` [ RunTime:0.0034s ]
SQL: SELECT `token` FROM `app_token` LIMIT 1   [ RunTime:0.0002s ]
SQL: SHOW COLUMNS FROM `app_order` [ RunTime:0.0016s ]
NOTIC: [8192] Non-static method Think\MyModel::parseSql() should not be called statically /Library/WebServer/Documents/vueshopserver/Application/Home/Model/OrderModel.class.php 第 18 行.
NOTIC: [8192] Non-static method Think\MyModel::getTableName() should not be called statically /Library/WebServer/Documents/vueshopserver/ThinkPHP/Library/Think/MyModel.class.php 第 35 行.
NOTIC: [8192] Non-static method Think\MyModel::parse_name() should not be called statically /Library/WebServer/Documents/vueshopserver/ThinkPHP/Library/Think/MyModel.class.php 第 47 行.

[ 2019-04-21T12:47:56+08:00 ] ::1 /vueshopserver/api/order/add?token=1ec949a15fb709370f
INFO: [ app_init ] --START--
INFO: Run Behavior\BuildLiteBehavior [ RunTime:0.000004s ]
INFO: [ app_init ] --END-- [ RunTime:0.000158s ]
NOTIC: [8] A session had already been started - ignoring session_start() /Library/WebServer/Documents/vueshopserver/ThinkPHP/Common/functions.php 第 1264 行.
INFO: [ app_begin ] --START--
INFO: Run Behavior\ReadHtmlCacheBehavior [ RunTime:0.000222s ]
INFO: [ app_begin ] --END-- [ RunTime:0.000242s ]
NOTIC: [8] A session had already been started - ignoring session_start() /Library/WebServer/Documents/vueshopserver/ThinkPHP/Common/functions.php 第 1264 行.
SQL: SHOW COLUMNS FROM `app_token` [ RunTime:0.0034s ]
SQL: SELECT `token` FROM `app_token` LIMIT 1   [ RunTime:0.0002s ]
SQL: SHOW COLUMNS FROM `app_order` [ RunTime:0.0018s ]
NOTIC: [8192] Non-static method Think\MyModel::parseSql() should not be called statically /Library/WebServer/Documents/vueshopserver/Application/Home/Model/OrderModel.class.php 第 19 行.
NOTIC: [8192] Non-static method Think\MyModel::getTableName() should not be called statically /Library/WebServer/Documents/vueshopserver/ThinkPHP/Library/Think/MyModel.class.php 第 35 行.
NOTIC: [8192] Non-static method Think\MyModel::parse_name() should not be called statically /Library/WebServer/Documents/vueshopserver/ThinkPHP/Library/Think/MyModel.class.php 第 47 行.
NOTIC: [8192] Non-static method Think\MyModel::parseSql() should not be called statically /Library/WebServer/Documents/vueshopserver/Application/Home/Model/OrderModel.class.php 第 30 行.
NOTIC: [8192] Non-static method Think\MyModel::getTableName() should not be called statically /Library/WebServer/Documents/vueshopserver/ThinkPHP/Library/Think/MyModel.class.php 第 35 行.

[ 2019-04-21T12:57:47+08:00 ] ::1 /vueshopserver/api/order/add?token=1ec949a15fb709370f
INFO: [ app_init ] --START--
INFO: Run Behavior\BuildLiteBehavior [ RunTime:0.000005s ]
INFO: [ app_init ] --END-- [ RunTime:0.000135s ]
NOTIC: [8] A session had already been started - ignoring session_start() /Library/WebServer/Documents/vueshopserver/ThinkPHP/Common/functions.php 第 1264 行.
INFO: [ app_begin ] --START--
INFO: Run Behavior\ReadHtmlCacheBehavior [ RunTime:0.000180s ]
INFO: [ app_begin ] --END-- [ RunTime:0.000194s ]
NOTIC: [8] A session had already been started - ignoring session_start() /Library/WebServer/Documents/vueshopserver/ThinkPHP/Common/functions.php 第 1264 行.
SQL: SHOW COLUMNS FROM `app_token` [ RunTime:0.0033s ]
SQL: SELECT `token` FROM `app_token` LIMIT 1   [ RunTime:0.0002s ]
SQL: SHOW COLUMNS FROM `app_order` [ RunTime:0.0016s ]
NOTIC: [8192] Non-static method Think\MyModel::parseSql() should not be called statically /Library/WebServer/Documents/vueshopserver/Application/Home/Model/OrderModel.class.php 第 19 行.
NOTIC: [8192] Non-static method Think\MyModel::getTableName() should not be called statically /Library/WebServer/Documents/vueshopserver/ThinkPHP/Library/Think/MyModel.class.php 第 35 行.
NOTIC: [8192] Non-static method Think\MyModel::parse_name() should not be called statically /Library/WebServer/Documents/vueshopserver/ThinkPHP/Library/Think/MyModel.class.php 第 47 行.
NOTIC: [8192] Non-static method Think\MyModel::parseSql() should not be called statically /Library/WebServer/Documents/vueshopserver/Application/Home/Model/OrderModel.class.php 第 30 行.
NOTIC: [8192] Non-static method Think\MyModel::getTableName() should not be called statically /Library/WebServer/Documents/vueshopserver/ThinkPHP/Library/Think/MyModel.class.php 第 35 行.
NOTIC: [8192] Non-static method Think\MyModel::parseSql() should not be called statically /Library/WebServer/Documents/vueshopserver/Application/Home/Model/OrderModel.class.php 第 35 行.
NOTIC: [8192] Non-static method Think\MyModel::getTableName() should not be called statically /Library/WebServer/Documents/vueshopserver/ThinkPHP/Library/Think/MyModel.class.php 第 35 行.

[ 2019-04-21T12:58:24+08:00 ] ::1 /vueshopserver/api/order/add?token=1ec949a15fb709370f
INFO: [ app_init ] --START--
INFO: Run Behavior\BuildLiteBehavior [ RunTime:0.000007s ]
INFO: [ app_init ] --END-- [ RunTime:0.000198s ]
NOTIC: [8] A session had already been started - ignoring session_start() /Library/WebServer/Documents/vueshopserver/ThinkPHP/Common/functions.php 第 1264 行.
INFO: [ app_begin ] --START--
INFO: Run Behavior\ReadHtmlCacheBehavior [ RunTime:0.000205s ]
INFO: [ app_begin ] --END-- [ RunTime:0.000221s ]
NOTIC: [8] A session had already been started - ignoring session_start() /Library/WebServer/Documents/vueshopserver/ThinkPHP/Common/functions.php 第 1264 行.
SQL: SHOW COLUMNS FROM `app_token` [ RunTime:0.0032s ]
SQL: SELECT `token` FROM `app_token` LIMIT 1   [ RunTime:0.0001s ]
SQL: SHOW COLUMNS FROM `app_order` [ RunTime:0.0014s ]
NOTIC: [8192] Non-static method Think\MyModel::parseSql() should not be called statically /Library/WebServer/Documents/vueshopserver/Application/Home/Model/OrderModel.class.php 第 19 行.
NOTIC: [8192] Non-static method Think\MyModel::getTableName() should not be called statically /Library/WebServer/Documents/vueshopserver/ThinkPHP/Library/Think/MyModel.class.php 第 35 行.
NOTIC: [8192] Non-static method Think\MyModel::parse_name() should not be called statically /Library/WebServer/Documents/vueshopserver/ThinkPHP/Library/Think/MyModel.class.php 第 47 行.
NOTIC: [8192] Non-static method Think\MyModel::parseSql() should not be called statically /Library/WebServer/Documents/vueshopserver/Application/Home/Model/OrderModel.class.php 第 30 行.
NOTIC: [8192] Non-static method Think\MyModel::getTableName() should not be called statically /Library/WebServer/Documents/vueshopserver/ThinkPHP/Library/Think/MyModel.class.php 第 35 行.
NOTIC: [8192] Non-static method Think\MyModel::parseSql() should not be called statically /Library/WebServer/Documents/vueshopserver/Application/Home/Model/OrderModel.class.php 第 35 行.
NOTIC: [8192] Non-static method Think\MyModel::getTableName() should not be called statically /Library/WebServer/Documents/vueshopserver/ThinkPHP/Library/Think/MyModel.class.php 第 35 行.

[ 2019-04-21T12:59:37+08:00 ] ::1 /vueshopserver/api/order/add?token=1ec949a15fb709370f
INFO: [ app_init ] --START--
INFO: Run Behavior\BuildLiteBehavior [ RunTime:0.000005s ]
INFO: [ app_init ] --END-- [ RunTime:0.000137s ]
NOTIC: [8] A session had already been started - ignoring session_start() /Library/WebServer/Documents/vueshopserver/ThinkPHP/Common/functions.php 第 1264 行.
INFO: [ app_begin ] --START--
INFO: Run Behavior\ReadHtmlCacheBehavior [ RunTime:0.000182s ]
INFO: [ app_begin ] --END-- [ RunTime:0.000196s ]
NOTIC: [8] A session had already been started - ignoring session_start() /Library/WebServer/Documents/vueshopserver/ThinkPHP/Common/functions.php 第 1264 行.
SQL: SHOW COLUMNS FROM `app_token` [ RunTime:0.0023s ]
SQL: SELECT `token` FROM `app_token` LIMIT 1   [ RunTime:0.0002s ]
SQL: SHOW COLUMNS FROM `app_order` [ RunTime:0.0014s ]

