[ 2018-04-04T17:02:28+08:00 ] ::1 /hadmin.php/home/Default/
INFO: [ app_init ] --START--
INFO: Run Behavior\BuildLiteBehavior [ RunTime:0.000011s ]
INFO: [ app_init ] --END-- [ RunTime:0.000328s ]
INFO: [ app_begin ] --START--
INFO: Run Behavior\ReadHtmlCacheBehavior [ RunTime:0.000298s ]
INFO: [ app_begin ] --END-- [ RunTime:0.000319s ]
NOTIC: [8] A session had already been started - ignoring session_start() /Library/WebServer/Documents/vueshopserver/ThinkPHP/Common/functions.php 第 1264 行.
NOTIC: [8] Undefined index: kwords /Library/WebServer/Documents/vueshopserver/Admin/Home/Controller/PublicController.class.php 第 9 行.
NOTIC: [8] Undefined index: action /Library/WebServer/Documents/vueshopserver/Admin/Home/Controller/PublicController.class.php 第 15 行.
NOTIC: [8] Undefined index: id /Library/WebServer/Documents/vueshopserver/Admin/Home/Controller/PublicController.class.php 第 18 行.
NOTIC: [8] Undefined index: pid /Library/WebServer/Documents/vueshopserver/Admin/Home/Controller/PublicController.class.php 第 21 行.
NOTIC: [8] Undefined index: cid /Library/WebServer/Documents/vueshopserver/Admin/Home/Controller/PublicController.class.php 第 24 行.
NOTIC: [8] Undefined index: parentid /Library/WebServer/Documents/vueshopserver/Admin/Home/Controller/PublicController.class.php 第 27 行.
NOTIC: [8] Undefined index: page /Library/WebServer/Documents/vueshopserver/Admin/Home/Controller/PublicController.class.php 第 30 行.
NOTIC: [8] Undefined index: pg /Library/WebServer/Documents/vueshopserver/Admin/Home/Controller/PublicController.class.php 第 33 行.
NOTIC: [8] Undefined index: cardid /Library/WebServer/Documents/vueshopserver/Admin/Home/Controller/PublicController.class.php 第 36 行.
NOTIC: [8] Undefined index: HTTP_X_FORWARDED_FOR /Library/WebServer/Documents/vueshopserver/Admin/Home/Org/OtherOrg.class.php 第 7 行.
NOTIC: [8] Undefined index: HTTP_CLIENT_IP /Library/WebServer/Documents/vueshopserver/Admin/Home/Org/OtherOrg.class.php 第 9 行.
SQL: SHOW COLUMNS FROM `app_funset` [ RunTime:0.0039s ]
SQL: SELECT `title`,`webs` FROM `app_funset` WHERE ( id in (1,2,5) and isclose='1' ) ORDER BY id asc  [ RunTime:0.0002s ]
INFO: [ view_parse ] --START--
INFO: [ template_filter ] --START--
INFO: Run Behavior\ContentReplaceBehavior [ RunTime:0.000058s ]
INFO: [ template_filter ] --END-- [ RunTime:0.000088s ]
INFO: Run Behavior\ParseTemplateBehavior [ RunTime:0.029818s ]
INFO: [ view_parse ] --END-- [ RunTime:0.029849s ]
INFO: [ view_filter ] --START--
INFO: Run Behavior\WriteHtmlCacheBehavior [ RunTime:0.000493s ]
INFO: [ view_filter ] --END-- [ RunTime:0.000511s ]
INFO: [ app_end ] --START--
INFO: Run Behavior\ShowPageTraceBehavior [ RunTime:0.000650s ]
INFO: [ app_end ] --END-- [ RunTime:0.000669s ]

[ 2018-04-04T17:02:28+08:00 ] ::1 /hadmin.php/Home/Desktop/
INFO: [ app_init ] --START--
INFO: Run Behavior\BuildLiteBehavior [ RunTime:0.000006s ]
INFO: [ app_init ] --END-- [ RunTime:0.000164s ]
INFO: [ app_begin ] --START--
INFO: Run Behavior\ReadHtmlCacheBehavior [ RunTime:0.000231s ]
INFO: [ app_begin ] --END-- [ RunTime:0.000249s ]
NOTIC: [8] A session had already been started - ignoring session_start() /Library/WebServer/Documents/vueshopserver/ThinkPHP/Common/functions.php 第 1264 行.
NOTIC: [8] Undefined index: kwords /Library/WebServer/Documents/vueshopserver/Admin/Home/Controller/PublicController.class.php 第 9 行.
NOTIC: [8] Undefined index: action /Library/WebServer/Documents/vueshopserver/Admin/Home/Controller/PublicController.class.php 第 15 行.
NOTIC: [8] Undefined index: id /Library/WebServer/Documents/vueshopserver/Admin/Home/Controller/PublicController.class.php 第 18 行.
NOTIC: [8] Undefined index: pid /Library/WebServer/Documents/vueshopserver/Admin/Home/Controller/PublicController.class.php 第 21 行.
NOTIC: [8] Undefined index: cid /Library/WebServer/Documents/vueshopserver/Admin/Home/Controller/PublicController.class.php 第 24 行.
NOTIC: [8] Undefined index: parentid /Library/WebServer/Documents/vueshopserver/Admin/Home/Controller/PublicController.class.php 第 27 行.
NOTIC: [8] Undefined index: page /Library/WebServer/Documents/vueshopserver/Admin/Home/Controller/PublicController.class.php 第 30 行.
NOTIC: [8] Undefined index: pg /Library/WebServer/Documents/vueshopserver/Admin/Home/Controller/PublicController.class.php 第 33 行.
NOTIC: [8] Undefined index: cardid /Library/WebServer/Documents/vueshopserver/Admin/Home/Controller/PublicController.class.php 第 36 行.
SQL: select d.id,d.num,d.title,d.cid,d.fid,d.pic_path,f.webs from app_desktop as d left join app_funset as f on d.fid=f.id where d.uid=36 and (f.isclose='1' or d.cid<>'') and f.isshow=1 order by d.num asc,d.id desc [ RunTime:0.0018s ]
INFO: [ view_parse ] --START--
INFO: [ template_filter ] --START--
INFO: Run Behavior\ContentReplaceBehavior [ RunTime:0.000042s ]
INFO: [ template_filter ] --END-- [ RunTime:0.000096s ]
INFO: Run Behavior\ParseTemplateBehavior [ RunTime:0.016367s ]
INFO: [ view_parse ] --END-- [ RunTime:0.016399s ]
INFO: [ view_filter ] --START--
INFO: Run Behavior\WriteHtmlCacheBehavior [ RunTime:0.000150s ]
INFO: [ view_filter ] --END-- [ RunTime:0.000164s ]
INFO: [ app_end ] --START--
INFO: Run Behavior\ShowPageTraceBehavior [ RunTime:0.000376s ]
INFO: [ app_end ] --END-- [ RunTime:0.000392s ]

[ 2018-04-04T17:02:31+08:00 ] ::1 /hadmin.php/Home/User
INFO: [ app_init ] --START--
INFO: Run Behavior\BuildLiteBehavior [ RunTime:0.000005s ]
INFO: [ app_init ] --END-- [ RunTime:0.000137s ]
INFO: [ app_begin ] --START--
INFO: Run Behavior\ReadHtmlCacheBehavior [ RunTime:0.000188s ]
INFO: [ app_begin ] --END-- [ RunTime:0.000201s ]
NOTIC: [8] A session had already been started - ignoring session_start() /Library/WebServer/Documents/vueshopserver/ThinkPHP/Common/functions.php 第 1264 行.
NOTIC: [8] Undefined index: kwords /Library/WebServer/Documents/vueshopserver/Admin/Home/Controller/PublicController.class.php 第 9 行.
NOTIC: [8] Undefined index: action /Library/WebServer/Documents/vueshopserver/Admin/Home/Controller/PublicController.class.php 第 15 行.
NOTIC: [8] Undefined index: id /Library/WebServer/Documents/vueshopserver/Admin/Home/Controller/PublicController.class.php 第 18 行.
NOTIC: [8] Undefined index: pid /Library/WebServer/Documents/vueshopserver/Admin/Home/Controller/PublicController.class.php 第 21 行.
NOTIC: [8] Undefined index: cid /Library/WebServer/Documents/vueshopserver/Admin/Home/Controller/PublicController.class.php 第 24 行.
NOTIC: [8] Undefined index: parentid /Library/WebServer/Documents/vueshopserver/Admin/Home/Controller/PublicController.class.php 第 27 行.
NOTIC: [8] Undefined index: page /Library/WebServer/Documents/vueshopserver/Admin/Home/Controller/PublicController.class.php 第 30 行.
NOTIC: [8] Undefined index: pg /Library/WebServer/Documents/vueshopserver/Admin/Home/Controller/PublicController.class.php 第 33 行.
NOTIC: [8] Undefined index: cardid /Library/WebServer/Documents/vueshopserver/Admin/Home/Controller/PublicController.class.php 第 36 行.
SQL: SHOW COLUMNS FROM `app_admin` [ RunTime:0.0028s ]
SQL: SELECT * FROM `app_admin` WHERE ( qid=36 ) LIMIT 1   [ RunTime:0.0004s ]
INFO: [ view_parse ] --START--
INFO: [ template_filter ] --START--
INFO: Run Behavior\ContentReplaceBehavior [ RunTime:0.000022s ]
INFO: [ template_filter ] --END-- [ RunTime:0.000041s ]
INFO: Run Behavior\ParseTemplateBehavior [ RunTime:0.009770s ]
INFO: [ view_parse ] --END-- [ RunTime:0.009800s ]
INFO: [ view_filter ] --START--
INFO: Run Behavior\WriteHtmlCacheBehavior [ RunTime:0.000171s ]
INFO: [ view_filter ] --END-- [ RunTime:0.000191s ]
INFO: [ app_end ] --START--
INFO: Run Behavior\ShowPageTraceBehavior [ RunTime:0.000484s ]
INFO: [ app_end ] --END-- [ RunTime:0.000506s ]

[ 2018-04-04T17:02:31+08:00 ] ::1 /hadmin.php/Home/User/left
INFO: [ app_init ] --START--
INFO: Run Behavior\BuildLiteBehavior [ RunTime:0.000008s ]
INFO: [ app_init ] --END-- [ RunTime:0.000242s ]
INFO: [ app_begin ] --START--
INFO: Run Behavior\ReadHtmlCacheBehavior [ RunTime:0.000403s ]
INFO: [ app_begin ] --END-- [ RunTime:0.000420s ]
NOTIC: [8] A session had already been started - ignoring session_start() /Library/WebServer/Documents/vueshopserver/ThinkPHP/Common/functions.php 第 1264 行.
NOTIC: [8] Undefined index: kwords /Library/WebServer/Documents/vueshopserver/Admin/Home/Controller/PublicController.class.php 第 9 行.
NOTIC: [8] Undefined index: action /Library/WebServer/Documents/vueshopserver/Admin/Home/Controller/PublicController.class.php 第 15 行.
NOTIC: [8] Undefined index: id /Library/WebServer/Documents/vueshopserver/Admin/Home/Controller/PublicController.class.php 第 18 行.
NOTIC: [8] Undefined index: pid /Library/WebServer/Documents/vueshopserver/Admin/Home/Controller/PublicController.class.php 第 21 行.
NOTIC: [8] Undefined index: cid /Library/WebServer/Documents/vueshopserver/Admin/Home/Controller/PublicController.class.php 第 24 行.
NOTIC: [8] Undefined index: parentid /Library/WebServer/Documents/vueshopserver/Admin/Home/Controller/PublicController.class.php 第 27 行.
NOTIC: [8] Undefined index: page /Library/WebServer/Documents/vueshopserver/Admin/Home/Controller/PublicController.class.php 第 30 行.
NOTIC: [8] Undefined index: pg /Library/WebServer/Documents/vueshopserver/Admin/Home/Controller/PublicController.class.php 第 33 行.
NOTIC: [8] Undefined index: cardid /Library/WebServer/Documents/vueshopserver/Admin/Home/Controller/PublicController.class.php 第 36 行.
SQL: SHOW COLUMNS FROM `app_admin` [ RunTime:0.0016s ]
SQL: SELECT * FROM `app_admin` WHERE ( qid=36 ) LIMIT 1   [ RunTime:0.0002s ]
INFO: [ view_parse ] --START--
INFO: [ template_filter ] --START--
INFO: Run Behavior\ContentReplaceBehavior [ RunTime:0.000020s ]
INFO: [ template_filter ] --END-- [ RunTime:0.000046s ]
INFO: Run Behavior\ParseTemplateBehavior [ RunTime:0.009720s ]
INFO: [ view_parse ] --END-- [ RunTime:0.009744s ]
INFO: [ view_filter ] --START--
INFO: Run Behavior\WriteHtmlCacheBehavior [ RunTime:0.000123s ]
INFO: [ view_filter ] --END-- [ RunTime:0.000136s ]
INFO: [ app_end ] --START--
INFO: Run Behavior\ShowPageTraceBehavior [ RunTime:0.000322s ]
INFO: [ app_end ] --END-- [ RunTime:0.000337s ]

[ 2018-04-04T17:02:31+08:00 ] ::1 /hadmin.php/Home/User/manage?utype=0
INFO: [ app_init ] --START--
INFO: Run Behavior\BuildLiteBehavior [ RunTime:0.000007s ]
INFO: [ app_init ] --END-- [ RunTime:0.000237s ]
INFO: [ app_begin ] --START--
INFO: Run Behavior\ReadHtmlCacheBehavior [ RunTime:0.000481s ]
INFO: [ app_begin ] --END-- [ RunTime:0.000520s ]
NOTIC: [8] A session had already been started - ignoring session_start() /Library/WebServer/Documents/vueshopserver/ThinkPHP/Common/functions.php 第 1264 行.
NOTIC: [8] Undefined index: kwords /Library/WebServer/Documents/vueshopserver/Admin/Home/Controller/PublicController.class.php 第 9 行.
NOTIC: [8] Undefined index: action /Library/WebServer/Documents/vueshopserver/Admin/Home/Controller/PublicController.class.php 第 15 行.
NOTIC: [8] Undefined index: id /Library/WebServer/Documents/vueshopserver/Admin/Home/Controller/PublicController.class.php 第 18 行.
NOTIC: [8] Undefined index: pid /Library/WebServer/Documents/vueshopserver/Admin/Home/Controller/PublicController.class.php 第 21 行.
NOTIC: [8] Undefined index: cid /Library/WebServer/Documents/vueshopserver/Admin/Home/Controller/PublicController.class.php 第 24 行.
NOTIC: [8] Undefined index: parentid /Library/WebServer/Documents/vueshopserver/Admin/Home/Controller/PublicController.class.php 第 27 行.
NOTIC: [8] Undefined index: page /Library/WebServer/Documents/vueshopserver/Admin/Home/Controller/PublicController.class.php 第 30 行.
NOTIC: [8] Undefined index: pg /Library/WebServer/Documents/vueshopserver/Admin/Home/Controller/PublicController.class.php 第 33 行.
NOTIC: [8] Undefined index: cardid /Library/WebServer/Documents/vueshopserver/Admin/Home/Controller/PublicController.class.php 第 36 行.
SQL: SHOW COLUMNS FROM `app_admin` [ RunTime:0.0023s ]
SQL: SELECT * FROM `app_admin` WHERE ( qid=36 ) LIMIT 1   [ RunTime:0.0003s ]
NOTIC: [8] Undefined index: screen /Library/WebServer/Documents/vueshopserver/Admin/Home/Controller/UserController.class.php 第 22 行.
NOTIC: [8] Undefined variable: strname /Library/WebServer/Documents/vueshopserver/Admin/Home/Controller/UserController.class.php 第 29 行.
NOTIC: [8] Undefined index: timeorder /Library/WebServer/Documents/vueshopserver/Admin/Home/Controller/UserController.class.php 第 30 行.
SQL: SHOW COLUMNS FROM `app_user` [ RunTime:0.0036s ]
ERR: Too few arguments to function Home\Model\UserModel::getUserTotal(), 2 passed in /Library/WebServer/Documents/vueshopserver/Admin/Home/Controller/UserController.class.php on line 39 and exactly 3 expected

[ 2018-04-04T17:03:46+08:00 ] ::1 /hadmin.php/Home/User/manage?utype=0
INFO: [ app_init ] --START--
INFO: Run Behavior\BuildLiteBehavior [ RunTime:0.000005s ]
INFO: [ app_init ] --END-- [ RunTime:0.000162s ]
INFO: [ app_begin ] --START--
INFO: Run Behavior\ReadHtmlCacheBehavior [ RunTime:0.000210s ]
INFO: [ app_begin ] --END-- [ RunTime:0.000225s ]
NOTIC: [8] A session had already been started - ignoring session_start() /Library/WebServer/Documents/vueshopserver/ThinkPHP/Common/functions.php 第 1264 行.
NOTIC: [8] Undefined index: kwords /Library/WebServer/Documents/vueshopserver/Admin/Home/Controller/PublicController.class.php 第 9 行.
NOTIC: [8] Undefined index: action /Library/WebServer/Documents/vueshopserver/Admin/Home/Controller/PublicController.class.php 第 15 行.
NOTIC: [8] Undefined index: id /Library/WebServer/Documents/vueshopserver/Admin/Home/Controller/PublicController.class.php 第 18 行.
NOTIC: [8] Undefined index: pid /Library/WebServer/Documents/vueshopserver/Admin/Home/Controller/PublicController.class.php 第 21 行.
NOTIC: [8] Undefined index: cid /Library/WebServer/Documents/vueshopserver/Admin/Home/Controller/PublicController.class.php 第 24 行.
NOTIC: [8] Undefined index: parentid /Library/WebServer/Documents/vueshopserver/Admin/Home/Controller/PublicController.class.php 第 27 行.
NOTIC: [8] Undefined index: page /Library/WebServer/Documents/vueshopserver/Admin/Home/Controller/PublicController.class.php 第 30 行.
NOTIC: [8] Undefined index: pg /Library/WebServer/Documents/vueshopserver/Admin/Home/Controller/PublicController.class.php 第 33 行.
NOTIC: [8] Undefined index: cardid /Library/WebServer/Documents/vueshopserver/Admin/Home/Controller/PublicController.class.php 第 36 行.
SQL: SHOW COLUMNS FROM `app_admin` [ RunTime:0.0016s ]
SQL: SELECT * FROM `app_admin` WHERE ( qid=36 ) LIMIT 1   [ RunTime:0.0002s ]
NOTIC: [8] Undefined index: screen /Library/WebServer/Documents/vueshopserver/Admin/Home/Controller/UserController.class.php 第 22 行.
NOTIC: [8] Undefined variable: strname /Library/WebServer/Documents/vueshopserver/Admin/Home/Controller/UserController.class.php 第 29 行.
NOTIC: [8] Undefined index: timeorder /Library/WebServer/Documents/vueshopserver/Admin/Home/Controller/UserController.class.php 第 30 行.
SQL: SHOW COLUMNS FROM `app_user` [ RunTime:0.0011s ]
NOTIC: [8192] Non-static method Think\MyModel::parseSql() should not be called statically /Library/WebServer/Documents/vueshopserver/Admin/Home/Model/UserModel.class.php 第 46 行.
NOTIC: [8192] Non-static method Think\MyModel::getTableName() should not be called statically /Library/WebServer/Documents/vueshopserver/ThinkPHP/Library/Think/MyModel.class.php 第 35 行.
NOTIC: [8192] Non-static method Think\MyModel::parse_name() should not be called statically /Library/WebServer/Documents/vueshopserver/ThinkPHP/Library/Think/MyModel.class.php 第 47 行.
NOTIC: [8192] Non-static method Think\MyModel::parseSql() should not be called statically /Library/WebServer/Documents/vueshopserver/Admin/Home/Model/UserModel.class.php 第 71 行.
NOTIC: [8192] Non-static method Think\MyModel::getTableName() should not be called statically /Library/WebServer/Documents/vueshopserver/ThinkPHP/Library/Think/MyModel.class.php 第 35 行.
INFO: [ view_parse ] --START--
INFO: [ template_filter ] --START--
INFO: Run Behavior\ContentReplaceBehavior [ RunTime:0.000028s ]
INFO: [ template_filter ] --END-- [ RunTime:0.000047s ]
NOTIC: [8] Undefined variable: timeorder /Library/WebServer/Documents/vueshopserver/Admin/Runtime/Cache/Home/0ffcf880e3b2f8acc029a8ec7d72ca5b.php 第 47 行.
NOTIC: [8] Undefined variable: timeorder /Library/WebServer/Documents/vueshopserver/Admin/Runtime/Cache/Home/0ffcf880e3b2f8acc029a8ec7d72ca5b.php 第 47 行.
NOTIC: [8] Use of undefined constant cellphone - assumed 'cellphone' /Library/WebServer/Documents/vueshopserver/Admin/Runtime/Cache/Home/0ffcf880e3b2f8acc029a8ec7d72ca5b.php 第 59 行.
NOTIC: [8] Use of undefined constant cellphone - assumed 'cellphone' /Library/WebServer/Documents/vueshopserver/Admin/Runtime/Cache/Home/0ffcf880e3b2f8acc029a8ec7d72ca5b.php 第 59 行.
NOTIC: [8] Use of undefined constant cellphone - assumed 'cellphone' /Library/WebServer/Documents/vueshopserver/Admin/Runtime/Cache/Home/0ffcf880e3b2f8acc029a8ec7d72ca5b.php 第 59 行.
NOTIC: [8] Use of undefined constant cellphone - assumed 'cellphone' /Library/WebServer/Documents/vueshopserver/Admin/Runtime/Cache/Home/0ffcf880e3b2f8acc029a8ec7d72ca5b.php 第 59 行.
NOTIC: [8] Use of undefined constant cellphone - assumed 'cellphone' /Library/WebServer/Documents/vueshopserver/Admin/Runtime/Cache/Home/0ffcf880e3b2f8acc029a8ec7d72ca5b.php 第 59 行.
NOTIC: [8] Use of undefined constant cellphone - assumed 'cellphone' /Library/WebServer/Documents/vueshopserver/Admin/Runtime/Cache/Home/0ffcf880e3b2f8acc029a8ec7d72ca5b.php 第 59 行.
NOTIC: [8] Use of undefined constant cellphone - assumed 'cellphone' /Library/WebServer/Documents/vueshopserver/Admin/Runtime/Cache/Home/0ffcf880e3b2f8acc029a8ec7d72ca5b.php 第 59 行.
INFO: Run Behavior\ParseTemplateBehavior [ RunTime:0.018622s ]
INFO: [ view_parse ] --END-- [ RunTime:0.018650s ]
INFO: [ view_filter ] --START--
INFO: Run Behavior\WriteHtmlCacheBehavior [ RunTime:0.000225s ]
INFO: [ view_filter ] --END-- [ RunTime:0.000244s ]
INFO: [ app_end ] --START--
INFO: Run Behavior\ShowPageTraceBehavior [ RunTime:0.000536s ]
INFO: [ app_end ] --END-- [ RunTime:0.000558s ]

